[2025-02-15T08:12:33.522+0000] {processor.py:186} INFO - Started process (PID=199) to work on /opt/airflow/dags/my_first_dag.py
[2025-02-15T08:12:33.539+0000] {processor.py:914} INFO - Processing file /opt/airflow/dags/my_first_dag.py for tasks to queue
[2025-02-15T08:12:33.544+0000] {logging_mixin.py:190} INFO - [2025-02-15T08:12:33.544+0000] {dagbag.py:588} INFO - Filling up the DagBag from /opt/airflow/dags/my_first_dag.py
[2025-02-15T08:12:33.614+0000] {processor.py:925} INFO - DAG(s) 'my_first_dag' retrieved from /opt/airflow/dags/my_first_dag.py
[2025-02-15T08:12:34.035+0000] {logging_mixin.py:190} INFO - [2025-02-15T08:12:34.035+0000] {dag.py:3239} INFO - Sync 1 DAGs
[2025-02-15T08:12:34.155+0000] {logging_mixin.py:190} INFO - [2025-02-15T08:12:34.151+0000] {dag.py:4180} INFO - Setting next_dagrun for my_first_dag to None, run_after=None
[2025-02-15T08:12:34.293+0000] {processor.py:208} INFO - Processing /opt/airflow/dags/my_first_dag.py took 0.779 seconds
[2025-02-15T08:13:20.086+0000] {processor.py:186} INFO - Started process (PID=561) to work on /opt/airflow/dags/my_first_dag.py
[2025-02-15T08:13:20.090+0000] {processor.py:914} INFO - Processing file /opt/airflow/dags/my_first_dag.py for tasks to queue
[2025-02-15T08:13:20.099+0000] {logging_mixin.py:190} INFO - [2025-02-15T08:13:20.098+0000] {dagbag.py:588} INFO - Filling up the DagBag from /opt/airflow/dags/my_first_dag.py
[2025-02-15T08:13:20.133+0000] {processor.py:925} INFO - DAG(s) 'my_first_dag' retrieved from /opt/airflow/dags/my_first_dag.py
[2025-02-15T08:13:20.196+0000] {logging_mixin.py:190} INFO - [2025-02-15T08:13:20.195+0000] {dag.py:3239} INFO - Sync 1 DAGs
[2025-02-15T08:13:20.281+0000] {logging_mixin.py:190} INFO - [2025-02-15T08:13:20.280+0000] {dag.py:4180} INFO - Setting next_dagrun for my_first_dag to None, run_after=None
[2025-02-15T08:13:20.379+0000] {processor.py:208} INFO - Processing /opt/airflow/dags/my_first_dag.py took 0.299 seconds
[2025-02-15T08:14:00.541+0000] {processor.py:186} INFO - Started process (PID=838) to work on /opt/airflow/dags/my_first_dag.py
[2025-02-15T08:14:00.542+0000] {processor.py:914} INFO - Processing file /opt/airflow/dags/my_first_dag.py for tasks to queue
[2025-02-15T08:14:00.546+0000] {logging_mixin.py:190} INFO - [2025-02-15T08:14:00.546+0000] {dagbag.py:588} INFO - Filling up the DagBag from /opt/airflow/dags/my_first_dag.py
[2025-02-15T08:14:00.597+0000] {processor.py:925} INFO - DAG(s) 'my_first_dag' retrieved from /opt/airflow/dags/my_first_dag.py
[2025-02-15T08:14:00.777+0000] {logging_mixin.py:190} INFO - [2025-02-15T08:14:00.777+0000] {dag.py:3239} INFO - Sync 1 DAGs
[2025-02-15T08:14:00.821+0000] {logging_mixin.py:190} INFO - [2025-02-15T08:14:00.820+0000] {dag.py:4180} INFO - Setting next_dagrun for my_first_dag to None, run_after=None
[2025-02-15T08:14:00.921+0000] {processor.py:208} INFO - Processing /opt/airflow/dags/my_first_dag.py took 0.450 seconds
[2025-02-15T08:14:35.891+0000] {processor.py:186} INFO - Started process (PID=1202) to work on /opt/airflow/dags/my_first_dag.py
[2025-02-15T08:14:35.903+0000] {processor.py:914} INFO - Processing file /opt/airflow/dags/my_first_dag.py for tasks to queue
[2025-02-15T08:14:35.915+0000] {logging_mixin.py:190} INFO - [2025-02-15T08:14:35.915+0000] {dagbag.py:588} INFO - Filling up the DagBag from /opt/airflow/dags/my_first_dag.py
[2025-02-15T08:14:35.969+0000] {processor.py:925} INFO - DAG(s) 'my_first_dag' retrieved from /opt/airflow/dags/my_first_dag.py
[2025-02-15T08:14:36.255+0000] {logging_mixin.py:190} INFO - [2025-02-15T08:14:36.254+0000] {dag.py:3239} INFO - Sync 1 DAGs
[2025-02-15T08:14:36.428+0000] {logging_mixin.py:190} INFO - [2025-02-15T08:14:36.428+0000] {dag.py:4180} INFO - Setting next_dagrun for my_first_dag to None, run_after=None
[2025-02-15T08:14:36.511+0000] {processor.py:208} INFO - Processing /opt/airflow/dags/my_first_dag.py took 0.637 seconds
[2025-02-15T08:15:07.680+0000] {processor.py:186} INFO - Started process (PID=1579) to work on /opt/airflow/dags/my_first_dag.py
[2025-02-15T08:15:07.681+0000] {processor.py:914} INFO - Processing file /opt/airflow/dags/my_first_dag.py for tasks to queue
[2025-02-15T08:15:07.688+0000] {logging_mixin.py:190} INFO - [2025-02-15T08:15:07.688+0000] {dagbag.py:588} INFO - Filling up the DagBag from /opt/airflow/dags/my_first_dag.py
[2025-02-15T08:15:07.725+0000] {processor.py:925} INFO - DAG(s) 'my_first_dag' retrieved from /opt/airflow/dags/my_first_dag.py
[2025-02-15T08:15:07.849+0000] {logging_mixin.py:190} INFO - [2025-02-15T08:15:07.849+0000] {dag.py:3239} INFO - Sync 1 DAGs
[2025-02-15T08:15:07.905+0000] {logging_mixin.py:190} INFO - [2025-02-15T08:15:07.905+0000] {dag.py:4180} INFO - Setting next_dagrun for my_first_dag to None, run_after=None
[2025-02-15T08:15:07.967+0000] {processor.py:208} INFO - Processing /opt/airflow/dags/my_first_dag.py took 0.299 seconds
[2025-02-15T08:15:38.541+0000] {processor.py:186} INFO - Started process (PID=1944) to work on /opt/airflow/dags/my_first_dag.py
[2025-02-15T08:15:38.542+0000] {processor.py:914} INFO - Processing file /opt/airflow/dags/my_first_dag.py for tasks to queue
[2025-02-15T08:15:38.545+0000] {logging_mixin.py:190} INFO - [2025-02-15T08:15:38.545+0000] {dagbag.py:588} INFO - Filling up the DagBag from /opt/airflow/dags/my_first_dag.py
[2025-02-15T08:15:38.552+0000] {processor.py:925} INFO - DAG(s) 'my_first_dag' retrieved from /opt/airflow/dags/my_first_dag.py
[2025-02-15T08:15:38.571+0000] {logging_mixin.py:190} INFO - [2025-02-15T08:15:38.571+0000] {dag.py:3239} INFO - Sync 1 DAGs
[2025-02-15T08:15:38.587+0000] {logging_mixin.py:190} INFO - [2025-02-15T08:15:38.587+0000] {dag.py:4180} INFO - Setting next_dagrun for my_first_dag to None, run_after=None
[2025-02-15T08:15:38.604+0000] {processor.py:208} INFO - Processing /opt/airflow/dags/my_first_dag.py took 0.068 seconds
[2025-02-15T08:16:09.013+0000] {processor.py:186} INFO - Started process (PID=2261) to work on /opt/airflow/dags/my_first_dag.py
[2025-02-15T08:16:09.013+0000] {processor.py:914} INFO - Processing file /opt/airflow/dags/my_first_dag.py for tasks to queue
[2025-02-15T08:16:09.016+0000] {logging_mixin.py:190} INFO - [2025-02-15T08:16:09.016+0000] {dagbag.py:588} INFO - Filling up the DagBag from /opt/airflow/dags/my_first_dag.py
[2025-02-15T08:16:09.029+0000] {processor.py:925} INFO - DAG(s) 'my_first_dag' retrieved from /opt/airflow/dags/my_first_dag.py
[2025-02-15T08:16:09.049+0000] {logging_mixin.py:190} INFO - [2025-02-15T08:16:09.048+0000] {dag.py:3239} INFO - Sync 1 DAGs
[2025-02-15T08:16:09.064+0000] {logging_mixin.py:190} INFO - [2025-02-15T08:16:09.064+0000] {dag.py:4180} INFO - Setting next_dagrun for my_first_dag to None, run_after=None
[2025-02-15T08:16:09.091+0000] {processor.py:208} INFO - Processing /opt/airflow/dags/my_first_dag.py took 0.084 seconds
[2025-02-15T08:16:39.678+0000] {processor.py:186} INFO - Started process (PID=2587) to work on /opt/airflow/dags/my_first_dag.py
[2025-02-15T08:16:39.679+0000] {processor.py:914} INFO - Processing file /opt/airflow/dags/my_first_dag.py for tasks to queue
[2025-02-15T08:16:39.682+0000] {logging_mixin.py:190} INFO - [2025-02-15T08:16:39.681+0000] {dagbag.py:588} INFO - Filling up the DagBag from /opt/airflow/dags/my_first_dag.py
[2025-02-15T08:16:39.688+0000] {processor.py:925} INFO - DAG(s) 'my_first_dag' retrieved from /opt/airflow/dags/my_first_dag.py
[2025-02-15T08:16:39.708+0000] {logging_mixin.py:190} INFO - [2025-02-15T08:16:39.708+0000] {dag.py:3239} INFO - Sync 1 DAGs
[2025-02-15T08:16:39.724+0000] {logging_mixin.py:190} INFO - [2025-02-15T08:16:39.723+0000] {dag.py:4180} INFO - Setting next_dagrun for my_first_dag to None, run_after=None
[2025-02-15T08:16:39.744+0000] {processor.py:208} INFO - Processing /opt/airflow/dags/my_first_dag.py took 0.072 seconds
[2025-02-15T08:17:10.139+0000] {processor.py:186} INFO - Started process (PID=2894) to work on /opt/airflow/dags/my_first_dag.py
[2025-02-15T08:17:10.140+0000] {processor.py:914} INFO - Processing file /opt/airflow/dags/my_first_dag.py for tasks to queue
[2025-02-15T08:17:10.143+0000] {logging_mixin.py:190} INFO - [2025-02-15T08:17:10.142+0000] {dagbag.py:588} INFO - Filling up the DagBag from /opt/airflow/dags/my_first_dag.py
[2025-02-15T08:17:10.149+0000] {processor.py:925} INFO - DAG(s) 'my_first_dag' retrieved from /opt/airflow/dags/my_first_dag.py
[2025-02-15T08:17:10.168+0000] {logging_mixin.py:190} INFO - [2025-02-15T08:17:10.167+0000] {dag.py:3239} INFO - Sync 1 DAGs
[2025-02-15T08:17:10.184+0000] {logging_mixin.py:190} INFO - [2025-02-15T08:17:10.184+0000] {dag.py:4180} INFO - Setting next_dagrun for my_first_dag to None, run_after=None
[2025-02-15T08:17:10.201+0000] {processor.py:208} INFO - Processing /opt/airflow/dags/my_first_dag.py took 0.068 seconds
[2025-02-15T08:17:40.838+0000] {processor.py:186} INFO - Started process (PID=3220) to work on /opt/airflow/dags/my_first_dag.py
[2025-02-15T08:17:40.839+0000] {processor.py:914} INFO - Processing file /opt/airflow/dags/my_first_dag.py for tasks to queue
[2025-02-15T08:17:40.841+0000] {logging_mixin.py:190} INFO - [2025-02-15T08:17:40.840+0000] {dagbag.py:588} INFO - Filling up the DagBag from /opt/airflow/dags/my_first_dag.py
[2025-02-15T08:17:40.848+0000] {processor.py:925} INFO - DAG(s) 'my_first_dag' retrieved from /opt/airflow/dags/my_first_dag.py
[2025-02-15T08:17:40.867+0000] {logging_mixin.py:190} INFO - [2025-02-15T08:17:40.866+0000] {dag.py:3239} INFO - Sync 1 DAGs
[2025-02-15T08:17:40.882+0000] {logging_mixin.py:190} INFO - [2025-02-15T08:17:40.881+0000] {dag.py:4180} INFO - Setting next_dagrun for my_first_dag to None, run_after=None
[2025-02-15T08:17:40.894+0000] {processor.py:208} INFO - Processing /opt/airflow/dags/my_first_dag.py took 0.063 seconds
[2025-02-15T08:18:11.675+0000] {processor.py:186} INFO - Started process (PID=3530) to work on /opt/airflow/dags/my_first_dag.py
[2025-02-15T08:18:11.676+0000] {processor.py:914} INFO - Processing file /opt/airflow/dags/my_first_dag.py for tasks to queue
[2025-02-15T08:18:11.677+0000] {logging_mixin.py:190} INFO - [2025-02-15T08:18:11.677+0000] {dagbag.py:588} INFO - Filling up the DagBag from /opt/airflow/dags/my_first_dag.py
[2025-02-15T08:18:11.687+0000] {processor.py:925} INFO - DAG(s) 'my_first_dag' retrieved from /opt/airflow/dags/my_first_dag.py
[2025-02-15T08:18:11.759+0000] {logging_mixin.py:190} INFO - [2025-02-15T08:18:11.759+0000] {dag.py:3239} INFO - Sync 1 DAGs
[2025-02-15T08:18:11.778+0000] {logging_mixin.py:190} INFO - [2025-02-15T08:18:11.778+0000] {dag.py:4180} INFO - Setting next_dagrun for my_first_dag to None, run_after=None
[2025-02-15T08:18:11.793+0000] {processor.py:208} INFO - Processing /opt/airflow/dags/my_first_dag.py took 0.124 seconds
[2025-02-15T08:18:42.016+0000] {processor.py:186} INFO - Started process (PID=3836) to work on /opt/airflow/dags/my_first_dag.py
[2025-02-15T08:18:42.016+0000] {processor.py:914} INFO - Processing file /opt/airflow/dags/my_first_dag.py for tasks to queue
[2025-02-15T08:18:42.018+0000] {logging_mixin.py:190} INFO - [2025-02-15T08:18:42.017+0000] {dagbag.py:588} INFO - Filling up the DagBag from /opt/airflow/dags/my_first_dag.py
[2025-02-15T08:18:42.024+0000] {processor.py:925} INFO - DAG(s) 'my_first_dag' retrieved from /opt/airflow/dags/my_first_dag.py
[2025-02-15T08:18:42.042+0000] {logging_mixin.py:190} INFO - [2025-02-15T08:18:42.042+0000] {dag.py:3239} INFO - Sync 1 DAGs
[2025-02-15T08:18:42.072+0000] {logging_mixin.py:190} INFO - [2025-02-15T08:18:42.071+0000] {dag.py:4180} INFO - Setting next_dagrun for my_first_dag to None, run_after=None
[2025-02-15T08:18:42.088+0000] {processor.py:208} INFO - Processing /opt/airflow/dags/my_first_dag.py took 0.078 seconds
[2025-02-15T08:19:12.214+0000] {processor.py:186} INFO - Started process (PID=4143) to work on /opt/airflow/dags/my_first_dag.py
[2025-02-15T08:19:12.215+0000] {processor.py:914} INFO - Processing file /opt/airflow/dags/my_first_dag.py for tasks to queue
[2025-02-15T08:19:12.216+0000] {logging_mixin.py:190} INFO - [2025-02-15T08:19:12.216+0000] {dagbag.py:588} INFO - Filling up the DagBag from /opt/airflow/dags/my_first_dag.py
[2025-02-15T08:19:12.223+0000] {processor.py:925} INFO - DAG(s) 'my_first_dag' retrieved from /opt/airflow/dags/my_first_dag.py
[2025-02-15T08:19:12.242+0000] {logging_mixin.py:190} INFO - [2025-02-15T08:19:12.242+0000] {dag.py:3239} INFO - Sync 1 DAGs
[2025-02-15T08:19:12.260+0000] {logging_mixin.py:190} INFO - [2025-02-15T08:19:12.259+0000] {dag.py:4180} INFO - Setting next_dagrun for my_first_dag to None, run_after=None
[2025-02-15T08:19:12.281+0000] {processor.py:208} INFO - Processing /opt/airflow/dags/my_first_dag.py took 0.073 seconds
[2025-02-15T08:19:42.691+0000] {processor.py:186} INFO - Started process (PID=4445) to work on /opt/airflow/dags/my_first_dag.py
[2025-02-15T08:19:42.692+0000] {processor.py:914} INFO - Processing file /opt/airflow/dags/my_first_dag.py for tasks to queue
[2025-02-15T08:19:42.693+0000] {logging_mixin.py:190} INFO - [2025-02-15T08:19:42.693+0000] {dagbag.py:588} INFO - Filling up the DagBag from /opt/airflow/dags/my_first_dag.py
[2025-02-15T08:19:42.700+0000] {processor.py:925} INFO - DAG(s) 'my_first_dag' retrieved from /opt/airflow/dags/my_first_dag.py
[2025-02-15T08:19:42.722+0000] {logging_mixin.py:190} INFO - [2025-02-15T08:19:42.722+0000] {dag.py:3239} INFO - Sync 1 DAGs
[2025-02-15T08:19:42.741+0000] {logging_mixin.py:190} INFO - [2025-02-15T08:19:42.741+0000] {dag.py:4180} INFO - Setting next_dagrun for my_first_dag to None, run_after=None
[2025-02-15T08:19:42.777+0000] {processor.py:208} INFO - Processing /opt/airflow/dags/my_first_dag.py took 0.092 seconds
[2025-02-15T08:20:13.000+0000] {processor.py:186} INFO - Started process (PID=4751) to work on /opt/airflow/dags/my_first_dag.py
[2025-02-15T08:20:13.001+0000] {processor.py:914} INFO - Processing file /opt/airflow/dags/my_first_dag.py for tasks to queue
[2025-02-15T08:20:13.003+0000] {logging_mixin.py:190} INFO - [2025-02-15T08:20:13.002+0000] {dagbag.py:588} INFO - Filling up the DagBag from /opt/airflow/dags/my_first_dag.py
[2025-02-15T08:20:13.009+0000] {processor.py:925} INFO - DAG(s) 'my_first_dag' retrieved from /opt/airflow/dags/my_first_dag.py
[2025-02-15T08:20:13.031+0000] {logging_mixin.py:190} INFO - [2025-02-15T08:20:13.031+0000] {dag.py:3239} INFO - Sync 1 DAGs
[2025-02-15T08:20:13.048+0000] {logging_mixin.py:190} INFO - [2025-02-15T08:20:13.047+0000] {dag.py:4180} INFO - Setting next_dagrun for my_first_dag to None, run_after=None
[2025-02-15T08:20:13.064+0000] {processor.py:208} INFO - Processing /opt/airflow/dags/my_first_dag.py took 0.069 seconds
[2025-02-15T08:20:43.841+0000] {processor.py:186} INFO - Started process (PID=5056) to work on /opt/airflow/dags/my_first_dag.py
[2025-02-15T08:20:43.842+0000] {processor.py:914} INFO - Processing file /opt/airflow/dags/my_first_dag.py for tasks to queue
[2025-02-15T08:20:43.843+0000] {logging_mixin.py:190} INFO - [2025-02-15T08:20:43.842+0000] {dagbag.py:588} INFO - Filling up the DagBag from /opt/airflow/dags/my_first_dag.py
[2025-02-15T08:20:43.849+0000] {processor.py:925} INFO - DAG(s) 'my_first_dag' retrieved from /opt/airflow/dags/my_first_dag.py
[2025-02-15T08:20:43.868+0000] {logging_mixin.py:190} INFO - [2025-02-15T08:20:43.868+0000] {dag.py:3239} INFO - Sync 1 DAGs
[2025-02-15T08:20:43.885+0000] {logging_mixin.py:190} INFO - [2025-02-15T08:20:43.885+0000] {dag.py:4180} INFO - Setting next_dagrun for my_first_dag to None, run_after=None
[2025-02-15T08:20:43.904+0000] {processor.py:208} INFO - Processing /opt/airflow/dags/my_first_dag.py took 0.069 seconds
[2025-02-15T08:21:14.668+0000] {processor.py:186} INFO - Started process (PID=5368) to work on /opt/airflow/dags/my_first_dag.py
[2025-02-15T08:21:14.669+0000] {processor.py:914} INFO - Processing file /opt/airflow/dags/my_first_dag.py for tasks to queue
[2025-02-15T08:21:14.671+0000] {logging_mixin.py:190} INFO - [2025-02-15T08:21:14.670+0000] {dagbag.py:588} INFO - Filling up the DagBag from /opt/airflow/dags/my_first_dag.py
[2025-02-15T08:21:14.677+0000] {processor.py:925} INFO - DAG(s) 'my_first_dag' retrieved from /opt/airflow/dags/my_first_dag.py
[2025-02-15T08:21:14.698+0000] {logging_mixin.py:190} INFO - [2025-02-15T08:21:14.697+0000] {dag.py:3239} INFO - Sync 1 DAGs
[2025-02-15T08:21:14.714+0000] {logging_mixin.py:190} INFO - [2025-02-15T08:21:14.713+0000] {dag.py:4180} INFO - Setting next_dagrun for my_first_dag to None, run_after=None
[2025-02-15T08:21:14.730+0000] {processor.py:208} INFO - Processing /opt/airflow/dags/my_first_dag.py took 0.067 seconds
[2025-02-15T08:21:45.011+0000] {processor.py:186} INFO - Started process (PID=5623) to work on /opt/airflow/dags/my_first_dag.py
[2025-02-15T08:21:45.012+0000] {processor.py:914} INFO - Processing file /opt/airflow/dags/my_first_dag.py for tasks to queue
[2025-02-15T08:21:45.013+0000] {logging_mixin.py:190} INFO - [2025-02-15T08:21:45.013+0000] {dagbag.py:588} INFO - Filling up the DagBag from /opt/airflow/dags/my_first_dag.py
[2025-02-15T08:21:45.026+0000] {processor.py:925} INFO - DAG(s) 'my_first_dag' retrieved from /opt/airflow/dags/my_first_dag.py
[2025-02-15T08:21:45.051+0000] {logging_mixin.py:190} INFO - [2025-02-15T08:21:45.051+0000] {dag.py:3239} INFO - Sync 1 DAGs
[2025-02-15T08:21:45.079+0000] {logging_mixin.py:190} INFO - [2025-02-15T08:21:45.079+0000] {dag.py:4180} INFO - Setting next_dagrun for my_first_dag to None, run_after=None
[2025-02-15T08:21:45.116+0000] {processor.py:208} INFO - Processing /opt/airflow/dags/my_first_dag.py took 0.115 seconds
[2025-02-15T08:22:16.336+0000] {processor.py:186} INFO - Started process (PID=5912) to work on /opt/airflow/dags/my_first_dag.py
[2025-02-15T08:22:16.336+0000] {processor.py:914} INFO - Processing file /opt/airflow/dags/my_first_dag.py for tasks to queue
[2025-02-15T08:22:16.338+0000] {logging_mixin.py:190} INFO - [2025-02-15T08:22:16.337+0000] {dagbag.py:588} INFO - Filling up the DagBag from /opt/airflow/dags/my_first_dag.py
[2025-02-15T08:22:16.344+0000] {processor.py:925} INFO - DAG(s) 'my_first_dag' retrieved from /opt/airflow/dags/my_first_dag.py
[2025-02-15T08:22:16.363+0000] {logging_mixin.py:190} INFO - [2025-02-15T08:22:16.363+0000] {dag.py:3239} INFO - Sync 1 DAGs
[2025-02-15T08:22:16.380+0000] {logging_mixin.py:190} INFO - [2025-02-15T08:22:16.380+0000] {dag.py:4180} INFO - Setting next_dagrun for my_first_dag to None, run_after=None
[2025-02-15T08:22:16.396+0000] {processor.py:208} INFO - Processing /opt/airflow/dags/my_first_dag.py took 0.066 seconds
[2025-02-15T08:22:47.757+0000] {processor.py:186} INFO - Started process (PID=6229) to work on /opt/airflow/dags/my_first_dag.py
[2025-02-15T08:22:47.758+0000] {processor.py:914} INFO - Processing file /opt/airflow/dags/my_first_dag.py for tasks to queue
[2025-02-15T08:22:47.759+0000] {logging_mixin.py:190} INFO - [2025-02-15T08:22:47.759+0000] {dagbag.py:588} INFO - Filling up the DagBag from /opt/airflow/dags/my_first_dag.py
[2025-02-15T08:22:47.766+0000] {processor.py:925} INFO - DAG(s) 'my_first_dag' retrieved from /opt/airflow/dags/my_first_dag.py
[2025-02-15T08:22:47.785+0000] {logging_mixin.py:190} INFO - [2025-02-15T08:22:47.785+0000] {dag.py:3239} INFO - Sync 1 DAGs
[2025-02-15T08:22:47.802+0000] {logging_mixin.py:190} INFO - [2025-02-15T08:22:47.802+0000] {dag.py:4180} INFO - Setting next_dagrun for my_first_dag to None, run_after=None
[2025-02-15T08:22:47.819+0000] {processor.py:208} INFO - Processing /opt/airflow/dags/my_first_dag.py took 0.069 seconds
[2025-02-15T08:23:18.139+0000] {processor.py:186} INFO - Started process (PID=6498) to work on /opt/airflow/dags/my_first_dag.py
[2025-02-15T08:23:18.140+0000] {processor.py:914} INFO - Processing file /opt/airflow/dags/my_first_dag.py for tasks to queue
[2025-02-15T08:23:18.141+0000] {logging_mixin.py:190} INFO - [2025-02-15T08:23:18.140+0000] {dagbag.py:588} INFO - Filling up the DagBag from /opt/airflow/dags/my_first_dag.py
[2025-02-15T08:23:18.147+0000] {processor.py:925} INFO - DAG(s) 'my_first_dag' retrieved from /opt/airflow/dags/my_first_dag.py
[2025-02-15T08:23:18.169+0000] {logging_mixin.py:190} INFO - [2025-02-15T08:23:18.169+0000] {dag.py:3239} INFO - Sync 1 DAGs
[2025-02-15T08:23:18.186+0000] {logging_mixin.py:190} INFO - [2025-02-15T08:23:18.186+0000] {dag.py:4180} INFO - Setting next_dagrun for my_first_dag to None, run_after=None
[2025-02-15T08:23:18.203+0000] {processor.py:208} INFO - Processing /opt/airflow/dags/my_first_dag.py took 0.071 seconds
[2025-02-15T08:23:48.561+0000] {processor.py:186} INFO - Started process (PID=6793) to work on /opt/airflow/dags/my_first_dag.py
[2025-02-15T08:23:48.561+0000] {processor.py:914} INFO - Processing file /opt/airflow/dags/my_first_dag.py for tasks to queue
[2025-02-15T08:23:48.563+0000] {logging_mixin.py:190} INFO - [2025-02-15T08:23:48.563+0000] {dagbag.py:588} INFO - Filling up the DagBag from /opt/airflow/dags/my_first_dag.py
[2025-02-15T08:23:48.569+0000] {processor.py:925} INFO - DAG(s) 'my_first_dag' retrieved from /opt/airflow/dags/my_first_dag.py
[2025-02-15T08:23:48.587+0000] {logging_mixin.py:190} INFO - [2025-02-15T08:23:48.587+0000] {dag.py:3239} INFO - Sync 1 DAGs
[2025-02-15T08:23:48.603+0000] {logging_mixin.py:190} INFO - [2025-02-15T08:23:48.602+0000] {dag.py:4180} INFO - Setting next_dagrun for my_first_dag to None, run_after=None
[2025-02-15T08:23:48.629+0000] {processor.py:208} INFO - Processing /opt/airflow/dags/my_first_dag.py took 0.074 seconds
[2025-02-15T08:24:19.350+0000] {processor.py:186} INFO - Started process (PID=7120) to work on /opt/airflow/dags/my_first_dag.py
[2025-02-15T08:24:19.351+0000] {processor.py:914} INFO - Processing file /opt/airflow/dags/my_first_dag.py for tasks to queue
[2025-02-15T08:24:19.352+0000] {logging_mixin.py:190} INFO - [2025-02-15T08:24:19.351+0000] {dagbag.py:588} INFO - Filling up the DagBag from /opt/airflow/dags/my_first_dag.py
[2025-02-15T08:24:19.358+0000] {processor.py:925} INFO - DAG(s) 'my_first_dag' retrieved from /opt/airflow/dags/my_first_dag.py
[2025-02-15T08:24:19.376+0000] {logging_mixin.py:190} INFO - [2025-02-15T08:24:19.375+0000] {dag.py:3239} INFO - Sync 1 DAGs
[2025-02-15T08:24:19.392+0000] {logging_mixin.py:190} INFO - [2025-02-15T08:24:19.392+0000] {dag.py:4180} INFO - Setting next_dagrun for my_first_dag to None, run_after=None
[2025-02-15T08:24:19.409+0000] {processor.py:208} INFO - Processing /opt/airflow/dags/my_first_dag.py took 0.066 seconds
[2025-02-15T08:24:49.886+0000] {processor.py:186} INFO - Started process (PID=7426) to work on /opt/airflow/dags/my_first_dag.py
[2025-02-15T08:24:49.887+0000] {processor.py:914} INFO - Processing file /opt/airflow/dags/my_first_dag.py for tasks to queue
[2025-02-15T08:24:49.888+0000] {logging_mixin.py:190} INFO - [2025-02-15T08:24:49.888+0000] {dagbag.py:588} INFO - Filling up the DagBag from /opt/airflow/dags/my_first_dag.py
[2025-02-15T08:24:49.895+0000] {processor.py:925} INFO - DAG(s) 'my_first_dag' retrieved from /opt/airflow/dags/my_first_dag.py
[2025-02-15T08:24:49.917+0000] {logging_mixin.py:190} INFO - [2025-02-15T08:24:49.917+0000] {dag.py:3239} INFO - Sync 1 DAGs
[2025-02-15T08:24:49.932+0000] {logging_mixin.py:190} INFO - [2025-02-15T08:24:49.932+0000] {dag.py:4180} INFO - Setting next_dagrun for my_first_dag to None, run_after=None
[2025-02-15T08:24:49.961+0000] {processor.py:208} INFO - Processing /opt/airflow/dags/my_first_dag.py took 0.082 seconds
[2025-02-15T08:25:20.462+0000] {processor.py:186} INFO - Started process (PID=7708) to work on /opt/airflow/dags/my_first_dag.py
[2025-02-15T08:25:20.466+0000] {processor.py:914} INFO - Processing file /opt/airflow/dags/my_first_dag.py for tasks to queue
[2025-02-15T08:25:20.468+0000] {logging_mixin.py:190} INFO - [2025-02-15T08:25:20.467+0000] {dagbag.py:588} INFO - Filling up the DagBag from /opt/airflow/dags/my_first_dag.py
[2025-02-15T08:25:20.482+0000] {processor.py:925} INFO - DAG(s) 'my_first_dag' retrieved from /opt/airflow/dags/my_first_dag.py
[2025-02-15T08:25:20.515+0000] {logging_mixin.py:190} INFO - [2025-02-15T08:25:20.515+0000] {dag.py:3239} INFO - Sync 1 DAGs
[2025-02-15T08:25:20.540+0000] {logging_mixin.py:190} INFO - [2025-02-15T08:25:20.540+0000] {dag.py:4180} INFO - Setting next_dagrun for my_first_dag to None, run_after=None
[2025-02-15T08:25:20.572+0000] {processor.py:208} INFO - Processing /opt/airflow/dags/my_first_dag.py took 0.119 seconds
[2025-02-15T08:25:51.282+0000] {processor.py:186} INFO - Started process (PID=8001) to work on /opt/airflow/dags/my_first_dag.py
[2025-02-15T08:25:51.283+0000] {processor.py:914} INFO - Processing file /opt/airflow/dags/my_first_dag.py for tasks to queue
[2025-02-15T08:25:51.285+0000] {logging_mixin.py:190} INFO - [2025-02-15T08:25:51.284+0000] {dagbag.py:588} INFO - Filling up the DagBag from /opt/airflow/dags/my_first_dag.py
[2025-02-15T08:25:51.291+0000] {processor.py:925} INFO - DAG(s) 'my_first_dag' retrieved from /opt/airflow/dags/my_first_dag.py
[2025-02-15T08:25:51.314+0000] {logging_mixin.py:190} INFO - [2025-02-15T08:25:51.314+0000] {dag.py:3239} INFO - Sync 1 DAGs
[2025-02-15T08:25:51.331+0000] {logging_mixin.py:190} INFO - [2025-02-15T08:25:51.330+0000] {dag.py:4180} INFO - Setting next_dagrun for my_first_dag to None, run_after=None
[2025-02-15T08:25:51.349+0000] {processor.py:208} INFO - Processing /opt/airflow/dags/my_first_dag.py took 0.072 seconds
[2025-02-15T08:26:21.863+0000] {processor.py:186} INFO - Started process (PID=8311) to work on /opt/airflow/dags/my_first_dag.py
[2025-02-15T08:26:21.864+0000] {processor.py:914} INFO - Processing file /opt/airflow/dags/my_first_dag.py for tasks to queue
[2025-02-15T08:26:21.865+0000] {logging_mixin.py:190} INFO - [2025-02-15T08:26:21.864+0000] {dagbag.py:588} INFO - Filling up the DagBag from /opt/airflow/dags/my_first_dag.py
[2025-02-15T08:26:21.871+0000] {processor.py:925} INFO - DAG(s) 'my_first_dag' retrieved from /opt/airflow/dags/my_first_dag.py
[2025-02-15T08:26:21.889+0000] {logging_mixin.py:190} INFO - [2025-02-15T08:26:21.889+0000] {dag.py:3239} INFO - Sync 1 DAGs
[2025-02-15T08:26:21.905+0000] {logging_mixin.py:190} INFO - [2025-02-15T08:26:21.905+0000] {dag.py:4180} INFO - Setting next_dagrun for my_first_dag to None, run_after=None
[2025-02-15T08:26:21.922+0000] {processor.py:208} INFO - Processing /opt/airflow/dags/my_first_dag.py took 0.065 seconds
[2025-02-15T08:26:52.169+0000] {processor.py:186} INFO - Started process (PID=8642) to work on /opt/airflow/dags/my_first_dag.py
[2025-02-15T08:26:52.170+0000] {processor.py:914} INFO - Processing file /opt/airflow/dags/my_first_dag.py for tasks to queue
[2025-02-15T08:26:52.171+0000] {logging_mixin.py:190} INFO - [2025-02-15T08:26:52.171+0000] {dagbag.py:588} INFO - Filling up the DagBag from /opt/airflow/dags/my_first_dag.py
[2025-02-15T08:26:52.178+0000] {processor.py:925} INFO - DAG(s) 'my_first_dag' retrieved from /opt/airflow/dags/my_first_dag.py
[2025-02-15T08:26:52.196+0000] {logging_mixin.py:190} INFO - [2025-02-15T08:26:52.195+0000] {dag.py:3239} INFO - Sync 1 DAGs
[2025-02-15T08:26:52.213+0000] {logging_mixin.py:190} INFO - [2025-02-15T08:26:52.212+0000] {dag.py:4180} INFO - Setting next_dagrun for my_first_dag to None, run_after=None
[2025-02-15T08:26:52.228+0000] {processor.py:208} INFO - Processing /opt/airflow/dags/my_first_dag.py took 0.071 seconds
[2025-02-15T08:27:22.677+0000] {processor.py:186} INFO - Started process (PID=8957) to work on /opt/airflow/dags/my_first_dag.py
[2025-02-15T08:27:22.678+0000] {processor.py:914} INFO - Processing file /opt/airflow/dags/my_first_dag.py for tasks to queue
[2025-02-15T08:27:22.680+0000] {logging_mixin.py:190} INFO - [2025-02-15T08:27:22.680+0000] {dagbag.py:588} INFO - Filling up the DagBag from /opt/airflow/dags/my_first_dag.py
[2025-02-15T08:27:22.686+0000] {processor.py:925} INFO - DAG(s) 'my_first_dag' retrieved from /opt/airflow/dags/my_first_dag.py
[2025-02-15T08:27:22.705+0000] {logging_mixin.py:190} INFO - [2025-02-15T08:27:22.704+0000] {dag.py:3239} INFO - Sync 1 DAGs
[2025-02-15T08:27:22.720+0000] {logging_mixin.py:190} INFO - [2025-02-15T08:27:22.720+0000] {dag.py:4180} INFO - Setting next_dagrun for my_first_dag to None, run_after=None
[2025-02-15T08:27:22.738+0000] {processor.py:208} INFO - Processing /opt/airflow/dags/my_first_dag.py took 0.066 seconds
[2025-02-15T08:27:53.049+0000] {processor.py:186} INFO - Started process (PID=9264) to work on /opt/airflow/dags/my_first_dag.py
[2025-02-15T08:27:53.050+0000] {processor.py:914} INFO - Processing file /opt/airflow/dags/my_first_dag.py for tasks to queue
[2025-02-15T08:27:53.051+0000] {logging_mixin.py:190} INFO - [2025-02-15T08:27:53.051+0000] {dagbag.py:588} INFO - Filling up the DagBag from /opt/airflow/dags/my_first_dag.py
[2025-02-15T08:27:53.058+0000] {processor.py:925} INFO - DAG(s) 'my_first_dag' retrieved from /opt/airflow/dags/my_first_dag.py
[2025-02-15T08:27:53.076+0000] {logging_mixin.py:190} INFO - [2025-02-15T08:27:53.076+0000] {dag.py:3239} INFO - Sync 1 DAGs
[2025-02-15T08:27:53.094+0000] {logging_mixin.py:190} INFO - [2025-02-15T08:27:53.094+0000] {dag.py:4180} INFO - Setting next_dagrun for my_first_dag to None, run_after=None
[2025-02-15T08:27:53.110+0000] {processor.py:208} INFO - Processing /opt/airflow/dags/my_first_dag.py took 0.067 seconds
[2025-02-15T08:28:23.390+0000] {processor.py:186} INFO - Started process (PID=9569) to work on /opt/airflow/dags/my_first_dag.py
[2025-02-15T08:28:23.391+0000] {processor.py:914} INFO - Processing file /opt/airflow/dags/my_first_dag.py for tasks to queue
[2025-02-15T08:28:23.399+0000] {logging_mixin.py:190} INFO - [2025-02-15T08:28:23.399+0000] {dagbag.py:588} INFO - Filling up the DagBag from /opt/airflow/dags/my_first_dag.py
[2025-02-15T08:28:23.406+0000] {processor.py:925} INFO - DAG(s) 'my_first_dag' retrieved from /opt/airflow/dags/my_first_dag.py
[2025-02-15T08:28:23.423+0000] {logging_mixin.py:190} INFO - [2025-02-15T08:28:23.423+0000] {dag.py:3239} INFO - Sync 1 DAGs
[2025-02-15T08:28:23.439+0000] {logging_mixin.py:190} INFO - [2025-02-15T08:28:23.439+0000] {dag.py:4180} INFO - Setting next_dagrun for my_first_dag to None, run_after=None
[2025-02-15T08:28:23.455+0000] {processor.py:208} INFO - Processing /opt/airflow/dags/my_first_dag.py took 0.076 seconds
[2025-02-15T08:28:53.778+0000] {processor.py:186} INFO - Started process (PID=9878) to work on /opt/airflow/dags/my_first_dag.py
[2025-02-15T08:28:53.779+0000] {processor.py:914} INFO - Processing file /opt/airflow/dags/my_first_dag.py for tasks to queue
[2025-02-15T08:28:53.781+0000] {logging_mixin.py:190} INFO - [2025-02-15T08:28:53.780+0000] {dagbag.py:588} INFO - Filling up the DagBag from /opt/airflow/dags/my_first_dag.py
[2025-02-15T08:28:53.794+0000] {processor.py:925} INFO - DAG(s) 'my_first_dag' retrieved from /opt/airflow/dags/my_first_dag.py
[2025-02-15T08:28:53.853+0000] {logging_mixin.py:190} INFO - [2025-02-15T08:28:53.853+0000] {dag.py:3239} INFO - Sync 1 DAGs
[2025-02-15T08:28:53.878+0000] {logging_mixin.py:190} INFO - [2025-02-15T08:28:53.877+0000] {dag.py:4180} INFO - Setting next_dagrun for my_first_dag to None, run_after=None
[2025-02-15T08:28:53.915+0000] {processor.py:208} INFO - Processing /opt/airflow/dags/my_first_dag.py took 0.142 seconds
[2025-02-15T08:29:24.235+0000] {processor.py:186} INFO - Started process (PID=10184) to work on /opt/airflow/dags/my_first_dag.py
[2025-02-15T08:29:24.236+0000] {processor.py:914} INFO - Processing file /opt/airflow/dags/my_first_dag.py for tasks to queue
[2025-02-15T08:29:24.243+0000] {logging_mixin.py:190} INFO - [2025-02-15T08:29:24.242+0000] {dagbag.py:588} INFO - Filling up the DagBag from /opt/airflow/dags/my_first_dag.py
[2025-02-15T08:29:24.260+0000] {processor.py:925} INFO - DAG(s) 'my_first_dag' retrieved from /opt/airflow/dags/my_first_dag.py
[2025-02-15T08:29:24.288+0000] {logging_mixin.py:190} INFO - [2025-02-15T08:29:24.288+0000] {dag.py:3239} INFO - Sync 1 DAGs
[2025-02-15T08:29:24.305+0000] {logging_mixin.py:190} INFO - [2025-02-15T08:29:24.305+0000] {dag.py:4180} INFO - Setting next_dagrun for my_first_dag to None, run_after=None
[2025-02-15T08:29:24.340+0000] {processor.py:208} INFO - Processing /opt/airflow/dags/my_first_dag.py took 0.112 seconds
[2025-02-15T08:29:54.802+0000] {processor.py:186} INFO - Started process (PID=10492) to work on /opt/airflow/dags/my_first_dag.py
[2025-02-15T08:29:54.805+0000] {processor.py:914} INFO - Processing file /opt/airflow/dags/my_first_dag.py for tasks to queue
[2025-02-15T08:29:54.806+0000] {logging_mixin.py:190} INFO - [2025-02-15T08:29:54.806+0000] {dagbag.py:588} INFO - Filling up the DagBag from /opt/airflow/dags/my_first_dag.py
[2025-02-15T08:29:54.812+0000] {processor.py:925} INFO - DAG(s) 'my_first_dag' retrieved from /opt/airflow/dags/my_first_dag.py
[2025-02-15T08:29:54.830+0000] {logging_mixin.py:190} INFO - [2025-02-15T08:29:54.830+0000] {dag.py:3239} INFO - Sync 1 DAGs
[2025-02-15T08:29:54.847+0000] {logging_mixin.py:190} INFO - [2025-02-15T08:29:54.847+0000] {dag.py:4180} INFO - Setting next_dagrun for my_first_dag to None, run_after=None
[2025-02-15T08:29:54.864+0000] {processor.py:208} INFO - Processing /opt/airflow/dags/my_first_dag.py took 0.068 seconds
[2025-02-15T08:30:25.868+0000] {processor.py:186} INFO - Started process (PID=10798) to work on /opt/airflow/dags/my_first_dag.py
[2025-02-15T08:30:25.868+0000] {processor.py:914} INFO - Processing file /opt/airflow/dags/my_first_dag.py for tasks to queue
[2025-02-15T08:30:25.869+0000] {logging_mixin.py:190} INFO - [2025-02-15T08:30:25.869+0000] {dagbag.py:588} INFO - Filling up the DagBag from /opt/airflow/dags/my_first_dag.py
[2025-02-15T08:30:25.876+0000] {processor.py:925} INFO - DAG(s) 'my_first_dag' retrieved from /opt/airflow/dags/my_first_dag.py
[2025-02-15T08:30:25.894+0000] {logging_mixin.py:190} INFO - [2025-02-15T08:30:25.894+0000] {dag.py:3239} INFO - Sync 1 DAGs
[2025-02-15T08:30:25.925+0000] {logging_mixin.py:190} INFO - [2025-02-15T08:30:25.925+0000] {dag.py:4180} INFO - Setting next_dagrun for my_first_dag to None, run_after=None
[2025-02-15T08:30:25.957+0000] {processor.py:208} INFO - Processing /opt/airflow/dags/my_first_dag.py took 0.095 seconds
[2025-02-15T08:30:56.256+0000] {processor.py:186} INFO - Started process (PID=11102) to work on /opt/airflow/dags/my_first_dag.py
[2025-02-15T08:30:56.257+0000] {processor.py:914} INFO - Processing file /opt/airflow/dags/my_first_dag.py for tasks to queue
[2025-02-15T08:30:56.258+0000] {logging_mixin.py:190} INFO - [2025-02-15T08:30:56.258+0000] {dagbag.py:588} INFO - Filling up the DagBag from /opt/airflow/dags/my_first_dag.py
[2025-02-15T08:30:56.265+0000] {processor.py:925} INFO - DAG(s) 'my_first_dag' retrieved from /opt/airflow/dags/my_first_dag.py
[2025-02-15T08:30:56.283+0000] {logging_mixin.py:190} INFO - [2025-02-15T08:30:56.283+0000] {dag.py:3239} INFO - Sync 1 DAGs
[2025-02-15T08:30:56.299+0000] {logging_mixin.py:190} INFO - [2025-02-15T08:30:56.299+0000] {dag.py:4180} INFO - Setting next_dagrun for my_first_dag to None, run_after=None
[2025-02-15T08:30:56.317+0000] {processor.py:208} INFO - Processing /opt/airflow/dags/my_first_dag.py took 0.081 seconds
[2025-02-15T08:31:26.437+0000] {processor.py:186} INFO - Started process (PID=11414) to work on /opt/airflow/dags/my_first_dag.py
[2025-02-15T08:31:26.438+0000] {processor.py:914} INFO - Processing file /opt/airflow/dags/my_first_dag.py for tasks to queue
[2025-02-15T08:31:26.439+0000] {logging_mixin.py:190} INFO - [2025-02-15T08:31:26.439+0000] {dagbag.py:588} INFO - Filling up the DagBag from /opt/airflow/dags/my_first_dag.py
[2025-02-15T08:31:26.445+0000] {processor.py:925} INFO - DAG(s) 'my_first_dag' retrieved from /opt/airflow/dags/my_first_dag.py
[2025-02-15T08:31:26.463+0000] {logging_mixin.py:190} INFO - [2025-02-15T08:31:26.463+0000] {dag.py:3239} INFO - Sync 1 DAGs
[2025-02-15T08:31:26.481+0000] {logging_mixin.py:190} INFO - [2025-02-15T08:31:26.481+0000] {dag.py:4180} INFO - Setting next_dagrun for my_first_dag to None, run_after=None
[2025-02-15T08:31:26.497+0000] {processor.py:208} INFO - Processing /opt/airflow/dags/my_first_dag.py took 0.065 seconds
[2025-02-15T08:31:56.732+0000] {processor.py:186} INFO - Started process (PID=11720) to work on /opt/airflow/dags/my_first_dag.py
[2025-02-15T08:31:56.741+0000] {processor.py:914} INFO - Processing file /opt/airflow/dags/my_first_dag.py for tasks to queue
[2025-02-15T08:31:56.743+0000] {logging_mixin.py:190} INFO - [2025-02-15T08:31:56.743+0000] {dagbag.py:588} INFO - Filling up the DagBag from /opt/airflow/dags/my_first_dag.py
[2025-02-15T08:31:56.763+0000] {processor.py:925} INFO - DAG(s) 'my_first_dag' retrieved from /opt/airflow/dags/my_first_dag.py
[2025-02-15T08:31:56.808+0000] {logging_mixin.py:190} INFO - [2025-02-15T08:31:56.808+0000] {dag.py:3239} INFO - Sync 1 DAGs
[2025-02-15T08:31:56.823+0000] {logging_mixin.py:190} INFO - [2025-02-15T08:31:56.823+0000] {dag.py:4180} INFO - Setting next_dagrun for my_first_dag to None, run_after=None
[2025-02-15T08:31:56.838+0000] {processor.py:208} INFO - Processing /opt/airflow/dags/my_first_dag.py took 0.117 seconds
[2025-02-15T08:32:27.667+0000] {processor.py:186} INFO - Started process (PID=12036) to work on /opt/airflow/dags/my_first_dag.py
[2025-02-15T08:32:27.668+0000] {processor.py:914} INFO - Processing file /opt/airflow/dags/my_first_dag.py for tasks to queue
[2025-02-15T08:32:27.669+0000] {logging_mixin.py:190} INFO - [2025-02-15T08:32:27.669+0000] {dagbag.py:588} INFO - Filling up the DagBag from /opt/airflow/dags/my_first_dag.py
[2025-02-15T08:32:27.676+0000] {processor.py:925} INFO - DAG(s) 'my_first_dag' retrieved from /opt/airflow/dags/my_first_dag.py
[2025-02-15T08:32:27.693+0000] {logging_mixin.py:190} INFO - [2025-02-15T08:32:27.693+0000] {dag.py:3239} INFO - Sync 1 DAGs
[2025-02-15T08:32:27.709+0000] {logging_mixin.py:190} INFO - [2025-02-15T08:32:27.709+0000] {dag.py:4180} INFO - Setting next_dagrun for my_first_dag to None, run_after=None
[2025-02-15T08:32:27.726+0000] {processor.py:208} INFO - Processing /opt/airflow/dags/my_first_dag.py took 0.065 seconds
[2025-02-15T08:32:57.765+0000] {processor.py:186} INFO - Started process (PID=12350) to work on /opt/airflow/dags/my_first_dag.py
[2025-02-15T08:32:57.766+0000] {processor.py:914} INFO - Processing file /opt/airflow/dags/my_first_dag.py for tasks to queue
[2025-02-15T08:32:57.767+0000] {logging_mixin.py:190} INFO - [2025-02-15T08:32:57.767+0000] {dagbag.py:588} INFO - Filling up the DagBag from /opt/airflow/dags/my_first_dag.py
[2025-02-15T08:32:57.773+0000] {processor.py:925} INFO - DAG(s) 'my_first_dag' retrieved from /opt/airflow/dags/my_first_dag.py
[2025-02-15T08:32:57.792+0000] {logging_mixin.py:190} INFO - [2025-02-15T08:32:57.792+0000] {dag.py:3239} INFO - Sync 1 DAGs
[2025-02-15T08:32:57.810+0000] {logging_mixin.py:190} INFO - [2025-02-15T08:32:57.810+0000] {dag.py:4180} INFO - Setting next_dagrun for my_first_dag to None, run_after=None
[2025-02-15T08:32:57.827+0000] {processor.py:208} INFO - Processing /opt/airflow/dags/my_first_dag.py took 0.067 seconds
[2025-02-15T08:33:28.197+0000] {processor.py:186} INFO - Started process (PID=12665) to work on /opt/airflow/dags/my_first_dag.py
[2025-02-15T08:33:28.198+0000] {processor.py:914} INFO - Processing file /opt/airflow/dags/my_first_dag.py for tasks to queue
[2025-02-15T08:33:28.200+0000] {logging_mixin.py:190} INFO - [2025-02-15T08:33:28.199+0000] {dagbag.py:588} INFO - Filling up the DagBag from /opt/airflow/dags/my_first_dag.py
[2025-02-15T08:33:28.206+0000] {processor.py:925} INFO - DAG(s) 'my_first_dag' retrieved from /opt/airflow/dags/my_first_dag.py
[2025-02-15T08:33:28.224+0000] {logging_mixin.py:190} INFO - [2025-02-15T08:33:28.224+0000] {dag.py:3239} INFO - Sync 1 DAGs
[2025-02-15T08:33:28.240+0000] {logging_mixin.py:190} INFO - [2025-02-15T08:33:28.240+0000] {dag.py:4180} INFO - Setting next_dagrun for my_first_dag to None, run_after=None
[2025-02-15T08:33:28.270+0000] {processor.py:208} INFO - Processing /opt/airflow/dags/my_first_dag.py took 0.081 seconds
[2025-02-15T08:33:58.909+0000] {processor.py:186} INFO - Started process (PID=12986) to work on /opt/airflow/dags/my_first_dag.py
[2025-02-15T08:33:58.910+0000] {processor.py:914} INFO - Processing file /opt/airflow/dags/my_first_dag.py for tasks to queue
[2025-02-15T08:33:58.911+0000] {logging_mixin.py:190} INFO - [2025-02-15T08:33:58.910+0000] {dagbag.py:588} INFO - Filling up the DagBag from /opt/airflow/dags/my_first_dag.py
[2025-02-15T08:33:58.917+0000] {processor.py:925} INFO - DAG(s) 'my_first_dag' retrieved from /opt/airflow/dags/my_first_dag.py
[2025-02-15T08:33:58.935+0000] {logging_mixin.py:190} INFO - [2025-02-15T08:33:58.934+0000] {dag.py:3239} INFO - Sync 1 DAGs
[2025-02-15T08:33:58.952+0000] {logging_mixin.py:190} INFO - [2025-02-15T08:33:58.951+0000] {dag.py:4180} INFO - Setting next_dagrun for my_first_dag to None, run_after=None
[2025-02-15T08:33:58.967+0000] {processor.py:208} INFO - Processing /opt/airflow/dags/my_first_dag.py took 0.065 seconds
[2025-02-15T08:34:29.317+0000] {processor.py:186} INFO - Started process (PID=13297) to work on /opt/airflow/dags/my_first_dag.py
[2025-02-15T08:34:29.318+0000] {processor.py:914} INFO - Processing file /opt/airflow/dags/my_first_dag.py for tasks to queue
[2025-02-15T08:34:29.319+0000] {logging_mixin.py:190} INFO - [2025-02-15T08:34:29.319+0000] {dagbag.py:588} INFO - Filling up the DagBag from /opt/airflow/dags/my_first_dag.py
[2025-02-15T08:34:29.326+0000] {processor.py:925} INFO - DAG(s) 'my_first_dag' retrieved from /opt/airflow/dags/my_first_dag.py
[2025-02-15T08:34:29.344+0000] {logging_mixin.py:190} INFO - [2025-02-15T08:34:29.344+0000] {dag.py:3239} INFO - Sync 1 DAGs
[2025-02-15T08:34:29.362+0000] {logging_mixin.py:190} INFO - [2025-02-15T08:34:29.361+0000] {dag.py:4180} INFO - Setting next_dagrun for my_first_dag to None, run_after=None
[2025-02-15T08:34:29.378+0000] {processor.py:208} INFO - Processing /opt/airflow/dags/my_first_dag.py took 0.067 seconds
[2025-02-15T08:34:59.636+0000] {processor.py:186} INFO - Started process (PID=13615) to work on /opt/airflow/dags/my_first_dag.py
[2025-02-15T08:34:59.637+0000] {processor.py:914} INFO - Processing file /opt/airflow/dags/my_first_dag.py for tasks to queue
[2025-02-15T08:34:59.638+0000] {logging_mixin.py:190} INFO - [2025-02-15T08:34:59.638+0000] {dagbag.py:588} INFO - Filling up the DagBag from /opt/airflow/dags/my_first_dag.py
[2025-02-15T08:34:59.645+0000] {processor.py:925} INFO - DAG(s) 'my_first_dag' retrieved from /opt/airflow/dags/my_first_dag.py
[2025-02-15T08:34:59.664+0000] {logging_mixin.py:190} INFO - [2025-02-15T08:34:59.664+0000] {dag.py:3239} INFO - Sync 1 DAGs
[2025-02-15T08:34:59.680+0000] {logging_mixin.py:190} INFO - [2025-02-15T08:34:59.680+0000] {dag.py:4180} INFO - Setting next_dagrun for my_first_dag to None, run_after=None
[2025-02-15T08:34:59.701+0000] {processor.py:208} INFO - Processing /opt/airflow/dags/my_first_dag.py took 0.070 seconds
[2025-02-15T08:35:30.558+0000] {processor.py:186} INFO - Started process (PID=13921) to work on /opt/airflow/dags/my_first_dag.py
[2025-02-15T08:35:30.560+0000] {processor.py:914} INFO - Processing file /opt/airflow/dags/my_first_dag.py for tasks to queue
[2025-02-15T08:35:30.562+0000] {logging_mixin.py:190} INFO - [2025-02-15T08:35:30.561+0000] {dagbag.py:588} INFO - Filling up the DagBag from /opt/airflow/dags/my_first_dag.py
[2025-02-15T08:35:30.568+0000] {processor.py:925} INFO - DAG(s) 'my_first_dag' retrieved from /opt/airflow/dags/my_first_dag.py
[2025-02-15T08:35:30.585+0000] {logging_mixin.py:190} INFO - [2025-02-15T08:35:30.585+0000] {dag.py:3239} INFO - Sync 1 DAGs
[2025-02-15T08:35:30.601+0000] {logging_mixin.py:190} INFO - [2025-02-15T08:35:30.600+0000] {dag.py:4180} INFO - Setting next_dagrun for my_first_dag to None, run_after=None
[2025-02-15T08:35:30.617+0000] {processor.py:208} INFO - Processing /opt/airflow/dags/my_first_dag.py took 0.065 seconds
[2025-02-15T08:36:00.665+0000] {processor.py:186} INFO - Started process (PID=14234) to work on /opt/airflow/dags/my_first_dag.py
[2025-02-15T08:36:00.666+0000] {processor.py:914} INFO - Processing file /opt/airflow/dags/my_first_dag.py for tasks to queue
[2025-02-15T08:36:00.667+0000] {logging_mixin.py:190} INFO - [2025-02-15T08:36:00.667+0000] {dagbag.py:588} INFO - Filling up the DagBag from /opt/airflow/dags/my_first_dag.py
[2025-02-15T08:36:00.674+0000] {processor.py:925} INFO - DAG(s) 'my_first_dag' retrieved from /opt/airflow/dags/my_first_dag.py
[2025-02-15T08:36:00.692+0000] {logging_mixin.py:190} INFO - [2025-02-15T08:36:00.692+0000] {dag.py:3239} INFO - Sync 1 DAGs
[2025-02-15T08:36:00.708+0000] {logging_mixin.py:190} INFO - [2025-02-15T08:36:00.708+0000] {dag.py:4180} INFO - Setting next_dagrun for my_first_dag to None, run_after=None
[2025-02-15T08:36:00.727+0000] {processor.py:208} INFO - Processing /opt/airflow/dags/my_first_dag.py took 0.068 seconds
[2025-02-15T08:36:31.586+0000] {processor.py:186} INFO - Started process (PID=14552) to work on /opt/airflow/dags/my_first_dag.py
[2025-02-15T08:36:31.587+0000] {processor.py:914} INFO - Processing file /opt/airflow/dags/my_first_dag.py for tasks to queue
[2025-02-15T08:36:31.588+0000] {logging_mixin.py:190} INFO - [2025-02-15T08:36:31.588+0000] {dagbag.py:588} INFO - Filling up the DagBag from /opt/airflow/dags/my_first_dag.py
[2025-02-15T08:36:31.595+0000] {processor.py:925} INFO - DAG(s) 'my_first_dag' retrieved from /opt/airflow/dags/my_first_dag.py
[2025-02-15T08:36:31.617+0000] {logging_mixin.py:190} INFO - [2025-02-15T08:36:31.617+0000] {dag.py:3239} INFO - Sync 1 DAGs
[2025-02-15T08:36:31.633+0000] {logging_mixin.py:190} INFO - [2025-02-15T08:36:31.632+0000] {dag.py:4180} INFO - Setting next_dagrun for my_first_dag to None, run_after=None
[2025-02-15T08:36:31.649+0000] {processor.py:208} INFO - Processing /opt/airflow/dags/my_first_dag.py took 0.069 seconds
[2025-02-15T08:37:02.553+0000] {processor.py:186} INFO - Started process (PID=14859) to work on /opt/airflow/dags/my_first_dag.py
[2025-02-15T08:37:02.553+0000] {processor.py:914} INFO - Processing file /opt/airflow/dags/my_first_dag.py for tasks to queue
[2025-02-15T08:37:02.555+0000] {logging_mixin.py:190} INFO - [2025-02-15T08:37:02.555+0000] {dagbag.py:588} INFO - Filling up the DagBag from /opt/airflow/dags/my_first_dag.py
[2025-02-15T08:37:02.561+0000] {processor.py:925} INFO - DAG(s) 'my_first_dag' retrieved from /opt/airflow/dags/my_first_dag.py
[2025-02-15T08:37:02.579+0000] {logging_mixin.py:190} INFO - [2025-02-15T08:37:02.579+0000] {dag.py:3239} INFO - Sync 1 DAGs
[2025-02-15T08:37:02.596+0000] {logging_mixin.py:190} INFO - [2025-02-15T08:37:02.596+0000] {dag.py:4180} INFO - Setting next_dagrun for my_first_dag to None, run_after=None
[2025-02-15T08:37:02.611+0000] {processor.py:208} INFO - Processing /opt/airflow/dags/my_first_dag.py took 0.065 seconds
[2025-02-15T08:37:33.640+0000] {processor.py:186} INFO - Started process (PID=15172) to work on /opt/airflow/dags/my_first_dag.py
[2025-02-15T08:37:33.642+0000] {processor.py:914} INFO - Processing file /opt/airflow/dags/my_first_dag.py for tasks to queue
[2025-02-15T08:37:33.644+0000] {logging_mixin.py:190} INFO - [2025-02-15T08:37:33.643+0000] {dagbag.py:588} INFO - Filling up the DagBag from /opt/airflow/dags/my_first_dag.py
[2025-02-15T08:37:33.650+0000] {processor.py:925} INFO - DAG(s) 'my_first_dag' retrieved from /opt/airflow/dags/my_first_dag.py
[2025-02-15T08:37:33.672+0000] {logging_mixin.py:190} INFO - [2025-02-15T08:37:33.672+0000] {dag.py:3239} INFO - Sync 1 DAGs
[2025-02-15T08:37:33.699+0000] {logging_mixin.py:190} INFO - [2025-02-15T08:37:33.698+0000] {dag.py:4180} INFO - Setting next_dagrun for my_first_dag to None, run_after=None
[2025-02-15T08:37:33.734+0000] {processor.py:208} INFO - Processing /opt/airflow/dags/my_first_dag.py took 0.111 seconds
[2025-02-15T08:38:04.061+0000] {processor.py:186} INFO - Started process (PID=15485) to work on /opt/airflow/dags/my_first_dag.py
[2025-02-15T08:38:04.062+0000] {processor.py:914} INFO - Processing file /opt/airflow/dags/my_first_dag.py for tasks to queue
[2025-02-15T08:38:04.063+0000] {logging_mixin.py:190} INFO - [2025-02-15T08:38:04.063+0000] {dagbag.py:588} INFO - Filling up the DagBag from /opt/airflow/dags/my_first_dag.py
[2025-02-15T08:38:04.075+0000] {processor.py:925} INFO - DAG(s) 'my_first_dag' retrieved from /opt/airflow/dags/my_first_dag.py
[2025-02-15T08:38:04.093+0000] {logging_mixin.py:190} INFO - [2025-02-15T08:38:04.092+0000] {dag.py:3239} INFO - Sync 1 DAGs
[2025-02-15T08:38:04.109+0000] {logging_mixin.py:190} INFO - [2025-02-15T08:38:04.109+0000] {dag.py:4180} INFO - Setting next_dagrun for my_first_dag to None, run_after=None
[2025-02-15T08:38:04.362+0000] {processor.py:208} INFO - Processing /opt/airflow/dags/my_first_dag.py took 0.306 seconds
[2025-02-15T08:38:35.133+0000] {processor.py:186} INFO - Started process (PID=15792) to work on /opt/airflow/dags/my_first_dag.py
[2025-02-15T08:38:35.134+0000] {processor.py:914} INFO - Processing file /opt/airflow/dags/my_first_dag.py for tasks to queue
[2025-02-15T08:38:35.135+0000] {logging_mixin.py:190} INFO - [2025-02-15T08:38:35.135+0000] {dagbag.py:588} INFO - Filling up the DagBag from /opt/airflow/dags/my_first_dag.py
[2025-02-15T08:38:35.142+0000] {processor.py:925} INFO - DAG(s) 'my_first_dag' retrieved from /opt/airflow/dags/my_first_dag.py
[2025-02-15T08:38:35.159+0000] {logging_mixin.py:190} INFO - [2025-02-15T08:38:35.159+0000] {dag.py:3239} INFO - Sync 1 DAGs
[2025-02-15T08:38:35.176+0000] {logging_mixin.py:190} INFO - [2025-02-15T08:38:35.176+0000] {dag.py:4180} INFO - Setting next_dagrun for my_first_dag to None, run_after=None
[2025-02-15T08:38:35.359+0000] {processor.py:208} INFO - Processing /opt/airflow/dags/my_first_dag.py took 0.231 seconds
[2025-02-15T08:39:05.720+0000] {processor.py:186} INFO - Started process (PID=16104) to work on /opt/airflow/dags/my_first_dag.py
[2025-02-15T08:39:05.721+0000] {processor.py:914} INFO - Processing file /opt/airflow/dags/my_first_dag.py for tasks to queue
[2025-02-15T08:39:05.722+0000] {logging_mixin.py:190} INFO - [2025-02-15T08:39:05.722+0000] {dagbag.py:588} INFO - Filling up the DagBag from /opt/airflow/dags/my_first_dag.py
[2025-02-15T08:39:05.728+0000] {processor.py:925} INFO - DAG(s) 'my_first_dag' retrieved from /opt/airflow/dags/my_first_dag.py
[2025-02-15T08:39:05.748+0000] {logging_mixin.py:190} INFO - [2025-02-15T08:39:05.747+0000] {dag.py:3239} INFO - Sync 1 DAGs
[2025-02-15T08:39:05.781+0000] {logging_mixin.py:190} INFO - [2025-02-15T08:39:05.781+0000] {dag.py:4180} INFO - Setting next_dagrun for my_first_dag to None, run_after=None
[2025-02-15T08:39:05.803+0000] {processor.py:208} INFO - Processing /opt/airflow/dags/my_first_dag.py took 0.090 seconds
[2025-02-15T08:39:36.675+0000] {processor.py:186} INFO - Started process (PID=16410) to work on /opt/airflow/dags/my_first_dag.py
[2025-02-15T08:39:36.675+0000] {processor.py:914} INFO - Processing file /opt/airflow/dags/my_first_dag.py for tasks to queue
[2025-02-15T08:39:36.677+0000] {logging_mixin.py:190} INFO - [2025-02-15T08:39:36.676+0000] {dagbag.py:588} INFO - Filling up the DagBag from /opt/airflow/dags/my_first_dag.py
[2025-02-15T08:39:36.683+0000] {processor.py:925} INFO - DAG(s) 'my_first_dag' retrieved from /opt/airflow/dags/my_first_dag.py
[2025-02-15T08:39:36.706+0000] {logging_mixin.py:190} INFO - [2025-02-15T08:39:36.706+0000] {dag.py:3239} INFO - Sync 1 DAGs
[2025-02-15T08:39:36.723+0000] {logging_mixin.py:190} INFO - [2025-02-15T08:39:36.723+0000] {dag.py:4180} INFO - Setting next_dagrun for my_first_dag to None, run_after=None
[2025-02-15T08:39:36.740+0000] {processor.py:208} INFO - Processing /opt/airflow/dags/my_first_dag.py took 0.071 seconds
[2025-02-15T08:40:07.631+0000] {processor.py:186} INFO - Started process (PID=16722) to work on /opt/airflow/dags/my_first_dag.py
[2025-02-15T08:40:07.632+0000] {processor.py:914} INFO - Processing file /opt/airflow/dags/my_first_dag.py for tasks to queue
[2025-02-15T08:40:07.633+0000] {logging_mixin.py:190} INFO - [2025-02-15T08:40:07.633+0000] {dagbag.py:588} INFO - Filling up the DagBag from /opt/airflow/dags/my_first_dag.py
[2025-02-15T08:40:07.640+0000] {processor.py:925} INFO - DAG(s) 'my_first_dag' retrieved from /opt/airflow/dags/my_first_dag.py
[2025-02-15T08:40:07.666+0000] {logging_mixin.py:190} INFO - [2025-02-15T08:40:07.666+0000] {dag.py:3239} INFO - Sync 1 DAGs
[2025-02-15T08:40:07.703+0000] {logging_mixin.py:190} INFO - [2025-02-15T08:40:07.702+0000] {dag.py:4180} INFO - Setting next_dagrun for my_first_dag to None, run_after=None
[2025-02-15T08:40:07.755+0000] {processor.py:208} INFO - Processing /opt/airflow/dags/my_first_dag.py took 0.130 seconds
[2025-02-15T08:40:38.092+0000] {processor.py:186} INFO - Started process (PID=17029) to work on /opt/airflow/dags/my_first_dag.py
[2025-02-15T08:40:38.094+0000] {processor.py:914} INFO - Processing file /opt/airflow/dags/my_first_dag.py for tasks to queue
[2025-02-15T08:40:38.095+0000] {logging_mixin.py:190} INFO - [2025-02-15T08:40:38.095+0000] {dagbag.py:588} INFO - Filling up the DagBag from /opt/airflow/dags/my_first_dag.py
[2025-02-15T08:40:38.102+0000] {processor.py:925} INFO - DAG(s) 'my_first_dag' retrieved from /opt/airflow/dags/my_first_dag.py
[2025-02-15T08:40:38.120+0000] {logging_mixin.py:190} INFO - [2025-02-15T08:40:38.119+0000] {dag.py:3239} INFO - Sync 1 DAGs
[2025-02-15T08:40:38.135+0000] {logging_mixin.py:190} INFO - [2025-02-15T08:40:38.135+0000] {dag.py:4180} INFO - Setting next_dagrun for my_first_dag to None, run_after=None
[2025-02-15T08:40:38.176+0000] {processor.py:208} INFO - Processing /opt/airflow/dags/my_first_dag.py took 0.089 seconds
[2025-02-15T08:41:08.745+0000] {processor.py:186} INFO - Started process (PID=17340) to work on /opt/airflow/dags/my_first_dag.py
[2025-02-15T08:41:08.751+0000] {processor.py:914} INFO - Processing file /opt/airflow/dags/my_first_dag.py for tasks to queue
[2025-02-15T08:41:08.753+0000] {logging_mixin.py:190} INFO - [2025-02-15T08:41:08.753+0000] {dagbag.py:588} INFO - Filling up the DagBag from /opt/airflow/dags/my_first_dag.py
[2025-02-15T08:41:08.764+0000] {processor.py:925} INFO - DAG(s) 'my_first_dag' retrieved from /opt/airflow/dags/my_first_dag.py
[2025-02-15T08:41:08.789+0000] {logging_mixin.py:190} INFO - [2025-02-15T08:41:08.789+0000] {dag.py:3239} INFO - Sync 1 DAGs
[2025-02-15T08:41:08.813+0000] {logging_mixin.py:190} INFO - [2025-02-15T08:41:08.813+0000] {dag.py:4180} INFO - Setting next_dagrun for my_first_dag to None, run_after=None
[2025-02-15T08:41:08.831+0000] {processor.py:208} INFO - Processing /opt/airflow/dags/my_first_dag.py took 0.110 seconds
[2025-02-15T08:41:39.809+0000] {processor.py:186} INFO - Started process (PID=17649) to work on /opt/airflow/dags/my_first_dag.py
[2025-02-15T08:41:39.809+0000] {processor.py:914} INFO - Processing file /opt/airflow/dags/my_first_dag.py for tasks to queue
[2025-02-15T08:41:39.810+0000] {logging_mixin.py:190} INFO - [2025-02-15T08:41:39.810+0000] {dagbag.py:588} INFO - Filling up the DagBag from /opt/airflow/dags/my_first_dag.py
[2025-02-15T08:41:39.817+0000] {processor.py:925} INFO - DAG(s) 'my_first_dag' retrieved from /opt/airflow/dags/my_first_dag.py
[2025-02-15T08:41:39.837+0000] {logging_mixin.py:190} INFO - [2025-02-15T08:41:39.837+0000] {dag.py:3239} INFO - Sync 1 DAGs
[2025-02-15T08:41:39.854+0000] {logging_mixin.py:190} INFO - [2025-02-15T08:41:39.854+0000] {dag.py:4180} INFO - Setting next_dagrun for my_first_dag to None, run_after=None
[2025-02-15T08:41:39.871+0000] {processor.py:208} INFO - Processing /opt/airflow/dags/my_first_dag.py took 0.069 seconds
[2025-02-15T08:42:09.960+0000] {processor.py:186} INFO - Started process (PID=17955) to work on /opt/airflow/dags/my_first_dag.py
[2025-02-15T08:42:09.961+0000] {processor.py:914} INFO - Processing file /opt/airflow/dags/my_first_dag.py for tasks to queue
[2025-02-15T08:42:09.962+0000] {logging_mixin.py:190} INFO - [2025-02-15T08:42:09.962+0000] {dagbag.py:588} INFO - Filling up the DagBag from /opt/airflow/dags/my_first_dag.py
[2025-02-15T08:42:09.968+0000] {processor.py:925} INFO - DAG(s) 'my_first_dag' retrieved from /opt/airflow/dags/my_first_dag.py
[2025-02-15T08:42:09.986+0000] {logging_mixin.py:190} INFO - [2025-02-15T08:42:09.986+0000] {dag.py:3239} INFO - Sync 1 DAGs
[2025-02-15T08:42:10.002+0000] {logging_mixin.py:190} INFO - [2025-02-15T08:42:10.002+0000] {dag.py:4180} INFO - Setting next_dagrun for my_first_dag to None, run_after=None
[2025-02-15T08:42:10.020+0000] {processor.py:208} INFO - Processing /opt/airflow/dags/my_first_dag.py took 0.066 seconds
[2025-02-15T08:42:40.157+0000] {processor.py:186} INFO - Started process (PID=18260) to work on /opt/airflow/dags/my_first_dag.py
[2025-02-15T08:42:40.158+0000] {processor.py:914} INFO - Processing file /opt/airflow/dags/my_first_dag.py for tasks to queue
[2025-02-15T08:42:40.160+0000] {logging_mixin.py:190} INFO - [2025-02-15T08:42:40.159+0000] {dagbag.py:588} INFO - Filling up the DagBag from /opt/airflow/dags/my_first_dag.py
[2025-02-15T08:42:40.166+0000] {processor.py:925} INFO - DAG(s) 'my_first_dag' retrieved from /opt/airflow/dags/my_first_dag.py
[2025-02-15T08:42:40.187+0000] {logging_mixin.py:190} INFO - [2025-02-15T08:42:40.186+0000] {dag.py:3239} INFO - Sync 1 DAGs
[2025-02-15T08:42:40.203+0000] {logging_mixin.py:190} INFO - [2025-02-15T08:42:40.203+0000] {dag.py:4180} INFO - Setting next_dagrun for my_first_dag to None, run_after=None
[2025-02-15T08:42:40.226+0000] {processor.py:208} INFO - Processing /opt/airflow/dags/my_first_dag.py took 0.075 seconds
[2025-02-15T08:43:10.306+0000] {processor.py:186} INFO - Started process (PID=18569) to work on /opt/airflow/dags/my_first_dag.py
[2025-02-15T08:43:10.312+0000] {processor.py:914} INFO - Processing file /opt/airflow/dags/my_first_dag.py for tasks to queue
[2025-02-15T08:43:10.314+0000] {logging_mixin.py:190} INFO - [2025-02-15T08:43:10.313+0000] {dagbag.py:588} INFO - Filling up the DagBag from /opt/airflow/dags/my_first_dag.py
[2025-02-15T08:43:10.321+0000] {processor.py:925} INFO - DAG(s) 'my_first_dag' retrieved from /opt/airflow/dags/my_first_dag.py
[2025-02-15T08:43:10.350+0000] {logging_mixin.py:190} INFO - [2025-02-15T08:43:10.350+0000] {dag.py:3239} INFO - Sync 1 DAGs
[2025-02-15T08:43:10.388+0000] {logging_mixin.py:190} INFO - [2025-02-15T08:43:10.387+0000] {dag.py:4180} INFO - Setting next_dagrun for my_first_dag to None, run_after=None
[2025-02-15T08:43:10.453+0000] {processor.py:208} INFO - Processing /opt/airflow/dags/my_first_dag.py took 0.159 seconds
[2025-02-15T08:43:41.024+0000] {processor.py:186} INFO - Started process (PID=18881) to work on /opt/airflow/dags/my_first_dag.py
[2025-02-15T08:43:41.026+0000] {processor.py:914} INFO - Processing file /opt/airflow/dags/my_first_dag.py for tasks to queue
[2025-02-15T08:43:41.027+0000] {logging_mixin.py:190} INFO - [2025-02-15T08:43:41.027+0000] {dagbag.py:588} INFO - Filling up the DagBag from /opt/airflow/dags/my_first_dag.py
[2025-02-15T08:43:41.034+0000] {processor.py:925} INFO - DAG(s) 'my_first_dag' retrieved from /opt/airflow/dags/my_first_dag.py
[2025-02-15T08:43:41.055+0000] {logging_mixin.py:190} INFO - [2025-02-15T08:43:41.055+0000] {dag.py:3239} INFO - Sync 1 DAGs
[2025-02-15T08:43:41.072+0000] {logging_mixin.py:190} INFO - [2025-02-15T08:43:41.072+0000] {dag.py:4180} INFO - Setting next_dagrun for my_first_dag to None, run_after=None
[2025-02-15T08:43:41.089+0000] {processor.py:208} INFO - Processing /opt/airflow/dags/my_first_dag.py took 0.070 seconds
[2025-02-15T08:44:11.255+0000] {processor.py:186} INFO - Started process (PID=19163) to work on /opt/airflow/dags/my_first_dag.py
[2025-02-15T08:44:11.263+0000] {processor.py:914} INFO - Processing file /opt/airflow/dags/my_first_dag.py for tasks to queue
[2025-02-15T08:44:11.264+0000] {logging_mixin.py:190} INFO - [2025-02-15T08:44:11.264+0000] {dagbag.py:588} INFO - Filling up the DagBag from /opt/airflow/dags/my_first_dag.py
[2025-02-15T08:44:11.271+0000] {processor.py:925} INFO - DAG(s) 'my_first_dag' retrieved from /opt/airflow/dags/my_first_dag.py
[2025-02-15T08:44:11.323+0000] {logging_mixin.py:190} INFO - [2025-02-15T08:44:11.323+0000] {dag.py:3239} INFO - Sync 1 DAGs
[2025-02-15T08:44:11.347+0000] {logging_mixin.py:190} INFO - [2025-02-15T08:44:11.347+0000] {dag.py:4180} INFO - Setting next_dagrun for my_first_dag to None, run_after=None
[2025-02-15T08:44:11.367+0000] {processor.py:208} INFO - Processing /opt/airflow/dags/my_first_dag.py took 0.117 seconds
[2025-02-15T08:44:41.552+0000] {processor.py:186} INFO - Started process (PID=19477) to work on /opt/airflow/dags/my_first_dag.py
[2025-02-15T08:44:41.553+0000] {processor.py:914} INFO - Processing file /opt/airflow/dags/my_first_dag.py for tasks to queue
[2025-02-15T08:44:41.554+0000] {logging_mixin.py:190} INFO - [2025-02-15T08:44:41.554+0000] {dagbag.py:588} INFO - Filling up the DagBag from /opt/airflow/dags/my_first_dag.py
[2025-02-15T08:44:41.561+0000] {processor.py:925} INFO - DAG(s) 'my_first_dag' retrieved from /opt/airflow/dags/my_first_dag.py
[2025-02-15T08:44:41.581+0000] {logging_mixin.py:190} INFO - [2025-02-15T08:44:41.581+0000] {dag.py:3239} INFO - Sync 1 DAGs
[2025-02-15T08:44:41.597+0000] {logging_mixin.py:190} INFO - [2025-02-15T08:44:41.597+0000] {dag.py:4180} INFO - Setting next_dagrun for my_first_dag to None, run_after=None
[2025-02-15T08:44:41.614+0000] {processor.py:208} INFO - Processing /opt/airflow/dags/my_first_dag.py took 0.068 seconds
[2025-02-15T08:45:11.945+0000] {processor.py:186} INFO - Started process (PID=19783) to work on /opt/airflow/dags/my_first_dag.py
[2025-02-15T08:45:11.946+0000] {processor.py:914} INFO - Processing file /opt/airflow/dags/my_first_dag.py for tasks to queue
[2025-02-15T08:45:11.947+0000] {logging_mixin.py:190} INFO - [2025-02-15T08:45:11.947+0000] {dagbag.py:588} INFO - Filling up the DagBag from /opt/airflow/dags/my_first_dag.py
[2025-02-15T08:45:11.954+0000] {processor.py:925} INFO - DAG(s) 'my_first_dag' retrieved from /opt/airflow/dags/my_first_dag.py
[2025-02-15T08:45:11.976+0000] {logging_mixin.py:190} INFO - [2025-02-15T08:45:11.975+0000] {dag.py:3239} INFO - Sync 1 DAGs
[2025-02-15T08:45:12.016+0000] {logging_mixin.py:190} INFO - [2025-02-15T08:45:12.016+0000] {dag.py:4180} INFO - Setting next_dagrun for my_first_dag to None, run_after=None
[2025-02-15T08:45:12.041+0000] {processor.py:208} INFO - Processing /opt/airflow/dags/my_first_dag.py took 0.102 seconds
[2025-02-15T08:45:42.427+0000] {processor.py:186} INFO - Started process (PID=20096) to work on /opt/airflow/dags/my_first_dag.py
[2025-02-15T08:45:42.428+0000] {processor.py:914} INFO - Processing file /opt/airflow/dags/my_first_dag.py for tasks to queue
[2025-02-15T08:45:42.430+0000] {logging_mixin.py:190} INFO - [2025-02-15T08:45:42.429+0000] {dagbag.py:588} INFO - Filling up the DagBag from /opt/airflow/dags/my_first_dag.py
[2025-02-15T08:45:42.436+0000] {processor.py:925} INFO - DAG(s) 'my_first_dag' retrieved from /opt/airflow/dags/my_first_dag.py
[2025-02-15T08:45:42.456+0000] {logging_mixin.py:190} INFO - [2025-02-15T08:45:42.456+0000] {dag.py:3239} INFO - Sync 1 DAGs
[2025-02-15T08:45:42.473+0000] {logging_mixin.py:190} INFO - [2025-02-15T08:45:42.473+0000] {dag.py:4180} INFO - Setting next_dagrun for my_first_dag to None, run_after=None
[2025-02-15T08:45:42.490+0000] {processor.py:208} INFO - Processing /opt/airflow/dags/my_first_dag.py took 0.069 seconds
[2025-02-15T08:46:13.081+0000] {processor.py:186} INFO - Started process (PID=20397) to work on /opt/airflow/dags/my_first_dag.py
[2025-02-15T08:46:13.082+0000] {processor.py:914} INFO - Processing file /opt/airflow/dags/my_first_dag.py for tasks to queue
[2025-02-15T08:46:13.083+0000] {logging_mixin.py:190} INFO - [2025-02-15T08:46:13.083+0000] {dagbag.py:588} INFO - Filling up the DagBag from /opt/airflow/dags/my_first_dag.py
[2025-02-15T08:46:13.090+0000] {processor.py:925} INFO - DAG(s) 'my_first_dag' retrieved from /opt/airflow/dags/my_first_dag.py
[2025-02-15T08:46:13.108+0000] {logging_mixin.py:190} INFO - [2025-02-15T08:46:13.107+0000] {dag.py:3239} INFO - Sync 1 DAGs
[2025-02-15T08:46:13.124+0000] {logging_mixin.py:190} INFO - [2025-02-15T08:46:13.124+0000] {dag.py:4180} INFO - Setting next_dagrun for my_first_dag to None, run_after=None
[2025-02-15T08:46:13.141+0000] {processor.py:208} INFO - Processing /opt/airflow/dags/my_first_dag.py took 0.066 seconds
[2025-02-15T08:46:43.606+0000] {processor.py:186} INFO - Started process (PID=20700) to work on /opt/airflow/dags/my_first_dag.py
[2025-02-15T08:46:43.607+0000] {processor.py:914} INFO - Processing file /opt/airflow/dags/my_first_dag.py for tasks to queue
[2025-02-15T08:46:43.608+0000] {logging_mixin.py:190} INFO - [2025-02-15T08:46:43.608+0000] {dagbag.py:588} INFO - Filling up the DagBag from /opt/airflow/dags/my_first_dag.py
[2025-02-15T08:46:43.616+0000] {processor.py:925} INFO - DAG(s) 'my_first_dag' retrieved from /opt/airflow/dags/my_first_dag.py
[2025-02-15T08:46:43.633+0000] {logging_mixin.py:190} INFO - [2025-02-15T08:46:43.632+0000] {dag.py:3239} INFO - Sync 1 DAGs
[2025-02-15T08:46:43.649+0000] {logging_mixin.py:190} INFO - [2025-02-15T08:46:43.648+0000] {dag.py:4180} INFO - Setting next_dagrun for my_first_dag to None, run_after=None
[2025-02-15T08:46:43.669+0000] {processor.py:208} INFO - Processing /opt/airflow/dags/my_first_dag.py took 0.069 seconds
[2025-02-15T08:47:14.089+0000] {processor.py:186} INFO - Started process (PID=21007) to work on /opt/airflow/dags/my_first_dag.py
[2025-02-15T08:47:14.089+0000] {processor.py:914} INFO - Processing file /opt/airflow/dags/my_first_dag.py for tasks to queue
[2025-02-15T08:47:14.093+0000] {logging_mixin.py:190} INFO - [2025-02-15T08:47:14.090+0000] {dagbag.py:588} INFO - Filling up the DagBag from /opt/airflow/dags/my_first_dag.py
[2025-02-15T08:47:14.100+0000] {processor.py:925} INFO - DAG(s) 'my_first_dag' retrieved from /opt/airflow/dags/my_first_dag.py
[2025-02-15T08:47:14.119+0000] {logging_mixin.py:190} INFO - [2025-02-15T08:47:14.119+0000] {dag.py:3239} INFO - Sync 1 DAGs
[2025-02-15T08:47:14.137+0000] {logging_mixin.py:190} INFO - [2025-02-15T08:47:14.137+0000] {dag.py:4180} INFO - Setting next_dagrun for my_first_dag to None, run_after=None
[2025-02-15T08:47:14.153+0000] {processor.py:208} INFO - Processing /opt/airflow/dags/my_first_dag.py took 0.071 seconds
[2025-02-15T08:47:45.034+0000] {processor.py:186} INFO - Started process (PID=21313) to work on /opt/airflow/dags/my_first_dag.py
[2025-02-15T08:47:45.036+0000] {processor.py:914} INFO - Processing file /opt/airflow/dags/my_first_dag.py for tasks to queue
[2025-02-15T08:47:45.037+0000] {logging_mixin.py:190} INFO - [2025-02-15T08:47:45.037+0000] {dagbag.py:588} INFO - Filling up the DagBag from /opt/airflow/dags/my_first_dag.py
[2025-02-15T08:47:45.044+0000] {processor.py:925} INFO - DAG(s) 'my_first_dag' retrieved from /opt/airflow/dags/my_first_dag.py
[2025-02-15T08:47:45.063+0000] {logging_mixin.py:190} INFO - [2025-02-15T08:47:45.062+0000] {dag.py:3239} INFO - Sync 1 DAGs
[2025-02-15T08:47:45.084+0000] {logging_mixin.py:190} INFO - [2025-02-15T08:47:45.084+0000] {dag.py:4180} INFO - Setting next_dagrun for my_first_dag to None, run_after=None
[2025-02-15T08:47:45.101+0000] {processor.py:208} INFO - Processing /opt/airflow/dags/my_first_dag.py took 0.075 seconds
[2025-02-15T08:48:16.007+0000] {processor.py:186} INFO - Started process (PID=21619) to work on /opt/airflow/dags/my_first_dag.py
[2025-02-15T08:48:16.008+0000] {processor.py:914} INFO - Processing file /opt/airflow/dags/my_first_dag.py for tasks to queue
[2025-02-15T08:48:16.009+0000] {logging_mixin.py:190} INFO - [2025-02-15T08:48:16.009+0000] {dagbag.py:588} INFO - Filling up the DagBag from /opt/airflow/dags/my_first_dag.py
[2025-02-15T08:48:16.016+0000] {processor.py:925} INFO - DAG(s) 'my_first_dag' retrieved from /opt/airflow/dags/my_first_dag.py
[2025-02-15T08:48:16.035+0000] {logging_mixin.py:190} INFO - [2025-02-15T08:48:16.035+0000] {dag.py:3239} INFO - Sync 1 DAGs
[2025-02-15T08:48:16.055+0000] {logging_mixin.py:190} INFO - [2025-02-15T08:48:16.055+0000] {dag.py:4180} INFO - Setting next_dagrun for my_first_dag to None, run_after=None
[2025-02-15T08:48:16.097+0000] {processor.py:208} INFO - Processing /opt/airflow/dags/my_first_dag.py took 0.096 seconds
[2025-02-15T08:48:46.332+0000] {processor.py:186} INFO - Started process (PID=21926) to work on /opt/airflow/dags/my_first_dag.py
[2025-02-15T08:48:46.333+0000] {processor.py:914} INFO - Processing file /opt/airflow/dags/my_first_dag.py for tasks to queue
[2025-02-15T08:48:46.334+0000] {logging_mixin.py:190} INFO - [2025-02-15T08:48:46.333+0000] {dagbag.py:588} INFO - Filling up the DagBag from /opt/airflow/dags/my_first_dag.py
[2025-02-15T08:48:46.340+0000] {processor.py:925} INFO - DAG(s) 'my_first_dag' retrieved from /opt/airflow/dags/my_first_dag.py
[2025-02-15T08:48:46.359+0000] {logging_mixin.py:190} INFO - [2025-02-15T08:48:46.359+0000] {dag.py:3239} INFO - Sync 1 DAGs
[2025-02-15T08:48:46.375+0000] {logging_mixin.py:190} INFO - [2025-02-15T08:48:46.375+0000] {dag.py:4180} INFO - Setting next_dagrun for my_first_dag to None, run_after=None
[2025-02-15T08:48:46.393+0000] {processor.py:208} INFO - Processing /opt/airflow/dags/my_first_dag.py took 0.071 seconds
[2025-02-15T08:49:17.157+0000] {processor.py:186} INFO - Started process (PID=22232) to work on /opt/airflow/dags/my_first_dag.py
[2025-02-15T08:49:17.167+0000] {processor.py:914} INFO - Processing file /opt/airflow/dags/my_first_dag.py for tasks to queue
[2025-02-15T08:49:17.171+0000] {logging_mixin.py:190} INFO - [2025-02-15T08:49:17.168+0000] {dagbag.py:588} INFO - Filling up the DagBag from /opt/airflow/dags/my_first_dag.py
[2025-02-15T08:49:17.178+0000] {processor.py:925} INFO - DAG(s) 'my_first_dag' retrieved from /opt/airflow/dags/my_first_dag.py
[2025-02-15T08:49:17.226+0000] {logging_mixin.py:190} INFO - [2025-02-15T08:49:17.226+0000] {dag.py:3239} INFO - Sync 1 DAGs
[2025-02-15T08:49:17.243+0000] {logging_mixin.py:190} INFO - [2025-02-15T08:49:17.243+0000] {dag.py:4180} INFO - Setting next_dagrun for my_first_dag to None, run_after=None
[2025-02-15T08:49:17.259+0000] {processor.py:208} INFO - Processing /opt/airflow/dags/my_first_dag.py took 0.108 seconds
[2025-02-15T08:49:47.634+0000] {processor.py:186} INFO - Started process (PID=22539) to work on /opt/airflow/dags/my_first_dag.py
[2025-02-15T08:49:47.643+0000] {processor.py:914} INFO - Processing file /opt/airflow/dags/my_first_dag.py for tasks to queue
[2025-02-15T08:49:47.644+0000] {logging_mixin.py:190} INFO - [2025-02-15T08:49:47.644+0000] {dagbag.py:588} INFO - Filling up the DagBag from /opt/airflow/dags/my_first_dag.py
[2025-02-15T08:49:47.652+0000] {processor.py:925} INFO - DAG(s) 'my_first_dag' retrieved from /opt/airflow/dags/my_first_dag.py
[2025-02-15T08:49:47.674+0000] {logging_mixin.py:190} INFO - [2025-02-15T08:49:47.673+0000] {dag.py:3239} INFO - Sync 1 DAGs
[2025-02-15T08:49:47.690+0000] {logging_mixin.py:190} INFO - [2025-02-15T08:49:47.690+0000] {dag.py:4180} INFO - Setting next_dagrun for my_first_dag to None, run_after=None
[2025-02-15T08:49:47.706+0000] {processor.py:208} INFO - Processing /opt/airflow/dags/my_first_dag.py took 0.079 seconds
[2025-02-15T08:50:17.847+0000] {processor.py:186} INFO - Started process (PID=22847) to work on /opt/airflow/dags/my_first_dag.py
[2025-02-15T08:50:17.848+0000] {processor.py:914} INFO - Processing file /opt/airflow/dags/my_first_dag.py for tasks to queue
[2025-02-15T08:50:17.849+0000] {logging_mixin.py:190} INFO - [2025-02-15T08:50:17.849+0000] {dagbag.py:588} INFO - Filling up the DagBag from /opt/airflow/dags/my_first_dag.py
[2025-02-15T08:50:17.864+0000] {processor.py:925} INFO - DAG(s) 'my_first_dag' retrieved from /opt/airflow/dags/my_first_dag.py
[2025-02-15T08:50:17.883+0000] {logging_mixin.py:190} INFO - [2025-02-15T08:50:17.883+0000] {dag.py:3239} INFO - Sync 1 DAGs
[2025-02-15T08:50:17.900+0000] {logging_mixin.py:190} INFO - [2025-02-15T08:50:17.900+0000] {dag.py:4180} INFO - Setting next_dagrun for my_first_dag to None, run_after=None
[2025-02-15T08:50:17.928+0000] {processor.py:208} INFO - Processing /opt/airflow/dags/my_first_dag.py took 0.087 seconds
[2025-02-15T08:50:48.412+0000] {processor.py:186} INFO - Started process (PID=23154) to work on /opt/airflow/dags/my_first_dag.py
[2025-02-15T08:50:48.413+0000] {processor.py:914} INFO - Processing file /opt/airflow/dags/my_first_dag.py for tasks to queue
[2025-02-15T08:50:48.414+0000] {logging_mixin.py:190} INFO - [2025-02-15T08:50:48.414+0000] {dagbag.py:588} INFO - Filling up the DagBag from /opt/airflow/dags/my_first_dag.py
[2025-02-15T08:50:48.421+0000] {processor.py:925} INFO - DAG(s) 'my_first_dag' retrieved from /opt/airflow/dags/my_first_dag.py
[2025-02-15T08:50:48.439+0000] {logging_mixin.py:190} INFO - [2025-02-15T08:50:48.439+0000] {dag.py:3239} INFO - Sync 1 DAGs
[2025-02-15T08:50:48.456+0000] {logging_mixin.py:190} INFO - [2025-02-15T08:50:48.456+0000] {dag.py:4180} INFO - Setting next_dagrun for my_first_dag to None, run_after=None
[2025-02-15T08:50:48.473+0000] {processor.py:208} INFO - Processing /opt/airflow/dags/my_first_dag.py took 0.067 seconds
[2025-02-15T08:51:18.597+0000] {processor.py:186} INFO - Started process (PID=23461) to work on /opt/airflow/dags/my_first_dag.py
[2025-02-15T08:51:18.598+0000] {processor.py:914} INFO - Processing file /opt/airflow/dags/my_first_dag.py for tasks to queue
[2025-02-15T08:51:18.599+0000] {logging_mixin.py:190} INFO - [2025-02-15T08:51:18.599+0000] {dagbag.py:588} INFO - Filling up the DagBag from /opt/airflow/dags/my_first_dag.py
[2025-02-15T08:51:18.606+0000] {processor.py:925} INFO - DAG(s) 'my_first_dag' retrieved from /opt/airflow/dags/my_first_dag.py
[2025-02-15T08:51:18.630+0000] {logging_mixin.py:190} INFO - [2025-02-15T08:51:18.629+0000] {dag.py:3239} INFO - Sync 1 DAGs
[2025-02-15T08:51:18.646+0000] {logging_mixin.py:190} INFO - [2025-02-15T08:51:18.646+0000] {dag.py:4180} INFO - Setting next_dagrun for my_first_dag to None, run_after=None
[2025-02-15T08:51:18.662+0000] {processor.py:208} INFO - Processing /opt/airflow/dags/my_first_dag.py took 0.071 seconds
[2025-02-15T08:51:49.180+0000] {processor.py:186} INFO - Started process (PID=23768) to work on /opt/airflow/dags/my_first_dag.py
[2025-02-15T08:51:49.181+0000] {processor.py:914} INFO - Processing file /opt/airflow/dags/my_first_dag.py for tasks to queue
[2025-02-15T08:51:49.182+0000] {logging_mixin.py:190} INFO - [2025-02-15T08:51:49.182+0000] {dagbag.py:588} INFO - Filling up the DagBag from /opt/airflow/dags/my_first_dag.py
[2025-02-15T08:51:49.189+0000] {processor.py:925} INFO - DAG(s) 'my_first_dag' retrieved from /opt/airflow/dags/my_first_dag.py
[2025-02-15T08:51:49.208+0000] {logging_mixin.py:190} INFO - [2025-02-15T08:51:49.207+0000] {dag.py:3239} INFO - Sync 1 DAGs
[2025-02-15T08:51:49.232+0000] {logging_mixin.py:190} INFO - [2025-02-15T08:51:49.232+0000] {dag.py:4180} INFO - Setting next_dagrun for my_first_dag to None, run_after=None
[2025-02-15T08:51:49.253+0000] {processor.py:208} INFO - Processing /opt/airflow/dags/my_first_dag.py took 0.079 seconds
[2025-02-15T08:52:19.948+0000] {processor.py:186} INFO - Started process (PID=24075) to work on /opt/airflow/dags/my_first_dag.py
[2025-02-15T08:52:19.949+0000] {processor.py:914} INFO - Processing file /opt/airflow/dags/my_first_dag.py for tasks to queue
[2025-02-15T08:52:19.950+0000] {logging_mixin.py:190} INFO - [2025-02-15T08:52:19.950+0000] {dagbag.py:588} INFO - Filling up the DagBag from /opt/airflow/dags/my_first_dag.py
[2025-02-15T08:52:19.956+0000] {processor.py:925} INFO - DAG(s) 'my_first_dag' retrieved from /opt/airflow/dags/my_first_dag.py
[2025-02-15T08:52:19.974+0000] {logging_mixin.py:190} INFO - [2025-02-15T08:52:19.974+0000] {dag.py:3239} INFO - Sync 1 DAGs
[2025-02-15T08:52:19.990+0000] {logging_mixin.py:190} INFO - [2025-02-15T08:52:19.990+0000] {dag.py:4180} INFO - Setting next_dagrun for my_first_dag to None, run_after=None
[2025-02-15T08:52:20.006+0000] {processor.py:208} INFO - Processing /opt/airflow/dags/my_first_dag.py took 0.065 seconds
[2025-02-15T08:52:50.200+0000] {processor.py:186} INFO - Started process (PID=24381) to work on /opt/airflow/dags/my_first_dag.py
[2025-02-15T08:52:50.201+0000] {processor.py:914} INFO - Processing file /opt/airflow/dags/my_first_dag.py for tasks to queue
[2025-02-15T08:52:50.202+0000] {logging_mixin.py:190} INFO - [2025-02-15T08:52:50.202+0000] {dagbag.py:588} INFO - Filling up the DagBag from /opt/airflow/dags/my_first_dag.py
[2025-02-15T08:52:50.210+0000] {processor.py:925} INFO - DAG(s) 'my_first_dag' retrieved from /opt/airflow/dags/my_first_dag.py
[2025-02-15T08:52:50.240+0000] {logging_mixin.py:190} INFO - [2025-02-15T08:52:50.240+0000] {dag.py:3239} INFO - Sync 1 DAGs
[2025-02-15T08:52:50.259+0000] {logging_mixin.py:190} INFO - [2025-02-15T08:52:50.259+0000] {dag.py:4180} INFO - Setting next_dagrun for my_first_dag to None, run_after=None
[2025-02-15T08:52:50.274+0000] {processor.py:208} INFO - Processing /opt/airflow/dags/my_first_dag.py took 0.081 seconds
[2025-02-15T08:53:20.963+0000] {processor.py:186} INFO - Started process (PID=24688) to work on /opt/airflow/dags/my_first_dag.py
[2025-02-15T08:53:20.964+0000] {processor.py:914} INFO - Processing file /opt/airflow/dags/my_first_dag.py for tasks to queue
[2025-02-15T08:53:20.966+0000] {logging_mixin.py:190} INFO - [2025-02-15T08:53:20.965+0000] {dagbag.py:588} INFO - Filling up the DagBag from /opt/airflow/dags/my_first_dag.py
[2025-02-15T08:53:20.972+0000] {processor.py:925} INFO - DAG(s) 'my_first_dag' retrieved from /opt/airflow/dags/my_first_dag.py
[2025-02-15T08:53:20.991+0000] {logging_mixin.py:190} INFO - [2025-02-15T08:53:20.990+0000] {dag.py:3239} INFO - Sync 1 DAGs
[2025-02-15T08:53:21.007+0000] {logging_mixin.py:190} INFO - [2025-02-15T08:53:21.006+0000] {dag.py:4180} INFO - Setting next_dagrun for my_first_dag to None, run_after=None
[2025-02-15T08:53:21.023+0000] {processor.py:208} INFO - Processing /opt/airflow/dags/my_first_dag.py took 0.066 seconds
[2025-02-15T08:53:51.984+0000] {processor.py:186} INFO - Started process (PID=24995) to work on /opt/airflow/dags/my_first_dag.py
[2025-02-15T08:53:51.985+0000] {processor.py:914} INFO - Processing file /opt/airflow/dags/my_first_dag.py for tasks to queue
[2025-02-15T08:53:51.986+0000] {logging_mixin.py:190} INFO - [2025-02-15T08:53:51.986+0000] {dagbag.py:588} INFO - Filling up the DagBag from /opt/airflow/dags/my_first_dag.py
[2025-02-15T08:53:51.992+0000] {processor.py:925} INFO - DAG(s) 'my_first_dag' retrieved from /opt/airflow/dags/my_first_dag.py
[2025-02-15T08:53:52.011+0000] {logging_mixin.py:190} INFO - [2025-02-15T08:53:52.011+0000] {dag.py:3239} INFO - Sync 1 DAGs
[2025-02-15T08:53:52.028+0000] {logging_mixin.py:190} INFO - [2025-02-15T08:53:52.028+0000] {dag.py:4180} INFO - Setting next_dagrun for my_first_dag to None, run_after=None
[2025-02-15T08:53:52.045+0000] {processor.py:208} INFO - Processing /opt/airflow/dags/my_first_dag.py took 0.072 seconds
[2025-02-15T08:54:22.140+0000] {processor.py:186} INFO - Started process (PID=25302) to work on /opt/airflow/dags/my_first_dag.py
[2025-02-15T08:54:22.141+0000] {processor.py:914} INFO - Processing file /opt/airflow/dags/my_first_dag.py for tasks to queue
[2025-02-15T08:54:22.142+0000] {logging_mixin.py:190} INFO - [2025-02-15T08:54:22.142+0000] {dagbag.py:588} INFO - Filling up the DagBag from /opt/airflow/dags/my_first_dag.py
[2025-02-15T08:54:22.149+0000] {processor.py:925} INFO - DAG(s) 'my_first_dag' retrieved from /opt/airflow/dags/my_first_dag.py
[2025-02-15T08:54:22.173+0000] {logging_mixin.py:190} INFO - [2025-02-15T08:54:22.173+0000] {dag.py:3239} INFO - Sync 1 DAGs
[2025-02-15T08:54:22.189+0000] {logging_mixin.py:190} INFO - [2025-02-15T08:54:22.189+0000] {dag.py:4180} INFO - Setting next_dagrun for my_first_dag to None, run_after=None
[2025-02-15T08:54:22.205+0000] {processor.py:208} INFO - Processing /opt/airflow/dags/my_first_dag.py took 0.071 seconds
[2025-02-15T08:54:52.316+0000] {processor.py:186} INFO - Started process (PID=25608) to work on /opt/airflow/dags/my_first_dag.py
[2025-02-15T08:54:52.316+0000] {processor.py:914} INFO - Processing file /opt/airflow/dags/my_first_dag.py for tasks to queue
[2025-02-15T08:54:52.318+0000] {logging_mixin.py:190} INFO - [2025-02-15T08:54:52.317+0000] {dagbag.py:588} INFO - Filling up the DagBag from /opt/airflow/dags/my_first_dag.py
[2025-02-15T08:54:52.324+0000] {processor.py:925} INFO - DAG(s) 'my_first_dag' retrieved from /opt/airflow/dags/my_first_dag.py
[2025-02-15T08:54:52.343+0000] {logging_mixin.py:190} INFO - [2025-02-15T08:54:52.343+0000] {dag.py:3239} INFO - Sync 1 DAGs
[2025-02-15T08:54:52.360+0000] {logging_mixin.py:190} INFO - [2025-02-15T08:54:52.360+0000] {dag.py:4180} INFO - Setting next_dagrun for my_first_dag to None, run_after=None
[2025-02-15T08:54:52.377+0000] {processor.py:208} INFO - Processing /opt/airflow/dags/my_first_dag.py took 0.067 seconds
[2025-02-15T08:55:23.089+0000] {processor.py:186} INFO - Started process (PID=25915) to work on /opt/airflow/dags/my_first_dag.py
[2025-02-15T08:55:23.098+0000] {processor.py:914} INFO - Processing file /opt/airflow/dags/my_first_dag.py for tasks to queue
[2025-02-15T08:55:23.099+0000] {logging_mixin.py:190} INFO - [2025-02-15T08:55:23.099+0000] {dagbag.py:588} INFO - Filling up the DagBag from /opt/airflow/dags/my_first_dag.py
[2025-02-15T08:55:23.105+0000] {processor.py:925} INFO - DAG(s) 'my_first_dag' retrieved from /opt/airflow/dags/my_first_dag.py
[2025-02-15T08:55:23.143+0000] {logging_mixin.py:190} INFO - [2025-02-15T08:55:23.142+0000] {dag.py:3239} INFO - Sync 1 DAGs
[2025-02-15T08:55:23.160+0000] {logging_mixin.py:190} INFO - [2025-02-15T08:55:23.160+0000] {dag.py:4180} INFO - Setting next_dagrun for my_first_dag to None, run_after=None
[2025-02-15T08:55:23.176+0000] {processor.py:208} INFO - Processing /opt/airflow/dags/my_first_dag.py took 0.096 seconds
[2025-02-15T08:55:53.479+0000] {processor.py:186} INFO - Started process (PID=26221) to work on /opt/airflow/dags/my_first_dag.py
[2025-02-15T08:55:53.480+0000] {processor.py:914} INFO - Processing file /opt/airflow/dags/my_first_dag.py for tasks to queue
[2025-02-15T08:55:53.481+0000] {logging_mixin.py:190} INFO - [2025-02-15T08:55:53.481+0000] {dagbag.py:588} INFO - Filling up the DagBag from /opt/airflow/dags/my_first_dag.py
[2025-02-15T08:55:53.488+0000] {processor.py:925} INFO - DAG(s) 'my_first_dag' retrieved from /opt/airflow/dags/my_first_dag.py
[2025-02-15T08:55:53.508+0000] {logging_mixin.py:190} INFO - [2025-02-15T08:55:53.507+0000] {dag.py:3239} INFO - Sync 1 DAGs
[2025-02-15T08:55:53.528+0000] {logging_mixin.py:190} INFO - [2025-02-15T08:55:53.528+0000] {dag.py:4180} INFO - Setting next_dagrun for my_first_dag to None, run_after=None
[2025-02-15T08:55:53.545+0000] {processor.py:208} INFO - Processing /opt/airflow/dags/my_first_dag.py took 0.073 seconds
[2025-02-15T08:56:24.454+0000] {processor.py:186} INFO - Started process (PID=26527) to work on /opt/airflow/dags/my_first_dag.py
[2025-02-15T08:56:24.455+0000] {processor.py:914} INFO - Processing file /opt/airflow/dags/my_first_dag.py for tasks to queue
[2025-02-15T08:56:24.456+0000] {logging_mixin.py:190} INFO - [2025-02-15T08:56:24.456+0000] {dagbag.py:588} INFO - Filling up the DagBag from /opt/airflow/dags/my_first_dag.py
[2025-02-15T08:56:24.462+0000] {processor.py:925} INFO - DAG(s) 'my_first_dag' retrieved from /opt/airflow/dags/my_first_dag.py
[2025-02-15T08:56:24.484+0000] {logging_mixin.py:190} INFO - [2025-02-15T08:56:24.484+0000] {dag.py:3239} INFO - Sync 1 DAGs
[2025-02-15T08:56:24.500+0000] {logging_mixin.py:190} INFO - [2025-02-15T08:56:24.500+0000] {dag.py:4180} INFO - Setting next_dagrun for my_first_dag to None, run_after=None
[2025-02-15T08:56:24.517+0000] {processor.py:208} INFO - Processing /opt/airflow/dags/my_first_dag.py took 0.069 seconds
[2025-02-15T08:56:55.241+0000] {processor.py:186} INFO - Started process (PID=26833) to work on /opt/airflow/dags/my_first_dag.py
[2025-02-15T08:56:55.242+0000] {processor.py:914} INFO - Processing file /opt/airflow/dags/my_first_dag.py for tasks to queue
[2025-02-15T08:56:55.243+0000] {logging_mixin.py:190} INFO - [2025-02-15T08:56:55.243+0000] {dagbag.py:588} INFO - Filling up the DagBag from /opt/airflow/dags/my_first_dag.py
[2025-02-15T08:56:55.249+0000] {processor.py:925} INFO - DAG(s) 'my_first_dag' retrieved from /opt/airflow/dags/my_first_dag.py
[2025-02-15T08:56:55.268+0000] {logging_mixin.py:190} INFO - [2025-02-15T08:56:55.268+0000] {dag.py:3239} INFO - Sync 1 DAGs
[2025-02-15T08:56:55.285+0000] {logging_mixin.py:190} INFO - [2025-02-15T08:56:55.285+0000] {dag.py:4180} INFO - Setting next_dagrun for my_first_dag to None, run_after=None
[2025-02-15T08:56:55.305+0000] {processor.py:208} INFO - Processing /opt/airflow/dags/my_first_dag.py took 0.070 seconds
[2025-02-15T08:57:25.520+0000] {processor.py:186} INFO - Started process (PID=27139) to work on /opt/airflow/dags/my_first_dag.py
[2025-02-15T08:57:25.521+0000] {processor.py:914} INFO - Processing file /opt/airflow/dags/my_first_dag.py for tasks to queue
[2025-02-15T08:57:25.522+0000] {logging_mixin.py:190} INFO - [2025-02-15T08:57:25.522+0000] {dagbag.py:588} INFO - Filling up the DagBag from /opt/airflow/dags/my_first_dag.py
[2025-02-15T08:57:25.529+0000] {processor.py:925} INFO - DAG(s) 'my_first_dag' retrieved from /opt/airflow/dags/my_first_dag.py
[2025-02-15T08:57:25.552+0000] {logging_mixin.py:190} INFO - [2025-02-15T08:57:25.552+0000] {dag.py:3239} INFO - Sync 1 DAGs
[2025-02-15T08:57:25.569+0000] {logging_mixin.py:190} INFO - [2025-02-15T08:57:25.569+0000] {dag.py:4180} INFO - Setting next_dagrun for my_first_dag to None, run_after=None
[2025-02-15T08:57:25.585+0000] {processor.py:208} INFO - Processing /opt/airflow/dags/my_first_dag.py took 0.071 seconds
[2025-02-15T08:57:55.787+0000] {processor.py:186} INFO - Started process (PID=27444) to work on /opt/airflow/dags/my_first_dag.py
[2025-02-15T08:57:55.788+0000] {processor.py:914} INFO - Processing file /opt/airflow/dags/my_first_dag.py for tasks to queue
[2025-02-15T08:57:55.789+0000] {logging_mixin.py:190} INFO - [2025-02-15T08:57:55.789+0000] {dagbag.py:588} INFO - Filling up the DagBag from /opt/airflow/dags/my_first_dag.py
[2025-02-15T08:57:55.795+0000] {processor.py:925} INFO - DAG(s) 'my_first_dag' retrieved from /opt/airflow/dags/my_first_dag.py
[2025-02-15T08:57:55.814+0000] {logging_mixin.py:190} INFO - [2025-02-15T08:57:55.813+0000] {dag.py:3239} INFO - Sync 1 DAGs
[2025-02-15T08:57:55.832+0000] {logging_mixin.py:190} INFO - [2025-02-15T08:57:55.831+0000] {dag.py:4180} INFO - Setting next_dagrun for my_first_dag to None, run_after=None
[2025-02-15T08:57:55.849+0000] {processor.py:208} INFO - Processing /opt/airflow/dags/my_first_dag.py took 0.068 seconds
[2025-02-15T08:58:26.620+0000] {processor.py:186} INFO - Started process (PID=27751) to work on /opt/airflow/dags/my_first_dag.py
[2025-02-15T08:58:26.621+0000] {processor.py:914} INFO - Processing file /opt/airflow/dags/my_first_dag.py for tasks to queue
[2025-02-15T08:58:26.623+0000] {logging_mixin.py:190} INFO - [2025-02-15T08:58:26.622+0000] {dagbag.py:588} INFO - Filling up the DagBag from /opt/airflow/dags/my_first_dag.py
[2025-02-15T08:58:26.629+0000] {processor.py:925} INFO - DAG(s) 'my_first_dag' retrieved from /opt/airflow/dags/my_first_dag.py
[2025-02-15T08:58:26.648+0000] {logging_mixin.py:190} INFO - [2025-02-15T08:58:26.648+0000] {dag.py:3239} INFO - Sync 1 DAGs
[2025-02-15T08:58:26.677+0000] {logging_mixin.py:190} INFO - [2025-02-15T08:58:26.677+0000] {dag.py:4180} INFO - Setting next_dagrun for my_first_dag to None, run_after=None
[2025-02-15T08:58:26.703+0000] {processor.py:208} INFO - Processing /opt/airflow/dags/my_first_dag.py took 0.088 seconds
[2025-02-15T08:58:56.919+0000] {processor.py:186} INFO - Started process (PID=28058) to work on /opt/airflow/dags/my_first_dag.py
[2025-02-15T08:58:56.934+0000] {processor.py:914} INFO - Processing file /opt/airflow/dags/my_first_dag.py for tasks to queue
[2025-02-15T08:58:56.936+0000] {logging_mixin.py:190} INFO - [2025-02-15T08:58:56.935+0000] {dagbag.py:588} INFO - Filling up the DagBag from /opt/airflow/dags/my_first_dag.py
[2025-02-15T08:58:56.951+0000] {processor.py:925} INFO - DAG(s) 'my_first_dag' retrieved from /opt/airflow/dags/my_first_dag.py
[2025-02-15T08:58:56.969+0000] {logging_mixin.py:190} INFO - [2025-02-15T08:58:56.969+0000] {dag.py:3239} INFO - Sync 1 DAGs
[2025-02-15T08:58:56.985+0000] {logging_mixin.py:190} INFO - [2025-02-15T08:58:56.984+0000] {dag.py:4180} INFO - Setting next_dagrun for my_first_dag to None, run_after=None
[2025-02-15T08:58:57.011+0000] {processor.py:208} INFO - Processing /opt/airflow/dags/my_first_dag.py took 0.131 seconds
