[2025-02-15T08:13:05.398+0000] {local_task_job_runner.py:123} INFO - ::group::Pre task execution logs
[2025-02-15T08:13:05.828+0000] {taskinstance.py:2613} INFO - Dependencies all met for dep_context=non-requeueable deps ti=<TaskInstance: play_with_airflow_connections_and_hooks.get_data scheduled__2025-02-14T00:00:00+00:00 [queued]>
[2025-02-15T08:13:06.160+0000] {taskinstance.py:2613} INFO - Dependencies all met for dep_context=requeueable deps ti=<TaskInstance: play_with_airflow_connections_and_hooks.get_data scheduled__2025-02-14T00:00:00+00:00 [queued]>
[2025-02-15T08:13:06.160+0000] {taskinstance.py:2866} INFO - Starting attempt 1 of 1
[2025-02-15T08:13:06.688+0000] {taskinstance.py:2889} INFO - Executing <Task(PythonOperator): get_data> on 2025-02-14 00:00:00+00:00
[2025-02-15T08:13:07.254+0000] {standard_task_runner.py:104} INFO - Running: ['***', 'tasks', 'run', 'play_with_***_connections_and_hooks', 'get_data', 'scheduled__2025-02-14T00:00:00+00:00', '--job-id', '15', '--raw', '--subdir', 'DAGS_FOLDER/play_with_***_connections_and_hooks.py', '--cfg-path', '/tmp/tmpbh8t2nxh']
[2025-02-15T08:13:07.287+0000] {standard_task_runner.py:105} INFO - Job 15: Subtask get_data
[2025-02-15T08:13:07.294+0000] {logging_mixin.py:190} WARNING - /home/***/.local/lib/python3.12/site-packages/***/task/task_runner/standard_task_runner.py:70 DeprecationWarning: This process (pid=195) is multi-threaded, use of fork() may lead to deadlocks in the child.
[2025-02-15T08:13:07.531+0000] {standard_task_runner.py:72} INFO - Started process 297 to run task
[2025-02-15T08:13:08.426+0000] {task_command.py:467} INFO - Running <TaskInstance: play_with_airflow_connections_and_hooks.get_data scheduled__2025-02-14T00:00:00+00:00 [running]> on host 873c6cedbc19
[2025-02-15T08:13:09.746+0000] {taskinstance.py:3132} INFO - Exporting env vars: AIRFLOW_CTX_DAG_OWNER='***' AIRFLOW_CTX_DAG_ID='play_with_***_connections_and_hooks' AIRFLOW_CTX_TASK_ID='get_data' AIRFLOW_CTX_EXECUTION_DATE='2025-02-14T00:00:00+00:00' AIRFLOW_CTX_TRY_NUMBER='1' AIRFLOW_CTX_DAG_RUN_ID='scheduled__2025-02-14T00:00:00+00:00'
[2025-02-15T08:13:09.747+0000] {logging_mixin.py:190} INFO - Task instance is in running state
[2025-02-15T08:13:09.747+0000] {logging_mixin.py:190} INFO -  Previous state of the Task instance: queued
[2025-02-15T08:13:09.747+0000] {logging_mixin.py:190} INFO - Current task name:get_data state:running start_date:2025-02-15 08:13:05.829306+00:00
[2025-02-15T08:13:09.748+0000] {logging_mixin.py:190} INFO - Dag name:play_with_***_connections_and_hooks and current dag run status:running
[2025-02-15T08:13:09.748+0000] {taskinstance.py:731} INFO - ::endgroup::
[2025-02-15T08:13:09.879+0000] {base.py:84} INFO - Retrieving connection 'my_postgres_conn'
[2025-02-15T08:13:10.181+0000] {logging_mixin.py:190} INFO - ('***', 'public', 'log', 'BASE TABLE', None, None, None, None, None, 'YES', 'NO', None)
[2025-02-15T08:13:10.182+0000] {logging_mixin.py:190} INFO - ('***', 'public', 'dag_priority_parsing_request', 'BASE TABLE', None, None, None, None, None, 'YES', 'NO', None)
[2025-02-15T08:13:10.183+0000] {logging_mixin.py:190} INFO - ('***', 'public', 'job', 'BASE TABLE', None, None, None, None, None, 'YES', 'NO', None)
[2025-02-15T08:13:10.184+0000] {logging_mixin.py:190} INFO - ('***', 'pg_catalog', 'pg_statistic', 'BASE TABLE', None, None, None, None, None, 'YES', 'NO', None)
[2025-02-15T08:13:10.185+0000] {logging_mixin.py:190} INFO - ('***', 'pg_catalog', 'pg_type', 'BASE TABLE', None, None, None, None, None, 'YES', 'NO', None)
[2025-02-15T08:13:10.186+0000] {logging_mixin.py:190} INFO - ('***', 'public', 'slot_pool', 'BASE TABLE', None, None, None, None, None, 'YES', 'NO', None)
[2025-02-15T08:13:10.191+0000] {logging_mixin.py:190} INFO - ('***', 'public', 'callback_request', 'BASE TABLE', None, None, None, None, None, 'YES', 'NO', None)
[2025-02-15T08:13:10.193+0000] {logging_mixin.py:190} INFO - ('***', 'pg_catalog', 'pg_foreign_table', 'BASE TABLE', None, None, None, None, None, 'YES', 'NO', None)
[2025-02-15T08:13:10.194+0000] {logging_mixin.py:190} INFO - ('***', 'pg_catalog', 'pg_authid', 'BASE TABLE', None, None, None, None, None, 'YES', 'NO', None)
[2025-02-15T08:13:10.196+0000] {logging_mixin.py:190} INFO - ('***', 'pg_catalog', 'pg_shadow', 'VIEW', None, None, None, None, None, 'NO', 'NO', None)
[2025-02-15T08:13:10.199+0000] {logging_mixin.py:190} INFO - ('***', 'public', 'dag_code', 'BASE TABLE', None, None, None, None, None, 'YES', 'NO', None)
[2025-02-15T08:13:10.200+0000] {logging_mixin.py:190} INFO - ('***', 'public', 'dag_pickle', 'BASE TABLE', None, None, None, None, None, 'YES', 'NO', None)
[2025-02-15T08:13:10.203+0000] {logging_mixin.py:190} INFO - ('***', 'pg_catalog', 'pg_statistic_ext_data', 'BASE TABLE', None, None, None, None, None, 'YES', 'NO', None)
[2025-02-15T08:13:10.205+0000] {logging_mixin.py:190} INFO - ('***', 'pg_catalog', 'pg_roles', 'VIEW', None, None, None, None, None, 'NO', 'NO', None)
[2025-02-15T08:13:10.206+0000] {logging_mixin.py:190} INFO - ('***', 'pg_catalog', 'pg_settings', 'VIEW', None, None, None, None, None, 'NO', 'NO', None)
[2025-02-15T08:13:10.209+0000] {logging_mixin.py:190} INFO - ('***', 'pg_catalog', 'pg_file_settings', 'VIEW', None, None, None, None, None, 'NO', 'NO', None)
[2025-02-15T08:13:10.211+0000] {logging_mixin.py:190} INFO - ('***', 'pg_catalog', 'pg_hba_file_rules', 'VIEW', None, None, None, None, None, 'NO', 'NO', None)
[2025-02-15T08:13:10.214+0000] {logging_mixin.py:190} INFO - ('***', 'pg_catalog', 'pg_config', 'VIEW', None, None, None, None, None, 'NO', 'NO', None)
[2025-02-15T08:13:10.218+0000] {logging_mixin.py:190} INFO - ('***', 'pg_catalog', 'pg_shmem_allocations', 'VIEW', None, None, None, None, None, 'NO', 'NO', None)
[2025-02-15T08:13:10.219+0000] {logging_mixin.py:190} INFO - ('***', 'public', 'ab_user', 'BASE TABLE', None, None, None, None, None, 'YES', 'NO', None)
[2025-02-15T08:13:10.223+0000] {logging_mixin.py:190} INFO - ('***', 'public', 'ab_register_user', 'BASE TABLE', None, None, None, None, None, 'YES', 'NO', None)
[2025-02-15T08:13:10.233+0000] {logging_mixin.py:190} INFO - ('***', 'pg_catalog', 'pg_prepared_statements', 'VIEW', None, None, None, None, None, 'NO', 'NO', None)
[2025-02-15T08:13:10.241+0000] {logging_mixin.py:190} INFO - ('***', 'pg_catalog', 'pg_largeobject', 'BASE TABLE', None, None, None, None, None, 'YES', 'NO', None)
[2025-02-15T08:13:10.242+0000] {logging_mixin.py:190} INFO - ('***', 'public', 'connection', 'BASE TABLE', None, None, None, None, None, 'YES', 'NO', None)
[2025-02-15T08:13:10.244+0000] {logging_mixin.py:190} INFO - ('***', 'pg_catalog', 'pg_user_mapping', 'BASE TABLE', None, None, None, None, None, 'YES', 'NO', None)
[2025-02-15T08:13:10.248+0000] {logging_mixin.py:190} INFO - ('***', 'pg_catalog', 'pg_stat_progress_vacuum', 'VIEW', None, None, None, None, None, 'NO', 'NO', None)
[2025-02-15T08:13:10.257+0000] {logging_mixin.py:190} INFO - ('***', 'pg_catalog', 'pg_replication_origin_status', 'VIEW', None, None, None, None, None, 'NO', 'NO', None)
[2025-02-15T08:13:10.263+0000] {logging_mixin.py:190} INFO - ('***', 'pg_catalog', 'pg_subscription', 'BASE TABLE', None, None, None, None, None, 'YES', 'NO', None)
[2025-02-15T08:13:10.266+0000] {logging_mixin.py:190} INFO - ('***', 'pg_catalog', 'pg_attribute', 'BASE TABLE', None, None, None, None, None, 'YES', 'NO', None)
[2025-02-15T08:13:10.270+0000] {logging_mixin.py:190} INFO - ('***', 'pg_catalog', 'pg_proc', 'BASE TABLE', None, None, None, None, None, 'YES', 'NO', None)
[2025-02-15T08:13:10.272+0000] {logging_mixin.py:190} INFO - ('***', 'pg_catalog', 'pg_class', 'BASE TABLE', None, None, None, None, None, 'YES', 'NO', None)
[2025-02-15T08:13:10.273+0000] {logging_mixin.py:190} INFO - ('***', 'pg_catalog', 'pg_attrdef', 'BASE TABLE', None, None, None, None, None, 'YES', 'NO', None)
[2025-02-15T08:13:10.287+0000] {logging_mixin.py:190} INFO - ('***', 'pg_catalog', 'pg_constraint', 'BASE TABLE', None, None, None, None, None, 'YES', 'NO', None)
[2025-02-15T08:13:10.290+0000] {logging_mixin.py:190} INFO - ('***', 'pg_catalog', 'pg_inherits', 'BASE TABLE', None, None, None, None, None, 'YES', 'NO', None)
[2025-02-15T08:13:10.298+0000] {logging_mixin.py:190} INFO - ('***', 'pg_catalog', 'pg_index', 'BASE TABLE', None, None, None, None, None, 'YES', 'NO', None)
[2025-02-15T08:13:10.303+0000] {logging_mixin.py:190} INFO - ('***', 'pg_catalog', 'pg_operator', 'BASE TABLE', None, None, None, None, None, 'YES', 'NO', None)
[2025-02-15T08:13:10.306+0000] {logging_mixin.py:190} INFO - ('***', 'pg_catalog', 'pg_opfamily', 'BASE TABLE', None, None, None, None, None, 'YES', 'NO', None)
[2025-02-15T08:13:10.312+0000] {logging_mixin.py:190} INFO - ('***', 'pg_catalog', 'pg_opclass', 'BASE TABLE', None, None, None, None, None, 'YES', 'NO', None)
[2025-02-15T08:13:10.314+0000] {logging_mixin.py:190} INFO - ('***', 'pg_catalog', 'pg_am', 'BASE TABLE', None, None, None, None, None, 'YES', 'NO', None)
[2025-02-15T08:13:10.322+0000] {logging_mixin.py:190} INFO - ('***', 'pg_catalog', 'pg_amop', 'BASE TABLE', None, None, None, None, None, 'YES', 'NO', None)
[2025-02-15T08:13:10.326+0000] {logging_mixin.py:190} INFO - ('***', 'pg_catalog', 'pg_amproc', 'BASE TABLE', None, None, None, None, None, 'YES', 'NO', None)
[2025-02-15T08:13:10.332+0000] {logging_mixin.py:190} INFO - ('***', 'pg_catalog', 'pg_language', 'BASE TABLE', None, None, None, None, None, 'YES', 'NO', None)
[2025-02-15T08:13:10.334+0000] {logging_mixin.py:190} INFO - ('***', 'pg_catalog', 'pg_largeobject_metadata', 'BASE TABLE', None, None, None, None, None, 'YES', 'NO', None)
[2025-02-15T08:13:10.338+0000] {logging_mixin.py:190} INFO - ('***', 'pg_catalog', 'pg_aggregate', 'BASE TABLE', None, None, None, None, None, 'YES', 'NO', None)
[2025-02-15T08:13:10.346+0000] {logging_mixin.py:190} INFO - ('***', 'pg_catalog', 'pg_statistic_ext', 'BASE TABLE', None, None, None, None, None, 'YES', 'NO', None)
[2025-02-15T08:13:10.350+0000] {logging_mixin.py:190} INFO - ('***', 'pg_catalog', 'pg_rewrite', 'BASE TABLE', None, None, None, None, None, 'YES', 'NO', None)
[2025-02-15T08:13:10.354+0000] {logging_mixin.py:190} INFO - ('***', 'pg_catalog', 'pg_trigger', 'BASE TABLE', None, None, None, None, None, 'YES', 'NO', None)
[2025-02-15T08:13:10.356+0000] {logging_mixin.py:190} INFO - ('***', 'pg_catalog', 'pg_event_trigger', 'BASE TABLE', None, None, None, None, None, 'YES', 'NO', None)
[2025-02-15T08:13:10.359+0000] {logging_mixin.py:190} INFO - ('***', 'pg_catalog', 'pg_description', 'BASE TABLE', None, None, None, None, None, 'YES', 'NO', None)
[2025-02-15T08:13:10.362+0000] {logging_mixin.py:190} INFO - ('***', 'pg_catalog', 'pg_cast', 'BASE TABLE', None, None, None, None, None, 'YES', 'NO', None)
[2025-02-15T08:13:10.363+0000] {logging_mixin.py:190} INFO - ('***', 'pg_catalog', 'pg_stat_progress_cluster', 'VIEW', None, None, None, None, None, 'NO', 'NO', None)
[2025-02-15T08:13:10.366+0000] {logging_mixin.py:190} INFO - ('***', 'pg_catalog', 'pg_stat_progress_create_index', 'VIEW', None, None, None, None, None, 'NO', 'NO', None)
[2025-02-15T08:13:10.371+0000] {logging_mixin.py:190} INFO - ('***', 'pg_catalog', 'pg_stat_progress_basebackup', 'VIEW', None, None, None, None, None, 'NO', 'NO', None)
[2025-02-15T08:13:10.375+0000] {logging_mixin.py:190} INFO - ('***', 'pg_catalog', 'pg_user_mappings', 'VIEW', None, None, None, None, None, 'NO', 'NO', None)
[2025-02-15T08:13:10.384+0000] {logging_mixin.py:190} INFO - ('***', 'pg_catalog', 'pg_enum', 'BASE TABLE', None, None, None, None, None, 'YES', 'NO', None)
[2025-02-15T08:13:10.388+0000] {logging_mixin.py:190} INFO - ('***', 'pg_catalog', 'pg_namespace', 'BASE TABLE', None, None, None, None, None, 'YES', 'NO', None)
[2025-02-15T08:13:10.395+0000] {logging_mixin.py:190} INFO - ('***', 'pg_catalog', 'pg_conversion', 'BASE TABLE', None, None, None, None, None, 'YES', 'NO', None)
[2025-02-15T08:13:10.400+0000] {logging_mixin.py:190} INFO - ('***', 'pg_catalog', 'pg_depend', 'BASE TABLE', None, None, None, None, None, 'YES', 'NO', None)
[2025-02-15T08:13:10.404+0000] {logging_mixin.py:190} INFO - ('***', 'pg_catalog', 'pg_database', 'BASE TABLE', None, None, None, None, None, 'YES', 'NO', None)
[2025-02-15T08:13:10.409+0000] {logging_mixin.py:190} INFO - ('***', 'pg_catalog', 'pg_db_role_setting', 'BASE TABLE', None, None, None, None, None, 'YES', 'NO', None)
[2025-02-15T08:13:10.412+0000] {logging_mixin.py:190} INFO - ('***', 'pg_catalog', 'pg_tablespace', 'BASE TABLE', None, None, None, None, None, 'YES', 'NO', None)
[2025-02-15T08:13:10.427+0000] {logging_mixin.py:190} INFO - ('***', 'pg_catalog', 'pg_auth_members', 'BASE TABLE', None, None, None, None, None, 'YES', 'NO', None)
[2025-02-15T08:13:10.435+0000] {logging_mixin.py:190} INFO - ('***', 'pg_catalog', 'pg_shdepend', 'BASE TABLE', None, None, None, None, None, 'YES', 'NO', None)
[2025-02-15T08:13:10.436+0000] {logging_mixin.py:190} INFO - ('***', 'pg_catalog', 'pg_shdescription', 'BASE TABLE', None, None, None, None, None, 'YES', 'NO', None)
[2025-02-15T08:13:10.442+0000] {logging_mixin.py:190} INFO - ('***', 'pg_catalog', 'pg_ts_config', 'BASE TABLE', None, None, None, None, None, 'YES', 'NO', None)
[2025-02-15T08:13:10.448+0000] {logging_mixin.py:190} INFO - ('***', 'pg_catalog', 'pg_ts_config_map', 'BASE TABLE', None, None, None, None, None, 'YES', 'NO', None)
[2025-02-15T08:13:10.450+0000] {logging_mixin.py:190} INFO - ('***', 'pg_catalog', 'pg_ts_dict', 'BASE TABLE', None, None, None, None, None, 'YES', 'NO', None)
[2025-02-15T08:13:10.454+0000] {logging_mixin.py:190} INFO - ('***', 'pg_catalog', 'pg_ts_parser', 'BASE TABLE', None, None, None, None, None, 'YES', 'NO', None)
[2025-02-15T08:13:10.459+0000] {logging_mixin.py:190} INFO - ('***', 'pg_catalog', 'pg_ts_template', 'BASE TABLE', None, None, None, None, None, 'YES', 'NO', None)
[2025-02-15T08:13:10.466+0000] {logging_mixin.py:190} INFO - ('***', 'pg_catalog', 'pg_extension', 'BASE TABLE', None, None, None, None, None, 'YES', 'NO', None)
[2025-02-15T08:13:10.473+0000] {logging_mixin.py:190} INFO - ('***', 'pg_catalog', 'pg_foreign_data_wrapper', 'BASE TABLE', None, None, None, None, None, 'YES', 'NO', None)
[2025-02-15T08:13:10.473+0000] {logging_mixin.py:190} INFO - ('***', 'pg_catalog', 'pg_foreign_server', 'BASE TABLE', None, None, None, None, None, 'YES', 'NO', None)
[2025-02-15T08:13:10.473+0000] {logging_mixin.py:190} INFO - ('***', 'pg_catalog', 'pg_policy', 'BASE TABLE', None, None, None, None, None, 'YES', 'NO', None)
[2025-02-15T08:13:10.473+0000] {logging_mixin.py:190} INFO - ('***', 'pg_catalog', 'pg_replication_origin', 'BASE TABLE', None, None, None, None, None, 'YES', 'NO', None)
[2025-02-15T08:13:10.474+0000] {logging_mixin.py:190} INFO - ('***', 'pg_catalog', 'pg_default_acl', 'BASE TABLE', None, None, None, None, None, 'YES', 'NO', None)
[2025-02-15T08:13:10.474+0000] {logging_mixin.py:190} INFO - ('***', 'pg_catalog', 'pg_init_privs', 'BASE TABLE', None, None, None, None, None, 'YES', 'NO', None)
[2025-02-15T08:13:10.474+0000] {logging_mixin.py:190} INFO - ('***', 'pg_catalog', 'pg_seclabel', 'BASE TABLE', None, None, None, None, None, 'YES', 'NO', None)
[2025-02-15T08:13:10.522+0000] {logging_mixin.py:190} INFO - ('***', 'pg_catalog', 'pg_shseclabel', 'BASE TABLE', None, None, None, None, None, 'YES', 'NO', None)
[2025-02-15T08:13:10.523+0000] {logging_mixin.py:190} INFO - ('***', 'pg_catalog', 'pg_collation', 'BASE TABLE', None, None, None, None, None, 'YES', 'NO', None)
[2025-02-15T08:13:10.523+0000] {logging_mixin.py:190} INFO - ('***', 'pg_catalog', 'pg_partitioned_table', 'BASE TABLE', None, None, None, None, None, 'YES', 'NO', None)
[2025-02-15T08:13:10.523+0000] {logging_mixin.py:190} INFO - ('***', 'pg_catalog', 'pg_range', 'BASE TABLE', None, None, None, None, None, 'YES', 'NO', None)
[2025-02-15T08:13:10.524+0000] {logging_mixin.py:190} INFO - ('***', 'pg_catalog', 'pg_transform', 'BASE TABLE', None, None, None, None, None, 'YES', 'NO', None)
[2025-02-15T08:13:10.524+0000] {logging_mixin.py:190} INFO - ('***', 'pg_catalog', 'pg_sequence', 'BASE TABLE', None, None, None, None, None, 'YES', 'NO', None)
[2025-02-15T08:13:10.524+0000] {logging_mixin.py:190} INFO - ('***', 'pg_catalog', 'pg_publication', 'BASE TABLE', None, None, None, None, None, 'YES', 'NO', None)
[2025-02-15T08:13:10.524+0000] {logging_mixin.py:190} INFO - ('***', 'pg_catalog', 'pg_publication_rel', 'BASE TABLE', None, None, None, None, None, 'YES', 'NO', None)
[2025-02-15T08:13:10.525+0000] {logging_mixin.py:190} INFO - ('***', 'pg_catalog', 'pg_subscription_rel', 'BASE TABLE', None, None, None, None, None, 'YES', 'NO', None)
[2025-02-15T08:13:10.525+0000] {logging_mixin.py:190} INFO - ('***', 'pg_catalog', 'pg_group', 'VIEW', None, None, None, None, None, 'YES', 'NO', None)
[2025-02-15T08:13:10.525+0000] {logging_mixin.py:190} INFO - ('***', 'pg_catalog', 'pg_user', 'VIEW', None, None, None, None, None, 'NO', 'NO', None)
[2025-02-15T08:13:10.525+0000] {logging_mixin.py:190} INFO - ('***', 'pg_catalog', 'pg_policies', 'VIEW', None, None, None, None, None, 'NO', 'NO', None)
[2025-02-15T08:13:10.581+0000] {logging_mixin.py:190} INFO - ('***', 'pg_catalog', 'pg_rules', 'VIEW', None, None, None, None, None, 'NO', 'NO', None)
[2025-02-15T08:13:10.581+0000] {logging_mixin.py:190} INFO - ('***', 'pg_catalog', 'pg_views', 'VIEW', None, None, None, None, None, 'NO', 'NO', None)
[2025-02-15T08:13:10.581+0000] {logging_mixin.py:190} INFO - ('***', 'pg_catalog', 'pg_tables', 'VIEW', None, None, None, None, None, 'NO', 'NO', None)
[2025-02-15T08:13:10.581+0000] {logging_mixin.py:190} INFO - ('***', 'pg_catalog', 'pg_matviews', 'VIEW', None, None, None, None, None, 'NO', 'NO', None)
[2025-02-15T08:13:10.582+0000] {logging_mixin.py:190} INFO - ('***', 'pg_catalog', 'pg_indexes', 'VIEW', None, None, None, None, None, 'NO', 'NO', None)
[2025-02-15T08:13:10.582+0000] {logging_mixin.py:190} INFO - ('***', 'pg_catalog', 'pg_sequences', 'VIEW', None, None, None, None, None, 'NO', 'NO', None)
[2025-02-15T08:13:10.582+0000] {logging_mixin.py:190} INFO - ('***', 'pg_catalog', 'pg_stats', 'VIEW', None, None, None, None, None, 'NO', 'NO', None)
[2025-02-15T08:13:10.614+0000] {logging_mixin.py:190} INFO - ('***', 'pg_catalog', 'pg_stats_ext', 'VIEW', None, None, None, None, None, 'NO', 'NO', None)
[2025-02-15T08:13:10.622+0000] {logging_mixin.py:190} INFO - ('***', 'pg_catalog', 'pg_publication_tables', 'VIEW', None, None, None, None, None, 'NO', 'NO', None)
[2025-02-15T08:13:10.623+0000] {logging_mixin.py:190} INFO - ('***', 'pg_catalog', 'pg_locks', 'VIEW', None, None, None, None, None, 'NO', 'NO', None)
[2025-02-15T08:13:10.623+0000] {logging_mixin.py:190} INFO - ('***', 'pg_catalog', 'pg_cursors', 'VIEW', None, None, None, None, None, 'NO', 'NO', None)
[2025-02-15T08:13:10.623+0000] {logging_mixin.py:190} INFO - ('***', 'pg_catalog', 'pg_available_extensions', 'VIEW', None, None, None, None, None, 'NO', 'NO', None)
[2025-02-15T08:13:10.624+0000] {logging_mixin.py:190} INFO - ('***', 'pg_catalog', 'pg_available_extension_versions', 'VIEW', None, None, None, None, None, 'NO', 'NO', None)
[2025-02-15T08:13:10.624+0000] {logging_mixin.py:190} INFO - ('***', 'pg_catalog', 'pg_prepared_xacts', 'VIEW', None, None, None, None, None, 'NO', 'NO', None)
[2025-02-15T08:13:10.624+0000] {logging_mixin.py:190} INFO - ('***', 'pg_catalog', 'pg_seclabels', 'VIEW', None, None, None, None, None, 'NO', 'NO', None)
[2025-02-15T08:13:10.624+0000] {logging_mixin.py:190} INFO - ('***', 'pg_catalog', 'pg_statio_user_tables', 'VIEW', None, None, None, None, None, 'NO', 'NO', None)
[2025-02-15T08:13:10.625+0000] {logging_mixin.py:190} INFO - ('***', 'pg_catalog', 'pg_stat_all_indexes', 'VIEW', None, None, None, None, None, 'NO', 'NO', None)
[2025-02-15T08:13:10.625+0000] {logging_mixin.py:190} INFO - ('***', 'pg_catalog', 'pg_timezone_abbrevs', 'VIEW', None, None, None, None, None, 'NO', 'NO', None)
[2025-02-15T08:13:10.625+0000] {logging_mixin.py:190} INFO - ('***', 'pg_catalog', 'pg_timezone_names', 'VIEW', None, None, None, None, None, 'NO', 'NO', None)
[2025-02-15T08:13:10.625+0000] {logging_mixin.py:190} INFO - ('***', 'pg_catalog', 'pg_stat_sys_indexes', 'VIEW', None, None, None, None, None, 'NO', 'NO', None)
[2025-02-15T08:13:10.625+0000] {logging_mixin.py:190} INFO - ('***', 'pg_catalog', 'pg_stat_all_tables', 'VIEW', None, None, None, None, None, 'NO', 'NO', None)
[2025-02-15T08:13:10.626+0000] {logging_mixin.py:190} INFO - ('***', 'pg_catalog', 'pg_stat_xact_all_tables', 'VIEW', None, None, None, None, None, 'NO', 'NO', None)
[2025-02-15T08:13:10.626+0000] {logging_mixin.py:190} INFO - ('***', 'pg_catalog', 'pg_stat_sys_tables', 'VIEW', None, None, None, None, None, 'NO', 'NO', None)
[2025-02-15T08:13:10.626+0000] {logging_mixin.py:190} INFO - ('***', 'pg_catalog', 'pg_stat_xact_sys_tables', 'VIEW', None, None, None, None, None, 'NO', 'NO', None)
[2025-02-15T08:13:10.771+0000] {logging_mixin.py:190} INFO - ('***', 'pg_catalog', 'pg_stat_user_tables', 'VIEW', None, None, None, None, None, 'NO', 'NO', None)
[2025-02-15T08:13:10.771+0000] {logging_mixin.py:190} INFO - ('***', 'pg_catalog', 'pg_stat_xact_user_tables', 'VIEW', None, None, None, None, None, 'NO', 'NO', None)
[2025-02-15T08:13:10.771+0000] {logging_mixin.py:190} INFO - ('***', 'pg_catalog', 'pg_statio_all_tables', 'VIEW', None, None, None, None, None, 'NO', 'NO', None)
[2025-02-15T08:13:10.793+0000] {logging_mixin.py:190} INFO - ('***', 'pg_catalog', 'pg_statio_sys_tables', 'VIEW', None, None, None, None, None, 'NO', 'NO', None)
[2025-02-15T08:13:10.794+0000] {logging_mixin.py:190} INFO - ('***', 'pg_catalog', 'pg_stat_user_indexes', 'VIEW', None, None, None, None, None, 'NO', 'NO', None)
[2025-02-15T08:13:10.794+0000] {logging_mixin.py:190} INFO - ('***', 'pg_catalog', 'pg_statio_all_indexes', 'VIEW', None, None, None, None, None, 'NO', 'NO', None)
[2025-02-15T08:13:10.794+0000] {logging_mixin.py:190} INFO - ('***', 'pg_catalog', 'pg_statio_sys_indexes', 'VIEW', None, None, None, None, None, 'NO', 'NO', None)
[2025-02-15T08:13:10.806+0000] {logging_mixin.py:190} INFO - ('***', 'pg_catalog', 'pg_statio_user_indexes', 'VIEW', None, None, None, None, None, 'NO', 'NO', None)
[2025-02-15T08:13:10.806+0000] {logging_mixin.py:190} INFO - ('***', 'pg_catalog', 'pg_statio_all_sequences', 'VIEW', None, None, None, None, None, 'NO', 'NO', None)
[2025-02-15T08:13:10.806+0000] {logging_mixin.py:190} INFO - ('***', 'pg_catalog', 'pg_statio_sys_sequences', 'VIEW', None, None, None, None, None, 'NO', 'NO', None)
[2025-02-15T08:13:10.806+0000] {logging_mixin.py:190} INFO - ('***', 'pg_catalog', 'pg_statio_user_sequences', 'VIEW', None, None, None, None, None, 'NO', 'NO', None)
[2025-02-15T08:13:10.807+0000] {logging_mixin.py:190} INFO - ('***', 'pg_catalog', 'pg_stat_activity', 'VIEW', None, None, None, None, None, 'NO', 'NO', None)
[2025-02-15T08:13:10.807+0000] {logging_mixin.py:190} INFO - ('***', 'pg_catalog', 'pg_stat_replication', 'VIEW', None, None, None, None, None, 'NO', 'NO', None)
[2025-02-15T08:13:10.807+0000] {logging_mixin.py:190} INFO - ('***', 'pg_catalog', 'pg_stat_slru', 'VIEW', None, None, None, None, None, 'NO', 'NO', None)
[2025-02-15T08:13:10.807+0000] {logging_mixin.py:190} INFO - ('***', 'pg_catalog', 'pg_stat_wal_receiver', 'VIEW', None, None, None, None, None, 'NO', 'NO', None)
[2025-02-15T08:13:10.807+0000] {logging_mixin.py:190} INFO - ('***', 'pg_catalog', 'pg_stat_subscription', 'VIEW', None, None, None, None, None, 'NO', 'NO', None)
[2025-02-15T08:13:10.808+0000] {logging_mixin.py:190} INFO - ('***', 'pg_catalog', 'pg_stat_ssl', 'VIEW', None, None, None, None, None, 'NO', 'NO', None)
[2025-02-15T08:13:10.808+0000] {logging_mixin.py:190} INFO - ('***', 'pg_catalog', 'pg_stat_gssapi', 'VIEW', None, None, None, None, None, 'NO', 'NO', None)
[2025-02-15T08:13:10.808+0000] {logging_mixin.py:190} INFO - ('***', 'pg_catalog', 'pg_replication_slots', 'VIEW', None, None, None, None, None, 'NO', 'NO', None)
[2025-02-15T08:13:10.808+0000] {logging_mixin.py:190} INFO - ('***', 'pg_catalog', 'pg_stat_database', 'VIEW', None, None, None, None, None, 'NO', 'NO', None)
[2025-02-15T08:13:10.832+0000] {logging_mixin.py:190} INFO - ('***', 'pg_catalog', 'pg_stat_database_conflicts', 'VIEW', None, None, None, None, None, 'YES', 'NO', None)
[2025-02-15T08:13:10.857+0000] {logging_mixin.py:190} INFO - ('***', 'pg_catalog', 'pg_stat_user_functions', 'VIEW', None, None, None, None, None, 'NO', 'NO', None)
[2025-02-15T08:13:10.880+0000] {logging_mixin.py:190} INFO - ('***', 'pg_catalog', 'pg_stat_xact_user_functions', 'VIEW', None, None, None, None, None, 'NO', 'NO', None)
[2025-02-15T08:13:10.890+0000] {logging_mixin.py:190} INFO - ('***', 'pg_catalog', 'pg_stat_archiver', 'VIEW', None, None, None, None, None, 'NO', 'NO', None)
[2025-02-15T08:13:10.891+0000] {logging_mixin.py:190} INFO - ('***', 'pg_catalog', 'pg_stat_bgwriter', 'VIEW', None, None, None, None, None, 'NO', 'NO', None)
[2025-02-15T08:13:10.894+0000] {logging_mixin.py:190} INFO - ('***', 'pg_catalog', 'pg_stat_progress_analyze', 'VIEW', None, None, None, None, None, 'NO', 'NO', None)
[2025-02-15T08:13:10.918+0000] {logging_mixin.py:190} INFO - ('***', 'information_schema', 'columns', 'VIEW', None, None, None, None, None, 'NO', 'NO', None)
[2025-02-15T08:13:10.918+0000] {logging_mixin.py:190} INFO - ('***', 'information_schema', 'information_schema_catalog_name', 'VIEW', None, None, None, None, None, 'NO', 'NO', None)
[2025-02-15T08:13:10.920+0000] {logging_mixin.py:190} INFO - ('***', 'information_schema', 'collations', 'VIEW', None, None, None, None, None, 'NO', 'NO', None)
[2025-02-15T08:13:10.921+0000] {logging_mixin.py:190} INFO - ('***', 'information_schema', 'applicable_roles', 'VIEW', None, None, None, None, None, 'NO', 'NO', None)
[2025-02-15T08:13:10.921+0000] {logging_mixin.py:190} INFO - ('***', 'information_schema', 'administrable_role_authorizations', 'VIEW', None, None, None, None, None, 'NO', 'NO', None)
[2025-02-15T08:13:10.922+0000] {logging_mixin.py:190} INFO - ('***', 'information_schema', 'column_privileges', 'VIEW', None, None, None, None, None, 'NO', 'NO', None)
[2025-02-15T08:13:10.926+0000] {logging_mixin.py:190} INFO - ('***', 'information_schema', 'attributes', 'VIEW', None, None, None, None, None, 'NO', 'NO', None)
[2025-02-15T08:13:10.930+0000] {logging_mixin.py:190} INFO - ('***', 'information_schema', 'collation_character_set_applicability', 'VIEW', None, None, None, None, None, 'NO', 'NO', None)
[2025-02-15T08:13:10.930+0000] {logging_mixin.py:190} INFO - ('***', 'information_schema', 'character_sets', 'VIEW', None, None, None, None, None, 'NO', 'NO', None)
[2025-02-15T08:13:10.934+0000] {logging_mixin.py:190} INFO - ('***', 'information_schema', 'check_constraint_routine_usage', 'VIEW', None, None, None, None, None, 'NO', 'NO', None)
[2025-02-15T08:13:10.938+0000] {logging_mixin.py:190} INFO - ('***', 'information_schema', 'check_constraints', 'VIEW', None, None, None, None, None, 'NO', 'NO', None)
[2025-02-15T08:13:10.939+0000] {logging_mixin.py:190} INFO - ('***', 'information_schema', 'column_column_usage', 'VIEW', None, None, None, None, None, 'NO', 'NO', None)
[2025-02-15T08:13:10.941+0000] {logging_mixin.py:190} INFO - ('***', 'information_schema', 'column_domain_usage', 'VIEW', None, None, None, None, None, 'NO', 'NO', None)
[2025-02-15T08:13:10.942+0000] {logging_mixin.py:190} INFO - ('***', 'information_schema', 'column_udt_usage', 'VIEW', None, None, None, None, None, 'NO', 'NO', None)
[2025-02-15T08:13:10.951+0000] {logging_mixin.py:190} INFO - ('***', 'information_schema', 'constraint_column_usage', 'VIEW', None, None, None, None, None, 'NO', 'NO', None)
[2025-02-15T08:13:10.952+0000] {logging_mixin.py:190} INFO - ('***', 'information_schema', 'constraint_table_usage', 'VIEW', None, None, None, None, None, 'NO', 'NO', None)
[2025-02-15T08:13:10.958+0000] {logging_mixin.py:190} INFO - ('***', 'information_schema', 'domain_constraints', 'VIEW', None, None, None, None, None, 'NO', 'NO', None)
[2025-02-15T08:13:10.965+0000] {logging_mixin.py:190} INFO - ('***', 'information_schema', 'domain_udt_usage', 'VIEW', None, None, None, None, None, 'NO', 'NO', None)
[2025-02-15T08:13:10.968+0000] {logging_mixin.py:190} INFO - ('***', 'information_schema', 'domains', 'VIEW', None, None, None, None, None, 'NO', 'NO', None)
[2025-02-15T08:13:10.969+0000] {logging_mixin.py:190} INFO - ('***', 'information_schema', 'enabled_roles', 'VIEW', None, None, None, None, None, 'NO', 'NO', None)
[2025-02-15T08:13:10.969+0000] {logging_mixin.py:190} INFO - ('***', 'information_schema', 'sql_implementation_info', 'BASE TABLE', None, None, None, None, None, 'YES', 'NO', None)
[2025-02-15T08:13:10.969+0000] {logging_mixin.py:190} INFO - ('***', 'information_schema', 'key_column_usage', 'VIEW', None, None, None, None, None, 'NO', 'NO', None)
[2025-02-15T08:13:10.970+0000] {logging_mixin.py:190} INFO - ('***', 'information_schema', 'parameters', 'VIEW', None, None, None, None, None, 'NO', 'NO', None)
[2025-02-15T08:13:10.970+0000] {logging_mixin.py:190} INFO - ('***', 'information_schema', 'referential_constraints', 'VIEW', None, None, None, None, None, 'NO', 'NO', None)
[2025-02-15T08:13:10.970+0000] {logging_mixin.py:190} INFO - ('***', 'information_schema', 'role_column_grants', 'VIEW', None, None, None, None, None, 'NO', 'NO', None)
[2025-02-15T08:13:10.978+0000] {logging_mixin.py:190} INFO - ('***', 'information_schema', 'sql_parts', 'BASE TABLE', None, None, None, None, None, 'YES', 'NO', None)
[2025-02-15T08:13:10.984+0000] {logging_mixin.py:190} INFO - ('***', 'information_schema', 'routine_privileges', 'VIEW', None, None, None, None, None, 'NO', 'NO', None)
[2025-02-15T08:13:10.985+0000] {logging_mixin.py:190} INFO - ('***', 'information_schema', 'role_routine_grants', 'VIEW', None, None, None, None, None, 'NO', 'NO', None)
[2025-02-15T08:13:10.985+0000] {logging_mixin.py:190} INFO - ('***', 'information_schema', 'routines', 'VIEW', None, None, None, None, None, 'NO', 'NO', None)
[2025-02-15T08:13:10.985+0000] {logging_mixin.py:190} INFO - ('***', 'information_schema', 'schemata', 'VIEW', None, None, None, None, None, 'NO', 'NO', None)
[2025-02-15T08:13:10.986+0000] {logging_mixin.py:190} INFO - ('***', 'information_schema', 'tables', 'VIEW', None, None, None, None, None, 'NO', 'NO', None)
[2025-02-15T08:13:10.986+0000] {logging_mixin.py:190} INFO - ('***', 'information_schema', 'sequences', 'VIEW', None, None, None, None, None, 'NO', 'NO', None)
[2025-02-15T08:13:10.990+0000] {logging_mixin.py:190} INFO - ('***', 'information_schema', 'sql_sizing', 'BASE TABLE', None, None, None, None, None, 'YES', 'NO', None)
[2025-02-15T08:13:10.990+0000] {logging_mixin.py:190} INFO - ('***', 'information_schema', 'sql_features', 'BASE TABLE', None, None, None, None, None, 'YES', 'NO', None)
[2025-02-15T08:13:10.990+0000] {logging_mixin.py:190} INFO - ('***', 'information_schema', 'table_constraints', 'VIEW', None, None, None, None, None, 'NO', 'NO', None)
[2025-02-15T08:13:10.991+0000] {logging_mixin.py:190} INFO - ('***', 'information_schema', 'transforms', 'VIEW', None, None, None, None, None, 'NO', 'NO', None)
[2025-02-15T08:13:10.995+0000] {logging_mixin.py:190} INFO - ('***', 'information_schema', 'table_privileges', 'VIEW', None, None, None, None, None, 'NO', 'NO', None)
[2025-02-15T08:13:10.995+0000] {logging_mixin.py:190} INFO - ('***', 'information_schema', 'role_table_grants', 'VIEW', None, None, None, None, None, 'NO', 'NO', None)
[2025-02-15T08:13:10.995+0000] {logging_mixin.py:190} INFO - ('***', 'information_schema', 'udt_privileges', 'VIEW', None, None, None, None, None, 'NO', 'NO', None)
[2025-02-15T08:13:10.998+0000] {logging_mixin.py:190} INFO - ('***', 'information_schema', 'triggered_update_columns', 'VIEW', None, None, None, None, None, 'NO', 'NO', None)
[2025-02-15T08:13:11.000+0000] {logging_mixin.py:190} INFO - ('***', 'information_schema', 'triggers', 'VIEW', None, None, None, None, None, 'NO', 'NO', None)
[2025-02-15T08:13:11.005+0000] {logging_mixin.py:190} INFO - ('***', 'information_schema', 'usage_privileges', 'VIEW', None, None, None, None, None, 'NO', 'NO', None)
[2025-02-15T08:13:11.009+0000] {logging_mixin.py:190} INFO - ('***', 'information_schema', 'role_udt_grants', 'VIEW', None, None, None, None, None, 'NO', 'NO', None)
[2025-02-15T08:13:11.014+0000] {logging_mixin.py:190} INFO - ('***', 'information_schema', 'role_usage_grants', 'VIEW', None, None, None, None, None, 'NO', 'NO', None)
[2025-02-15T08:13:11.014+0000] {logging_mixin.py:190} INFO - ('***', 'information_schema', 'user_defined_types', 'VIEW', None, None, None, None, None, 'NO', 'NO', None)
[2025-02-15T08:13:11.017+0000] {logging_mixin.py:190} INFO - ('***', 'information_schema', 'view_column_usage', 'VIEW', None, None, None, None, None, 'NO', 'NO', None)
[2025-02-15T08:13:11.017+0000] {logging_mixin.py:190} INFO - ('***', 'information_schema', 'view_routine_usage', 'VIEW', None, None, None, None, None, 'NO', 'NO', None)
[2025-02-15T08:13:11.020+0000] {logging_mixin.py:190} INFO - ('***', 'public', 'sla_miss', 'BASE TABLE', None, None, None, None, None, 'YES', 'NO', None)
[2025-02-15T08:13:11.023+0000] {logging_mixin.py:190} INFO - ('***', 'information_schema', 'view_table_usage', 'VIEW', None, None, None, None, None, 'NO', 'NO', None)
[2025-02-15T08:13:11.025+0000] {logging_mixin.py:190} INFO - ('***', 'information_schema', 'foreign_tables', 'VIEW', None, None, None, None, None, 'NO', 'NO', None)
[2025-02-15T08:13:11.027+0000] {logging_mixin.py:190} INFO - ('***', 'information_schema', 'views', 'VIEW', None, None, None, None, None, 'NO', 'NO', None)
[2025-02-15T08:13:11.028+0000] {logging_mixin.py:190} INFO - ('***', 'information_schema', 'data_type_privileges', 'VIEW', None, None, None, None, None, 'NO', 'NO', None)
[2025-02-15T08:13:11.029+0000] {logging_mixin.py:190} INFO - ('***', 'information_schema', '_pg_user_mappings', 'VIEW', None, None, None, None, None, 'NO', 'NO', None)
[2025-02-15T08:13:11.034+0000] {logging_mixin.py:190} INFO - ('***', 'information_schema', 'element_types', 'VIEW', None, None, None, None, None, 'NO', 'NO', None)
[2025-02-15T08:13:11.037+0000] {logging_mixin.py:190} INFO - ('***', 'information_schema', '_pg_foreign_table_columns', 'VIEW', None, None, None, None, None, 'NO', 'NO', None)
[2025-02-15T08:13:11.037+0000] {logging_mixin.py:190} INFO - ('***', 'information_schema', 'column_options', 'VIEW', None, None, None, None, None, 'NO', 'NO', None)
[2025-02-15T08:13:11.038+0000] {logging_mixin.py:190} INFO - ('***', 'information_schema', '_pg_foreign_data_wrappers', 'VIEW', None, None, None, None, None, 'NO', 'NO', None)
[2025-02-15T08:13:11.043+0000] {logging_mixin.py:190} INFO - ('***', 'information_schema', 'foreign_data_wrapper_options', 'VIEW', None, None, None, None, None, 'NO', 'NO', None)
[2025-02-15T08:13:11.046+0000] {logging_mixin.py:190} INFO - ('***', 'information_schema', 'user_mapping_options', 'VIEW', None, None, None, None, None, 'NO', 'NO', None)
[2025-02-15T08:13:11.049+0000] {logging_mixin.py:190} INFO - ('***', 'information_schema', 'foreign_data_wrappers', 'VIEW', None, None, None, None, None, 'NO', 'NO', None)
[2025-02-15T08:13:11.050+0000] {logging_mixin.py:190} INFO - ('***', 'information_schema', '_pg_foreign_servers', 'VIEW', None, None, None, None, None, 'NO', 'NO', None)
[2025-02-15T08:13:11.051+0000] {logging_mixin.py:190} INFO - ('***', 'information_schema', 'foreign_server_options', 'VIEW', None, None, None, None, None, 'NO', 'NO', None)
[2025-02-15T08:13:11.052+0000] {logging_mixin.py:190} INFO - ('***', 'information_schema', 'foreign_servers', 'VIEW', None, None, None, None, None, 'NO', 'NO', None)
[2025-02-15T08:13:11.055+0000] {logging_mixin.py:190} INFO - ('***', 'information_schema', '_pg_foreign_tables', 'VIEW', None, None, None, None, None, 'NO', 'NO', None)
[2025-02-15T08:13:11.056+0000] {logging_mixin.py:190} INFO - ('***', 'information_schema', 'user_mappings', 'VIEW', None, None, None, None, None, 'NO', 'NO', None)
[2025-02-15T08:13:11.056+0000] {logging_mixin.py:190} INFO - ('***', 'information_schema', 'foreign_table_options', 'VIEW', None, None, None, None, None, 'NO', 'NO', None)
[2025-02-15T08:13:11.057+0000] {logging_mixin.py:190} INFO - ('***', 'public', 'variable', 'BASE TABLE', None, None, None, None, None, 'YES', 'NO', None)
[2025-02-15T08:13:11.058+0000] {logging_mixin.py:190} INFO - ('***', 'public', 'import_error', 'BASE TABLE', None, None, None, None, None, 'YES', 'NO', None)
[2025-02-15T08:13:11.058+0000] {logging_mixin.py:190} INFO - ('***', 'public', 'serialized_dag', 'BASE TABLE', None, None, None, None, None, 'YES', 'NO', None)
[2025-02-15T08:13:11.059+0000] {logging_mixin.py:190} INFO - ('***', 'public', 'dataset_alias', 'BASE TABLE', None, None, None, None, None, 'YES', 'NO', None)
[2025-02-15T08:13:11.063+0000] {logging_mixin.py:190} INFO - ('***', 'public', 'dataset_alias_dataset', 'BASE TABLE', None, None, None, None, None, 'YES', 'NO', None)
[2025-02-15T08:13:11.064+0000] {logging_mixin.py:190} INFO - ('***', 'public', 'dataset', 'BASE TABLE', None, None, None, None, None, 'YES', 'NO', None)
[2025-02-15T08:13:11.067+0000] {logging_mixin.py:190} INFO - ('***', 'public', 'dataset_alias_dataset_event', 'BASE TABLE', None, None, None, None, None, 'YES', 'NO', None)
[2025-02-15T08:13:11.069+0000] {logging_mixin.py:190} INFO - ('***', 'public', 'dataset_event', 'BASE TABLE', None, None, None, None, None, 'YES', 'NO', None)
[2025-02-15T08:13:11.078+0000] {logging_mixin.py:190} INFO - ('***', 'public', 'dag_schedule_dataset_alias_reference', 'BASE TABLE', None, None, None, None, None, 'YES', 'NO', None)
[2025-02-15T08:13:11.080+0000] {logging_mixin.py:190} INFO - ('***', 'public', 'dag', 'BASE TABLE', None, None, None, None, None, 'YES', 'NO', None)
[2025-02-15T08:13:11.083+0000] {logging_mixin.py:190} INFO - ('***', 'public', 'dag_schedule_dataset_reference', 'BASE TABLE', None, None, None, None, None, 'YES', 'NO', None)
[2025-02-15T08:13:11.084+0000] {logging_mixin.py:190} INFO - ('***', 'public', 'task_outlet_dataset_reference', 'BASE TABLE', None, None, None, None, None, 'YES', 'NO', None)
[2025-02-15T08:13:11.085+0000] {logging_mixin.py:190} INFO - ('***', 'public', 'dataset_dag_run_queue', 'BASE TABLE', None, None, None, None, None, 'YES', 'NO', None)
[2025-02-15T08:13:11.086+0000] {logging_mixin.py:190} INFO - ('***', 'public', 'log_template', 'BASE TABLE', None, None, None, None, None, 'YES', 'NO', None)
[2025-02-15T08:13:11.088+0000] {logging_mixin.py:190} INFO - ('***', 'public', 'dag_run', 'BASE TABLE', None, None, None, None, None, 'YES', 'NO', None)
[2025-02-15T08:13:11.090+0000] {logging_mixin.py:190} INFO - ('***', 'public', 'dag_tag', 'BASE TABLE', None, None, None, None, None, 'YES', 'NO', None)
[2025-02-15T08:13:11.092+0000] {logging_mixin.py:190} INFO - ('***', 'public', 'dag_owner_attributes', 'BASE TABLE', None, None, None, None, None, 'YES', 'NO', None)
[2025-02-15T08:13:11.094+0000] {logging_mixin.py:190} INFO - ('***', 'public', 'ab_permission', 'BASE TABLE', None, None, None, None, None, 'YES', 'NO', None)
[2025-02-15T08:13:11.098+0000] {logging_mixin.py:190} INFO - ('***', 'public', 'ab_permission_view', 'BASE TABLE', None, None, None, None, None, 'YES', 'NO', None)
[2025-02-15T08:13:11.099+0000] {logging_mixin.py:190} INFO - ('***', 'public', 'ab_view_menu', 'BASE TABLE', None, None, None, None, None, 'YES', 'NO', None)
[2025-02-15T08:13:11.102+0000] {logging_mixin.py:190} INFO - ('***', 'public', 'ab_user_role', 'BASE TABLE', None, None, None, None, None, 'YES', 'NO', None)
[2025-02-15T08:13:11.103+0000] {logging_mixin.py:190} INFO - ('***', 'public', 'ab_role', 'BASE TABLE', None, None, None, None, None, 'YES', 'NO', None)
[2025-02-15T08:13:11.104+0000] {logging_mixin.py:190} INFO - ('***', 'public', 'dag_warning', 'BASE TABLE', None, None, None, None, None, 'YES', 'NO', None)
[2025-02-15T08:13:11.106+0000] {logging_mixin.py:190} INFO - ('***', 'public', 'dagrun_dataset_event', 'BASE TABLE', None, None, None, None, None, 'YES', 'NO', None)
[2025-02-15T08:13:11.109+0000] {logging_mixin.py:190} INFO - ('***', 'public', 'trigger', 'BASE TABLE', None, None, None, None, None, 'YES', 'NO', None)
[2025-02-15T08:13:11.111+0000] {logging_mixin.py:190} INFO - ('***', 'public', 'task_instance', 'BASE TABLE', None, None, None, None, None, 'YES', 'NO', None)
[2025-02-15T08:13:11.112+0000] {logging_mixin.py:190} INFO - ('***', 'public', 'dag_run_note', 'BASE TABLE', None, None, None, None, None, 'YES', 'NO', None)
[2025-02-15T08:13:11.120+0000] {logging_mixin.py:190} INFO - ('***', 'public', 'ab_permission_view_role', 'BASE TABLE', None, None, None, None, None, 'YES', 'NO', None)
[2025-02-15T08:13:11.126+0000] {logging_mixin.py:190} INFO - ('***', 'public', 'rendered_task_instance_fields', 'BASE TABLE', None, None, None, None, None, 'YES', 'NO', None)
[2025-02-15T08:13:11.130+0000] {logging_mixin.py:190} INFO - ('***', 'public', 'task_fail', 'BASE TABLE', None, None, None, None, None, 'YES', 'NO', None)
[2025-02-15T08:13:11.131+0000] {logging_mixin.py:190} INFO - ('***', 'public', 'task_map', 'BASE TABLE', None, None, None, None, None, 'YES', 'NO', None)
[2025-02-15T08:13:11.131+0000] {logging_mixin.py:190} INFO - ('***', 'public', 'task_reschedule', 'BASE TABLE', None, None, None, None, None, 'YES', 'NO', None)
[2025-02-15T08:13:11.132+0000] {logging_mixin.py:190} INFO - ('***', 'public', 'xcom', 'BASE TABLE', None, None, None, None, None, 'YES', 'NO', None)
[2025-02-15T08:13:11.135+0000] {logging_mixin.py:190} INFO - ('***', 'public', 'task_instance_note', 'BASE TABLE', None, None, None, None, None, 'YES', 'NO', None)
[2025-02-15T08:13:11.135+0000] {logging_mixin.py:190} INFO - ('***', 'public', 'task_instance_history', 'BASE TABLE', None, None, None, None, None, 'YES', 'NO', None)
[2025-02-15T08:13:11.136+0000] {logging_mixin.py:190} INFO - ('***', 'public', 'session', 'BASE TABLE', None, None, None, None, None, 'YES', 'NO', None)
[2025-02-15T08:13:11.139+0000] {logging_mixin.py:190} INFO - ('***', 'public', 'alembic_version', 'BASE TABLE', None, None, None, None, None, 'YES', 'NO', None)
[2025-02-15T08:13:11.143+0000] {python.py:240} INFO - Done. Returned value was: None
[2025-02-15T08:13:11.217+0000] {taskinstance.py:340} INFO - ::group::Post task execution logs
[2025-02-15T08:13:11.226+0000] {taskinstance.py:352} INFO - Marking task as SUCCESS. dag_id=play_with_***_connections_and_hooks, task_id=get_data, run_id=scheduled__2025-02-14T00:00:00+00:00, execution_date=20250214T000000, start_date=20250215T081305, end_date=20250215T081311
[2025-02-15T08:13:11.974+0000] {logging_mixin.py:190} INFO - Task instance in success state
[2025-02-15T08:13:11.976+0000] {logging_mixin.py:190} INFO -  Previous state of the Task instance: running
[2025-02-15T08:13:11.977+0000] {logging_mixin.py:190} INFO - Dag name:play_with_***_connections_and_hooks queued_at:2025-02-15 08:12:33.028948+00:00
[2025-02-15T08:13:11.979+0000] {logging_mixin.py:190} INFO - Task hostname:873c6cedbc19 operator:PythonOperator
[2025-02-15T08:13:12.160+0000] {local_task_job_runner.py:266} INFO - Task exited with return code 0
[2025-02-15T08:13:12.278+0000] {taskinstance.py:3895} INFO - 0 downstream tasks scheduled from follow-on schedule check
[2025-02-15T08:13:12.338+0000] {local_task_job_runner.py:245} INFO - ::endgroup::
