[2025-02-01T08:52:27.854+0000] {processor.py:186} INFO - Started process (PID=81741) to work on /opt/airflow/dags/play_with_airflow_connections_and_hooks.py
[2025-02-01T08:52:27.854+0000] {processor.py:914} INFO - Processing file /opt/airflow/dags/play_with_airflow_connections_and_hooks.py for tasks to queue
[2025-02-01T08:52:27.856+0000] {logging_mixin.py:190} INFO - [2025-02-01T08:52:27.856+0000] {dagbag.py:588} INFO - Filling up the DagBag from /opt/airflow/dags/play_with_airflow_connections_and_hooks.py
[2025-02-01T08:52:27.863+0000] {processor.py:925} INFO - DAG(s) 'play_with_airflow_connections_and_hooks' retrieved from /opt/airflow/dags/play_with_airflow_connections_and_hooks.py
[2025-02-01T08:52:27.946+0000] {logging_mixin.py:190} INFO - [2025-02-01T08:52:27.945+0000] {override.py:1911} INFO - Created Permission View: can read on DAG:play_with_airflow_connections_and_hooks
[2025-02-01T08:52:27.953+0000] {logging_mixin.py:190} INFO - [2025-02-01T08:52:27.952+0000] {override.py:1911} INFO - Created Permission View: can edit on DAG:play_with_airflow_connections_and_hooks
[2025-02-01T08:52:27.957+0000] {logging_mixin.py:190} INFO - [2025-02-01T08:52:27.957+0000] {override.py:1911} INFO - Created Permission View: can delete on DAG:play_with_airflow_connections_and_hooks
[2025-02-01T08:52:27.962+0000] {logging_mixin.py:190} INFO - [2025-02-01T08:52:27.961+0000] {override.py:1911} INFO - Created Permission View: can read on DAG Run:play_with_airflow_connections_and_hooks
[2025-02-01T08:52:27.966+0000] {logging_mixin.py:190} INFO - [2025-02-01T08:52:27.966+0000] {override.py:1911} INFO - Created Permission View: can create on DAG Run:play_with_airflow_connections_and_hooks
[2025-02-01T08:52:27.970+0000] {logging_mixin.py:190} INFO - [2025-02-01T08:52:27.970+0000] {override.py:1911} INFO - Created Permission View: menu access on DAG Run:play_with_airflow_connections_and_hooks
[2025-02-01T08:52:27.975+0000] {logging_mixin.py:190} INFO - [2025-02-01T08:52:27.975+0000] {override.py:1911} INFO - Created Permission View: can delete on DAG Run:play_with_airflow_connections_and_hooks
[2025-02-01T08:52:27.975+0000] {logging_mixin.py:190} INFO - [2025-02-01T08:52:27.975+0000] {dag.py:3239} INFO - Sync 1 DAGs
[2025-02-01T08:52:27.984+0000] {logging_mixin.py:190} INFO - [2025-02-01T08:52:27.984+0000] {dag.py:3262} INFO - Creating ORM DAG for play_with_airflow_connections_and_hooks
[2025-02-01T08:52:27.992+0000] {logging_mixin.py:190} INFO - [2025-02-01T08:52:27.992+0000] {dag.py:4180} INFO - Setting next_dagrun for play_with_airflow_connections_and_hooks to 2025-01-31 00:00:00+00:00, run_after=2025-02-01 00:00:00+00:00
[2025-02-01T08:52:28.004+0000] {processor.py:208} INFO - Processing /opt/airflow/dags/play_with_airflow_connections_and_hooks.py took 0.155 seconds
[2025-02-01T08:52:58.252+0000] {processor.py:186} INFO - Started process (PID=82045) to work on /opt/airflow/dags/play_with_airflow_connections_and_hooks.py
[2025-02-01T08:52:58.253+0000] {processor.py:914} INFO - Processing file /opt/airflow/dags/play_with_airflow_connections_and_hooks.py for tasks to queue
[2025-02-01T08:52:58.256+0000] {logging_mixin.py:190} INFO - [2025-02-01T08:52:58.255+0000] {dagbag.py:588} INFO - Filling up the DagBag from /opt/airflow/dags/play_with_airflow_connections_and_hooks.py
[2025-02-01T08:52:58.266+0000] {processor.py:925} INFO - DAG(s) 'play_with_airflow_connections_and_hooks' retrieved from /opt/airflow/dags/play_with_airflow_connections_and_hooks.py
[2025-02-01T08:52:58.280+0000] {logging_mixin.py:190} INFO - [2025-02-01T08:52:58.280+0000] {dag.py:3239} INFO - Sync 1 DAGs
[2025-02-01T08:52:58.298+0000] {logging_mixin.py:190} INFO - [2025-02-01T08:52:58.298+0000] {dag.py:4180} INFO - Setting next_dagrun for play_with_airflow_connections_and_hooks to 2025-01-31 00:00:00+00:00, run_after=2025-02-01 00:00:00+00:00
[2025-02-01T08:52:58.311+0000] {processor.py:208} INFO - Processing /opt/airflow/dags/play_with_airflow_connections_and_hooks.py took 0.066 seconds
[2025-02-01T08:53:28.481+0000] {processor.py:186} INFO - Started process (PID=82302) to work on /opt/airflow/dags/play_with_airflow_connections_and_hooks.py
[2025-02-01T08:53:28.483+0000] {processor.py:914} INFO - Processing file /opt/airflow/dags/play_with_airflow_connections_and_hooks.py for tasks to queue
[2025-02-01T08:53:28.485+0000] {logging_mixin.py:190} INFO - [2025-02-01T08:53:28.484+0000] {dagbag.py:588} INFO - Filling up the DagBag from /opt/airflow/dags/play_with_airflow_connections_and_hooks.py
[2025-02-01T08:53:28.494+0000] {processor.py:925} INFO - DAG(s) 'play_with_airflow_connections_and_hooks' retrieved from /opt/airflow/dags/play_with_airflow_connections_and_hooks.py
[2025-02-01T08:53:28.512+0000] {logging_mixin.py:190} INFO - [2025-02-01T08:53:28.512+0000] {dag.py:3239} INFO - Sync 1 DAGs
[2025-02-01T08:53:28.550+0000] {logging_mixin.py:190} INFO - [2025-02-01T08:53:28.550+0000] {dag.py:4180} INFO - Setting next_dagrun for play_with_airflow_connections_and_hooks to 2025-01-31 00:00:00+00:00, run_after=2025-02-01 00:00:00+00:00
[2025-02-01T08:53:28.581+0000] {processor.py:208} INFO - Processing /opt/airflow/dags/play_with_airflow_connections_and_hooks.py took 0.106 seconds
[2025-02-01T08:53:59.070+0000] {processor.py:186} INFO - Started process (PID=82562) to work on /opt/airflow/dags/play_with_airflow_connections_and_hooks.py
[2025-02-01T08:53:59.071+0000] {processor.py:914} INFO - Processing file /opt/airflow/dags/play_with_airflow_connections_and_hooks.py for tasks to queue
[2025-02-01T08:53:59.074+0000] {logging_mixin.py:190} INFO - [2025-02-01T08:53:59.074+0000] {dagbag.py:588} INFO - Filling up the DagBag from /opt/airflow/dags/play_with_airflow_connections_and_hooks.py
[2025-02-01T08:53:59.084+0000] {processor.py:925} INFO - DAG(s) 'play_with_airflow_connections_and_hooks' retrieved from /opt/airflow/dags/play_with_airflow_connections_and_hooks.py
[2025-02-01T08:53:59.105+0000] {logging_mixin.py:190} INFO - [2025-02-01T08:53:59.105+0000] {dag.py:3239} INFO - Sync 1 DAGs
[2025-02-01T08:53:59.131+0000] {logging_mixin.py:190} INFO - [2025-02-01T08:53:59.130+0000] {dag.py:4180} INFO - Setting next_dagrun for play_with_airflow_connections_and_hooks to 2025-01-31 00:00:00+00:00, run_after=2025-02-01 00:00:00+00:00
[2025-02-01T08:53:59.148+0000] {processor.py:208} INFO - Processing /opt/airflow/dags/play_with_airflow_connections_and_hooks.py took 0.084 seconds
[2025-02-01T08:54:29.859+0000] {processor.py:186} INFO - Started process (PID=82856) to work on /opt/airflow/dags/play_with_airflow_connections_and_hooks.py
[2025-02-01T08:54:29.860+0000] {processor.py:914} INFO - Processing file /opt/airflow/dags/play_with_airflow_connections_and_hooks.py for tasks to queue
[2025-02-01T08:54:29.863+0000] {logging_mixin.py:190} INFO - [2025-02-01T08:54:29.862+0000] {dagbag.py:588} INFO - Filling up the DagBag from /opt/airflow/dags/play_with_airflow_connections_and_hooks.py
[2025-02-01T08:54:29.874+0000] {processor.py:925} INFO - DAG(s) 'play_with_airflow_connections_and_hooks' retrieved from /opt/airflow/dags/play_with_airflow_connections_and_hooks.py
[2025-02-01T08:54:29.897+0000] {logging_mixin.py:190} INFO - [2025-02-01T08:54:29.897+0000] {dag.py:3239} INFO - Sync 1 DAGs
[2025-02-01T08:54:29.925+0000] {logging_mixin.py:190} INFO - [2025-02-01T08:54:29.925+0000] {dag.py:4180} INFO - Setting next_dagrun for play_with_airflow_connections_and_hooks to 2025-02-01 00:00:00+00:00, run_after=2025-02-02 00:00:00+00:00
[2025-02-01T08:54:29.943+0000] {processor.py:208} INFO - Processing /opt/airflow/dags/play_with_airflow_connections_and_hooks.py took 0.090 seconds
[2025-02-01T08:55:00.707+0000] {processor.py:186} INFO - Started process (PID=83160) to work on /opt/airflow/dags/play_with_airflow_connections_and_hooks.py
[2025-02-01T08:55:00.710+0000] {processor.py:914} INFO - Processing file /opt/airflow/dags/play_with_airflow_connections_and_hooks.py for tasks to queue
[2025-02-01T08:55:00.712+0000] {logging_mixin.py:190} INFO - [2025-02-01T08:55:00.712+0000] {dagbag.py:588} INFO - Filling up the DagBag from /opt/airflow/dags/play_with_airflow_connections_and_hooks.py
[2025-02-01T08:55:00.743+0000] {processor.py:925} INFO - DAG(s) 'play_with_airflow_connections_and_hooks' retrieved from /opt/airflow/dags/play_with_airflow_connections_and_hooks.py
[2025-02-01T08:55:00.769+0000] {logging_mixin.py:190} INFO - [2025-02-01T08:55:00.769+0000] {dag.py:3239} INFO - Sync 1 DAGs
[2025-02-01T08:55:00.812+0000] {logging_mixin.py:190} INFO - [2025-02-01T08:55:00.812+0000] {dag.py:4180} INFO - Setting next_dagrun for play_with_airflow_connections_and_hooks to 2025-02-01 00:00:00+00:00, run_after=2025-02-02 00:00:00+00:00
[2025-02-01T08:55:00.850+0000] {processor.py:208} INFO - Processing /opt/airflow/dags/play_with_airflow_connections_and_hooks.py took 0.153 seconds
[2025-02-01T08:55:31.273+0000] {processor.py:186} INFO - Started process (PID=83457) to work on /opt/airflow/dags/play_with_airflow_connections_and_hooks.py
[2025-02-01T08:55:31.274+0000] {processor.py:914} INFO - Processing file /opt/airflow/dags/play_with_airflow_connections_and_hooks.py for tasks to queue
[2025-02-01T08:55:31.276+0000] {logging_mixin.py:190} INFO - [2025-02-01T08:55:31.276+0000] {dagbag.py:588} INFO - Filling up the DagBag from /opt/airflow/dags/play_with_airflow_connections_and_hooks.py
[2025-02-01T08:55:31.302+0000] {processor.py:925} INFO - DAG(s) 'play_with_airflow_connections_and_hooks' retrieved from /opt/airflow/dags/play_with_airflow_connections_and_hooks.py
[2025-02-01T08:55:31.322+0000] {logging_mixin.py:190} INFO - [2025-02-01T08:55:31.322+0000] {dag.py:3239} INFO - Sync 1 DAGs
[2025-02-01T08:55:31.350+0000] {logging_mixin.py:190} INFO - [2025-02-01T08:55:31.350+0000] {dag.py:4180} INFO - Setting next_dagrun for play_with_airflow_connections_and_hooks to 2025-02-01 00:00:00+00:00, run_after=2025-02-02 00:00:00+00:00
[2025-02-01T08:55:31.367+0000] {processor.py:208} INFO - Processing /opt/airflow/dags/play_with_airflow_connections_and_hooks.py took 0.102 seconds
[2025-02-01T08:56:01.655+0000] {processor.py:186} INFO - Started process (PID=83763) to work on /opt/airflow/dags/play_with_airflow_connections_and_hooks.py
[2025-02-01T08:56:01.657+0000] {processor.py:914} INFO - Processing file /opt/airflow/dags/play_with_airflow_connections_and_hooks.py for tasks to queue
[2025-02-01T08:56:01.659+0000] {logging_mixin.py:190} INFO - [2025-02-01T08:56:01.659+0000] {dagbag.py:588} INFO - Filling up the DagBag from /opt/airflow/dags/play_with_airflow_connections_and_hooks.py
[2025-02-01T08:56:01.669+0000] {processor.py:925} INFO - DAG(s) 'play_with_airflow_connections_and_hooks' retrieved from /opt/airflow/dags/play_with_airflow_connections_and_hooks.py
[2025-02-01T08:56:01.706+0000] {logging_mixin.py:190} INFO - [2025-02-01T08:56:01.706+0000] {dag.py:3239} INFO - Sync 1 DAGs
[2025-02-01T08:56:01.736+0000] {logging_mixin.py:190} INFO - [2025-02-01T08:56:01.735+0000] {dag.py:4180} INFO - Setting next_dagrun for play_with_airflow_connections_and_hooks to 2025-02-01 00:00:00+00:00, run_after=2025-02-02 00:00:00+00:00
[2025-02-01T08:56:01.752+0000] {processor.py:208} INFO - Processing /opt/airflow/dags/play_with_airflow_connections_and_hooks.py took 0.104 seconds
[2025-02-01T08:56:32.342+0000] {processor.py:186} INFO - Started process (PID=84070) to work on /opt/airflow/dags/play_with_airflow_connections_and_hooks.py
[2025-02-01T08:56:32.343+0000] {processor.py:914} INFO - Processing file /opt/airflow/dags/play_with_airflow_connections_and_hooks.py for tasks to queue
[2025-02-01T08:56:32.345+0000] {logging_mixin.py:190} INFO - [2025-02-01T08:56:32.345+0000] {dagbag.py:588} INFO - Filling up the DagBag from /opt/airflow/dags/play_with_airflow_connections_and_hooks.py
[2025-02-01T08:56:32.354+0000] {processor.py:925} INFO - DAG(s) 'play_with_airflow_connections_and_hooks' retrieved from /opt/airflow/dags/play_with_airflow_connections_and_hooks.py
[2025-02-01T08:56:32.370+0000] {logging_mixin.py:190} INFO - [2025-02-01T08:56:32.369+0000] {dag.py:3239} INFO - Sync 1 DAGs
[2025-02-01T08:56:32.389+0000] {logging_mixin.py:190} INFO - [2025-02-01T08:56:32.389+0000] {dag.py:4180} INFO - Setting next_dagrun for play_with_airflow_connections_and_hooks to 2025-02-01 00:00:00+00:00, run_after=2025-02-02 00:00:00+00:00
[2025-02-01T08:56:32.416+0000] {processor.py:208} INFO - Processing /opt/airflow/dags/play_with_airflow_connections_and_hooks.py took 0.081 seconds
[2025-02-01T08:57:02.776+0000] {processor.py:186} INFO - Started process (PID=84377) to work on /opt/airflow/dags/play_with_airflow_connections_and_hooks.py
[2025-02-01T08:57:02.776+0000] {processor.py:914} INFO - Processing file /opt/airflow/dags/play_with_airflow_connections_and_hooks.py for tasks to queue
[2025-02-01T08:57:02.778+0000] {logging_mixin.py:190} INFO - [2025-02-01T08:57:02.778+0000] {dagbag.py:588} INFO - Filling up the DagBag from /opt/airflow/dags/play_with_airflow_connections_and_hooks.py
[2025-02-01T08:57:02.785+0000] {processor.py:925} INFO - DAG(s) 'play_with_airflow_connections_and_hooks' retrieved from /opt/airflow/dags/play_with_airflow_connections_and_hooks.py
[2025-02-01T08:57:02.799+0000] {logging_mixin.py:190} INFO - [2025-02-01T08:57:02.799+0000] {dag.py:3239} INFO - Sync 1 DAGs
[2025-02-01T08:57:02.823+0000] {logging_mixin.py:190} INFO - [2025-02-01T08:57:02.823+0000] {dag.py:4180} INFO - Setting next_dagrun for play_with_airflow_connections_and_hooks to 2025-02-01 00:00:00+00:00, run_after=2025-02-02 00:00:00+00:00
[2025-02-01T08:57:02.836+0000] {processor.py:208} INFO - Processing /opt/airflow/dags/play_with_airflow_connections_and_hooks.py took 0.065 seconds
[2025-02-01T08:57:32.900+0000] {processor.py:186} INFO - Started process (PID=84684) to work on /opt/airflow/dags/play_with_airflow_connections_and_hooks.py
[2025-02-01T08:57:32.901+0000] {processor.py:914} INFO - Processing file /opt/airflow/dags/play_with_airflow_connections_and_hooks.py for tasks to queue
[2025-02-01T08:57:32.903+0000] {logging_mixin.py:190} INFO - [2025-02-01T08:57:32.903+0000] {dagbag.py:588} INFO - Filling up the DagBag from /opt/airflow/dags/play_with_airflow_connections_and_hooks.py
[2025-02-01T08:57:32.911+0000] {processor.py:925} INFO - DAG(s) 'play_with_airflow_connections_and_hooks' retrieved from /opt/airflow/dags/play_with_airflow_connections_and_hooks.py
[2025-02-01T08:57:32.925+0000] {logging_mixin.py:190} INFO - [2025-02-01T08:57:32.925+0000] {dag.py:3239} INFO - Sync 1 DAGs
[2025-02-01T08:57:32.943+0000] {logging_mixin.py:190} INFO - [2025-02-01T08:57:32.943+0000] {dag.py:4180} INFO - Setting next_dagrun for play_with_airflow_connections_and_hooks to 2025-02-01 00:00:00+00:00, run_after=2025-02-02 00:00:00+00:00
[2025-02-01T08:57:32.957+0000] {processor.py:208} INFO - Processing /opt/airflow/dags/play_with_airflow_connections_and_hooks.py took 0.061 seconds
[2025-02-01T08:58:03.593+0000] {processor.py:186} INFO - Started process (PID=84991) to work on /opt/airflow/dags/play_with_airflow_connections_and_hooks.py
[2025-02-01T08:58:03.594+0000] {processor.py:914} INFO - Processing file /opt/airflow/dags/play_with_airflow_connections_and_hooks.py for tasks to queue
[2025-02-01T08:58:03.596+0000] {logging_mixin.py:190} INFO - [2025-02-01T08:58:03.596+0000] {dagbag.py:588} INFO - Filling up the DagBag from /opt/airflow/dags/play_with_airflow_connections_and_hooks.py
[2025-02-01T08:58:03.606+0000] {processor.py:925} INFO - DAG(s) 'play_with_airflow_connections_and_hooks' retrieved from /opt/airflow/dags/play_with_airflow_connections_and_hooks.py
[2025-02-01T08:58:03.627+0000] {logging_mixin.py:190} INFO - [2025-02-01T08:58:03.626+0000] {dag.py:3239} INFO - Sync 1 DAGs
[2025-02-01T08:58:03.654+0000] {logging_mixin.py:190} INFO - [2025-02-01T08:58:03.654+0000] {dag.py:4180} INFO - Setting next_dagrun for play_with_airflow_connections_and_hooks to 2025-02-01 00:00:00+00:00, run_after=2025-02-02 00:00:00+00:00
[2025-02-01T08:58:03.671+0000] {processor.py:208} INFO - Processing /opt/airflow/dags/play_with_airflow_connections_and_hooks.py took 0.084 seconds
[2025-02-01T08:58:33.724+0000] {processor.py:186} INFO - Started process (PID=85297) to work on /opt/airflow/dags/play_with_airflow_connections_and_hooks.py
[2025-02-01T08:58:33.725+0000] {processor.py:914} INFO - Processing file /opt/airflow/dags/play_with_airflow_connections_and_hooks.py for tasks to queue
[2025-02-01T08:58:33.726+0000] {logging_mixin.py:190} INFO - [2025-02-01T08:58:33.726+0000] {dagbag.py:588} INFO - Filling up the DagBag from /opt/airflow/dags/play_with_airflow_connections_and_hooks.py
[2025-02-01T08:58:33.733+0000] {processor.py:925} INFO - DAG(s) 'play_with_airflow_connections_and_hooks' retrieved from /opt/airflow/dags/play_with_airflow_connections_and_hooks.py
[2025-02-01T08:58:33.747+0000] {logging_mixin.py:190} INFO - [2025-02-01T08:58:33.747+0000] {dag.py:3239} INFO - Sync 1 DAGs
[2025-02-01T08:58:33.765+0000] {logging_mixin.py:190} INFO - [2025-02-01T08:58:33.765+0000] {dag.py:4180} INFO - Setting next_dagrun for play_with_airflow_connections_and_hooks to 2025-02-01 00:00:00+00:00, run_after=2025-02-02 00:00:00+00:00
[2025-02-01T08:58:33.778+0000] {processor.py:208} INFO - Processing /opt/airflow/dags/play_with_airflow_connections_and_hooks.py took 0.058 seconds
[2025-02-01T08:59:03.865+0000] {processor.py:186} INFO - Started process (PID=85603) to work on /opt/airflow/dags/play_with_airflow_connections_and_hooks.py
[2025-02-01T08:59:03.866+0000] {processor.py:914} INFO - Processing file /opt/airflow/dags/play_with_airflow_connections_and_hooks.py for tasks to queue
[2025-02-01T08:59:03.868+0000] {logging_mixin.py:190} INFO - [2025-02-01T08:59:03.868+0000] {dagbag.py:588} INFO - Filling up the DagBag from /opt/airflow/dags/play_with_airflow_connections_and_hooks.py
[2025-02-01T08:59:03.875+0000] {processor.py:925} INFO - DAG(s) 'play_with_airflow_connections_and_hooks' retrieved from /opt/airflow/dags/play_with_airflow_connections_and_hooks.py
[2025-02-01T08:59:03.889+0000] {logging_mixin.py:190} INFO - [2025-02-01T08:59:03.889+0000] {dag.py:3239} INFO - Sync 1 DAGs
[2025-02-01T08:59:03.907+0000] {logging_mixin.py:190} INFO - [2025-02-01T08:59:03.907+0000] {dag.py:4180} INFO - Setting next_dagrun for play_with_airflow_connections_and_hooks to 2025-02-01 00:00:00+00:00, run_after=2025-02-02 00:00:00+00:00
[2025-02-01T08:59:03.922+0000] {processor.py:208} INFO - Processing /opt/airflow/dags/play_with_airflow_connections_and_hooks.py took 0.061 seconds
[2025-02-01T08:59:34.417+0000] {processor.py:186} INFO - Started process (PID=85909) to work on /opt/airflow/dags/play_with_airflow_connections_and_hooks.py
[2025-02-01T08:59:34.418+0000] {processor.py:914} INFO - Processing file /opt/airflow/dags/play_with_airflow_connections_and_hooks.py for tasks to queue
[2025-02-01T08:59:34.420+0000] {logging_mixin.py:190} INFO - [2025-02-01T08:59:34.420+0000] {dagbag.py:588} INFO - Filling up the DagBag from /opt/airflow/dags/play_with_airflow_connections_and_hooks.py
[2025-02-01T08:59:34.427+0000] {processor.py:925} INFO - DAG(s) 'play_with_airflow_connections_and_hooks' retrieved from /opt/airflow/dags/play_with_airflow_connections_and_hooks.py
[2025-02-01T08:59:34.444+0000] {logging_mixin.py:190} INFO - [2025-02-01T08:59:34.444+0000] {dag.py:3239} INFO - Sync 1 DAGs
[2025-02-01T08:59:34.473+0000] {logging_mixin.py:190} INFO - [2025-02-01T08:59:34.473+0000] {dag.py:4180} INFO - Setting next_dagrun for play_with_airflow_connections_and_hooks to 2025-02-01 00:00:00+00:00, run_after=2025-02-02 00:00:00+00:00
[2025-02-01T08:59:34.491+0000] {processor.py:208} INFO - Processing /opt/airflow/dags/play_with_airflow_connections_and_hooks.py took 0.080 seconds
[2025-02-01T09:00:04.978+0000] {processor.py:186} INFO - Started process (PID=86215) to work on /opt/airflow/dags/play_with_airflow_connections_and_hooks.py
[2025-02-01T09:00:04.978+0000] {processor.py:914} INFO - Processing file /opt/airflow/dags/play_with_airflow_connections_and_hooks.py for tasks to queue
[2025-02-01T09:00:04.980+0000] {logging_mixin.py:190} INFO - [2025-02-01T09:00:04.980+0000] {dagbag.py:588} INFO - Filling up the DagBag from /opt/airflow/dags/play_with_airflow_connections_and_hooks.py
[2025-02-01T09:00:04.987+0000] {processor.py:925} INFO - DAG(s) 'play_with_airflow_connections_and_hooks' retrieved from /opt/airflow/dags/play_with_airflow_connections_and_hooks.py
[2025-02-01T09:00:05.003+0000] {logging_mixin.py:190} INFO - [2025-02-01T09:00:05.002+0000] {dag.py:3239} INFO - Sync 1 DAGs
[2025-02-01T09:00:05.021+0000] {logging_mixin.py:190} INFO - [2025-02-01T09:00:05.021+0000] {dag.py:4180} INFO - Setting next_dagrun for play_with_airflow_connections_and_hooks to 2025-02-01 00:00:00+00:00, run_after=2025-02-02 00:00:00+00:00
[2025-02-01T09:00:05.034+0000] {processor.py:208} INFO - Processing /opt/airflow/dags/play_with_airflow_connections_and_hooks.py took 0.060 seconds
[2025-02-01T09:00:35.075+0000] {processor.py:186} INFO - Started process (PID=86522) to work on /opt/airflow/dags/play_with_airflow_connections_and_hooks.py
[2025-02-01T09:00:35.076+0000] {processor.py:914} INFO - Processing file /opt/airflow/dags/play_with_airflow_connections_and_hooks.py for tasks to queue
[2025-02-01T09:00:35.078+0000] {logging_mixin.py:190} INFO - [2025-02-01T09:00:35.078+0000] {dagbag.py:588} INFO - Filling up the DagBag from /opt/airflow/dags/play_with_airflow_connections_and_hooks.py
[2025-02-01T09:00:35.087+0000] {processor.py:925} INFO - DAG(s) 'play_with_airflow_connections_and_hooks' retrieved from /opt/airflow/dags/play_with_airflow_connections_and_hooks.py
[2025-02-01T09:00:35.114+0000] {logging_mixin.py:190} INFO - [2025-02-01T09:00:35.114+0000] {dag.py:3239} INFO - Sync 1 DAGs
[2025-02-01T09:00:35.148+0000] {logging_mixin.py:190} INFO - [2025-02-01T09:00:35.147+0000] {dag.py:4180} INFO - Setting next_dagrun for play_with_airflow_connections_and_hooks to 2025-02-01 00:00:00+00:00, run_after=2025-02-02 00:00:00+00:00
[2025-02-01T09:00:35.166+0000] {processor.py:208} INFO - Processing /opt/airflow/dags/play_with_airflow_connections_and_hooks.py took 0.096 seconds
[2025-02-01T09:01:05.790+0000] {processor.py:186} INFO - Started process (PID=86824) to work on /opt/airflow/dags/play_with_airflow_connections_and_hooks.py
[2025-02-01T09:01:05.790+0000] {processor.py:914} INFO - Processing file /opt/airflow/dags/play_with_airflow_connections_and_hooks.py for tasks to queue
[2025-02-01T09:01:05.792+0000] {logging_mixin.py:190} INFO - [2025-02-01T09:01:05.792+0000] {dagbag.py:588} INFO - Filling up the DagBag from /opt/airflow/dags/play_with_airflow_connections_and_hooks.py
[2025-02-01T09:01:05.802+0000] {processor.py:925} INFO - DAG(s) 'play_with_airflow_connections_and_hooks' retrieved from /opt/airflow/dags/play_with_airflow_connections_and_hooks.py
[2025-02-01T09:01:05.823+0000] {logging_mixin.py:190} INFO - [2025-02-01T09:01:05.823+0000] {dag.py:3239} INFO - Sync 1 DAGs
[2025-02-01T09:01:05.850+0000] {logging_mixin.py:190} INFO - [2025-02-01T09:01:05.850+0000] {dag.py:4180} INFO - Setting next_dagrun for play_with_airflow_connections_and_hooks to 2025-02-01 00:00:00+00:00, run_after=2025-02-02 00:00:00+00:00
[2025-02-01T09:01:05.869+0000] {processor.py:208} INFO - Processing /opt/airflow/dags/play_with_airflow_connections_and_hooks.py took 0.085 seconds
[2025-02-01T09:01:36.734+0000] {processor.py:186} INFO - Started process (PID=87125) to work on /opt/airflow/dags/play_with_airflow_connections_and_hooks.py
[2025-02-01T09:01:36.736+0000] {processor.py:914} INFO - Processing file /opt/airflow/dags/play_with_airflow_connections_and_hooks.py for tasks to queue
[2025-02-01T09:01:36.739+0000] {logging_mixin.py:190} INFO - [2025-02-01T09:01:36.738+0000] {dagbag.py:588} INFO - Filling up the DagBag from /opt/airflow/dags/play_with_airflow_connections_and_hooks.py
[2025-02-01T09:01:36.749+0000] {processor.py:925} INFO - DAG(s) 'play_with_airflow_connections_and_hooks' retrieved from /opt/airflow/dags/play_with_airflow_connections_and_hooks.py
[2025-02-01T09:01:36.770+0000] {logging_mixin.py:190} INFO - [2025-02-01T09:01:36.770+0000] {dag.py:3239} INFO - Sync 1 DAGs
[2025-02-01T09:01:36.798+0000] {logging_mixin.py:190} INFO - [2025-02-01T09:01:36.797+0000] {dag.py:4180} INFO - Setting next_dagrun for play_with_airflow_connections_and_hooks to 2025-02-01 00:00:00+00:00, run_after=2025-02-02 00:00:00+00:00
[2025-02-01T09:01:36.815+0000] {processor.py:208} INFO - Processing /opt/airflow/dags/play_with_airflow_connections_and_hooks.py took 0.087 seconds
[2025-02-01T09:02:07.170+0000] {processor.py:186} INFO - Started process (PID=87431) to work on /opt/airflow/dags/play_with_airflow_connections_and_hooks.py
[2025-02-01T09:02:07.170+0000] {processor.py:914} INFO - Processing file /opt/airflow/dags/play_with_airflow_connections_and_hooks.py for tasks to queue
[2025-02-01T09:02:07.172+0000] {logging_mixin.py:190} INFO - [2025-02-01T09:02:07.172+0000] {dagbag.py:588} INFO - Filling up the DagBag from /opt/airflow/dags/play_with_airflow_connections_and_hooks.py
[2025-02-01T09:02:07.178+0000] {processor.py:925} INFO - DAG(s) 'play_with_airflow_connections_and_hooks' retrieved from /opt/airflow/dags/play_with_airflow_connections_and_hooks.py
[2025-02-01T09:02:07.192+0000] {logging_mixin.py:190} INFO - [2025-02-01T09:02:07.192+0000] {dag.py:3239} INFO - Sync 1 DAGs
[2025-02-01T09:02:07.216+0000] {logging_mixin.py:190} INFO - [2025-02-01T09:02:07.216+0000] {dag.py:4180} INFO - Setting next_dagrun for play_with_airflow_connections_and_hooks to 2025-02-01 00:00:00+00:00, run_after=2025-02-02 00:00:00+00:00
[2025-02-01T09:02:07.229+0000] {processor.py:208} INFO - Processing /opt/airflow/dags/play_with_airflow_connections_and_hooks.py took 0.064 seconds
[2025-02-01T09:02:37.486+0000] {processor.py:186} INFO - Started process (PID=87737) to work on /opt/airflow/dags/play_with_airflow_connections_and_hooks.py
[2025-02-01T09:02:37.487+0000] {processor.py:914} INFO - Processing file /opt/airflow/dags/play_with_airflow_connections_and_hooks.py for tasks to queue
[2025-02-01T09:02:37.488+0000] {logging_mixin.py:190} INFO - [2025-02-01T09:02:37.488+0000] {dagbag.py:588} INFO - Filling up the DagBag from /opt/airflow/dags/play_with_airflow_connections_and_hooks.py
[2025-02-01T09:02:37.496+0000] {processor.py:925} INFO - DAG(s) 'play_with_airflow_connections_and_hooks' retrieved from /opt/airflow/dags/play_with_airflow_connections_and_hooks.py
[2025-02-01T09:02:37.509+0000] {logging_mixin.py:190} INFO - [2025-02-01T09:02:37.509+0000] {dag.py:3239} INFO - Sync 1 DAGs
[2025-02-01T09:02:37.528+0000] {logging_mixin.py:190} INFO - [2025-02-01T09:02:37.528+0000] {dag.py:4180} INFO - Setting next_dagrun for play_with_airflow_connections_and_hooks to 2025-02-01 00:00:00+00:00, run_after=2025-02-02 00:00:00+00:00
[2025-02-01T09:02:37.540+0000] {processor.py:208} INFO - Processing /opt/airflow/dags/play_with_airflow_connections_and_hooks.py took 0.061 seconds
[2025-02-01T09:03:08.035+0000] {processor.py:186} INFO - Started process (PID=88044) to work on /opt/airflow/dags/play_with_airflow_connections_and_hooks.py
[2025-02-01T09:03:08.035+0000] {processor.py:914} INFO - Processing file /opt/airflow/dags/play_with_airflow_connections_and_hooks.py for tasks to queue
[2025-02-01T09:03:08.037+0000] {logging_mixin.py:190} INFO - [2025-02-01T09:03:08.037+0000] {dagbag.py:588} INFO - Filling up the DagBag from /opt/airflow/dags/play_with_airflow_connections_and_hooks.py
[2025-02-01T09:03:08.044+0000] {processor.py:925} INFO - DAG(s) 'play_with_airflow_connections_and_hooks' retrieved from /opt/airflow/dags/play_with_airflow_connections_and_hooks.py
[2025-02-01T09:03:08.058+0000] {logging_mixin.py:190} INFO - [2025-02-01T09:03:08.058+0000] {dag.py:3239} INFO - Sync 1 DAGs
[2025-02-01T09:03:08.076+0000] {logging_mixin.py:190} INFO - [2025-02-01T09:03:08.076+0000] {dag.py:4180} INFO - Setting next_dagrun for play_with_airflow_connections_and_hooks to 2025-02-01 00:00:00+00:00, run_after=2025-02-02 00:00:00+00:00
[2025-02-01T09:03:08.091+0000] {processor.py:208} INFO - Processing /opt/airflow/dags/play_with_airflow_connections_and_hooks.py took 0.061 seconds
[2025-02-01T09:03:38.346+0000] {processor.py:186} INFO - Started process (PID=88351) to work on /opt/airflow/dags/play_with_airflow_connections_and_hooks.py
[2025-02-01T09:03:38.347+0000] {processor.py:914} INFO - Processing file /opt/airflow/dags/play_with_airflow_connections_and_hooks.py for tasks to queue
[2025-02-01T09:03:38.349+0000] {logging_mixin.py:190} INFO - [2025-02-01T09:03:38.349+0000] {dagbag.py:588} INFO - Filling up the DagBag from /opt/airflow/dags/play_with_airflow_connections_and_hooks.py
[2025-02-01T09:03:38.356+0000] {processor.py:925} INFO - DAG(s) 'play_with_airflow_connections_and_hooks' retrieved from /opt/airflow/dags/play_with_airflow_connections_and_hooks.py
[2025-02-01T09:03:38.370+0000] {logging_mixin.py:190} INFO - [2025-02-01T09:03:38.370+0000] {dag.py:3239} INFO - Sync 1 DAGs
[2025-02-01T09:03:38.389+0000] {logging_mixin.py:190} INFO - [2025-02-01T09:03:38.388+0000] {dag.py:4180} INFO - Setting next_dagrun for play_with_airflow_connections_and_hooks to 2025-02-01 00:00:00+00:00, run_after=2025-02-02 00:00:00+00:00
[2025-02-01T09:03:38.401+0000] {processor.py:208} INFO - Processing /opt/airflow/dags/play_with_airflow_connections_and_hooks.py took 0.061 seconds
[2025-02-01T09:04:08.666+0000] {processor.py:186} INFO - Started process (PID=88658) to work on /opt/airflow/dags/play_with_airflow_connections_and_hooks.py
[2025-02-01T09:04:08.667+0000] {processor.py:914} INFO - Processing file /opt/airflow/dags/play_with_airflow_connections_and_hooks.py for tasks to queue
[2025-02-01T09:04:08.668+0000] {logging_mixin.py:190} INFO - [2025-02-01T09:04:08.668+0000] {dagbag.py:588} INFO - Filling up the DagBag from /opt/airflow/dags/play_with_airflow_connections_and_hooks.py
[2025-02-01T09:04:08.675+0000] {processor.py:925} INFO - DAG(s) 'play_with_airflow_connections_and_hooks' retrieved from /opt/airflow/dags/play_with_airflow_connections_and_hooks.py
[2025-02-01T09:04:08.689+0000] {logging_mixin.py:190} INFO - [2025-02-01T09:04:08.689+0000] {dag.py:3239} INFO - Sync 1 DAGs
[2025-02-01T09:04:08.708+0000] {logging_mixin.py:190} INFO - [2025-02-01T09:04:08.707+0000] {dag.py:4180} INFO - Setting next_dagrun for play_with_airflow_connections_and_hooks to 2025-02-01 00:00:00+00:00, run_after=2025-02-02 00:00:00+00:00
[2025-02-01T09:04:08.720+0000] {processor.py:208} INFO - Processing /opt/airflow/dags/play_with_airflow_connections_and_hooks.py took 0.059 seconds
[2025-02-01T09:04:39.605+0000] {processor.py:186} INFO - Started process (PID=88964) to work on /opt/airflow/dags/play_with_airflow_connections_and_hooks.py
[2025-02-01T09:04:39.606+0000] {processor.py:914} INFO - Processing file /opt/airflow/dags/play_with_airflow_connections_and_hooks.py for tasks to queue
[2025-02-01T09:04:39.608+0000] {logging_mixin.py:190} INFO - [2025-02-01T09:04:39.608+0000] {dagbag.py:588} INFO - Filling up the DagBag from /opt/airflow/dags/play_with_airflow_connections_and_hooks.py
[2025-02-01T09:04:39.615+0000] {processor.py:925} INFO - DAG(s) 'play_with_airflow_connections_and_hooks' retrieved from /opt/airflow/dags/play_with_airflow_connections_and_hooks.py
[2025-02-01T09:04:39.629+0000] {logging_mixin.py:190} INFO - [2025-02-01T09:04:39.629+0000] {dag.py:3239} INFO - Sync 1 DAGs
[2025-02-01T09:04:39.647+0000] {logging_mixin.py:190} INFO - [2025-02-01T09:04:39.647+0000] {dag.py:4180} INFO - Setting next_dagrun for play_with_airflow_connections_and_hooks to 2025-02-01 00:00:00+00:00, run_after=2025-02-02 00:00:00+00:00
[2025-02-01T09:04:39.661+0000] {processor.py:208} INFO - Processing /opt/airflow/dags/play_with_airflow_connections_and_hooks.py took 0.060 seconds
[2025-02-01T09:05:10.290+0000] {processor.py:186} INFO - Started process (PID=89270) to work on /opt/airflow/dags/play_with_airflow_connections_and_hooks.py
[2025-02-01T09:05:10.291+0000] {processor.py:914} INFO - Processing file /opt/airflow/dags/play_with_airflow_connections_and_hooks.py for tasks to queue
[2025-02-01T09:05:10.293+0000] {logging_mixin.py:190} INFO - [2025-02-01T09:05:10.292+0000] {dagbag.py:588} INFO - Filling up the DagBag from /opt/airflow/dags/play_with_airflow_connections_and_hooks.py
[2025-02-01T09:05:10.300+0000] {processor.py:925} INFO - DAG(s) 'play_with_airflow_connections_and_hooks' retrieved from /opt/airflow/dags/play_with_airflow_connections_and_hooks.py
[2025-02-01T09:05:10.315+0000] {logging_mixin.py:190} INFO - [2025-02-01T09:05:10.314+0000] {dag.py:3239} INFO - Sync 1 DAGs
[2025-02-01T09:05:10.334+0000] {logging_mixin.py:190} INFO - [2025-02-01T09:05:10.334+0000] {dag.py:4180} INFO - Setting next_dagrun for play_with_airflow_connections_and_hooks to 2025-02-01 00:00:00+00:00, run_after=2025-02-02 00:00:00+00:00
[2025-02-01T09:05:10.347+0000] {processor.py:208} INFO - Processing /opt/airflow/dags/play_with_airflow_connections_and_hooks.py took 0.061 seconds
[2025-02-01T09:05:40.400+0000] {processor.py:186} INFO - Started process (PID=89577) to work on /opt/airflow/dags/play_with_airflow_connections_and_hooks.py
[2025-02-01T09:05:40.401+0000] {processor.py:914} INFO - Processing file /opt/airflow/dags/play_with_airflow_connections_and_hooks.py for tasks to queue
[2025-02-01T09:05:40.403+0000] {logging_mixin.py:190} INFO - [2025-02-01T09:05:40.403+0000] {dagbag.py:588} INFO - Filling up the DagBag from /opt/airflow/dags/play_with_airflow_connections_and_hooks.py
[2025-02-01T09:05:40.412+0000] {processor.py:925} INFO - DAG(s) 'play_with_airflow_connections_and_hooks' retrieved from /opt/airflow/dags/play_with_airflow_connections_and_hooks.py
[2025-02-01T09:05:40.426+0000] {logging_mixin.py:190} INFO - [2025-02-01T09:05:40.426+0000] {dag.py:3239} INFO - Sync 1 DAGs
[2025-02-01T09:05:40.445+0000] {logging_mixin.py:190} INFO - [2025-02-01T09:05:40.445+0000] {dag.py:4180} INFO - Setting next_dagrun for play_with_airflow_connections_and_hooks to 2025-02-01 00:00:00+00:00, run_after=2025-02-02 00:00:00+00:00
[2025-02-01T09:05:40.459+0000] {processor.py:208} INFO - Processing /opt/airflow/dags/play_with_airflow_connections_and_hooks.py took 0.066 seconds
[2025-02-01T09:06:10.572+0000] {processor.py:186} INFO - Started process (PID=89884) to work on /opt/airflow/dags/play_with_airflow_connections_and_hooks.py
[2025-02-01T09:06:10.573+0000] {processor.py:914} INFO - Processing file /opt/airflow/dags/play_with_airflow_connections_and_hooks.py for tasks to queue
[2025-02-01T09:06:10.574+0000] {logging_mixin.py:190} INFO - [2025-02-01T09:06:10.574+0000] {dagbag.py:588} INFO - Filling up the DagBag from /opt/airflow/dags/play_with_airflow_connections_and_hooks.py
[2025-02-01T09:06:10.582+0000] {processor.py:925} INFO - DAG(s) 'play_with_airflow_connections_and_hooks' retrieved from /opt/airflow/dags/play_with_airflow_connections_and_hooks.py
[2025-02-01T09:06:10.596+0000] {logging_mixin.py:190} INFO - [2025-02-01T09:06:10.596+0000] {dag.py:3239} INFO - Sync 1 DAGs
[2025-02-01T09:06:10.615+0000] {logging_mixin.py:190} INFO - [2025-02-01T09:06:10.614+0000] {dag.py:4180} INFO - Setting next_dagrun for play_with_airflow_connections_and_hooks to 2025-02-01 00:00:00+00:00, run_after=2025-02-02 00:00:00+00:00
[2025-02-01T09:06:10.627+0000] {processor.py:208} INFO - Processing /opt/airflow/dags/play_with_airflow_connections_and_hooks.py took 0.060 seconds
[2025-02-01T09:06:40.781+0000] {processor.py:186} INFO - Started process (PID=90176) to work on /opt/airflow/dags/play_with_airflow_connections_and_hooks.py
[2025-02-01T09:06:40.782+0000] {processor.py:914} INFO - Processing file /opt/airflow/dags/play_with_airflow_connections_and_hooks.py for tasks to queue
[2025-02-01T09:06:40.785+0000] {logging_mixin.py:190} INFO - [2025-02-01T09:06:40.785+0000] {dagbag.py:588} INFO - Filling up the DagBag from /opt/airflow/dags/play_with_airflow_connections_and_hooks.py
[2025-02-01T09:06:40.794+0000] {processor.py:925} INFO - DAG(s) 'play_with_airflow_connections_and_hooks' retrieved from /opt/airflow/dags/play_with_airflow_connections_and_hooks.py
[2025-02-01T09:06:40.813+0000] {logging_mixin.py:190} INFO - [2025-02-01T09:06:40.813+0000] {dag.py:3239} INFO - Sync 1 DAGs
[2025-02-01T09:06:40.842+0000] {logging_mixin.py:190} INFO - [2025-02-01T09:06:40.842+0000] {dag.py:4180} INFO - Setting next_dagrun for play_with_airflow_connections_and_hooks to 2025-02-01 00:00:00+00:00, run_after=2025-02-02 00:00:00+00:00
[2025-02-01T09:06:40.883+0000] {processor.py:208} INFO - Processing /opt/airflow/dags/play_with_airflow_connections_and_hooks.py took 0.107 seconds
[2025-02-01T09:07:11.397+0000] {processor.py:186} INFO - Started process (PID=90482) to work on /opt/airflow/dags/play_with_airflow_connections_and_hooks.py
[2025-02-01T09:07:11.397+0000] {processor.py:914} INFO - Processing file /opt/airflow/dags/play_with_airflow_connections_and_hooks.py for tasks to queue
[2025-02-01T09:07:11.400+0000] {logging_mixin.py:190} INFO - [2025-02-01T09:07:11.400+0000] {dagbag.py:588} INFO - Filling up the DagBag from /opt/airflow/dags/play_with_airflow_connections_and_hooks.py
[2025-02-01T09:07:11.409+0000] {processor.py:925} INFO - DAG(s) 'play_with_airflow_connections_and_hooks' retrieved from /opt/airflow/dags/play_with_airflow_connections_and_hooks.py
[2025-02-01T09:07:11.430+0000] {logging_mixin.py:190} INFO - [2025-02-01T09:07:11.430+0000] {dag.py:3239} INFO - Sync 1 DAGs
[2025-02-01T09:07:11.459+0000] {logging_mixin.py:190} INFO - [2025-02-01T09:07:11.459+0000] {dag.py:4180} INFO - Setting next_dagrun for play_with_airflow_connections_and_hooks to 2025-02-01 00:00:00+00:00, run_after=2025-02-02 00:00:00+00:00
[2025-02-01T09:07:11.476+0000] {processor.py:208} INFO - Processing /opt/airflow/dags/play_with_airflow_connections_and_hooks.py took 0.085 seconds
[2025-02-01T09:07:41.567+0000] {processor.py:186} INFO - Started process (PID=90788) to work on /opt/airflow/dags/play_with_airflow_connections_and_hooks.py
[2025-02-01T09:07:41.568+0000] {processor.py:914} INFO - Processing file /opt/airflow/dags/play_with_airflow_connections_and_hooks.py for tasks to queue
[2025-02-01T09:07:41.571+0000] {logging_mixin.py:190} INFO - [2025-02-01T09:07:41.570+0000] {dagbag.py:588} INFO - Filling up the DagBag from /opt/airflow/dags/play_with_airflow_connections_and_hooks.py
[2025-02-01T09:07:41.580+0000] {processor.py:925} INFO - DAG(s) 'play_with_airflow_connections_and_hooks' retrieved from /opt/airflow/dags/play_with_airflow_connections_and_hooks.py
[2025-02-01T09:07:41.600+0000] {logging_mixin.py:190} INFO - [2025-02-01T09:07:41.599+0000] {dag.py:3239} INFO - Sync 1 DAGs
[2025-02-01T09:07:41.627+0000] {logging_mixin.py:190} INFO - [2025-02-01T09:07:41.626+0000] {dag.py:4180} INFO - Setting next_dagrun for play_with_airflow_connections_and_hooks to 2025-02-01 00:00:00+00:00, run_after=2025-02-02 00:00:00+00:00
[2025-02-01T09:07:41.646+0000] {processor.py:208} INFO - Processing /opt/airflow/dags/play_with_airflow_connections_and_hooks.py took 0.084 seconds
[2025-02-01T09:08:11.938+0000] {processor.py:186} INFO - Started process (PID=91101) to work on /opt/airflow/dags/play_with_airflow_connections_and_hooks.py
[2025-02-01T09:08:11.939+0000] {processor.py:914} INFO - Processing file /opt/airflow/dags/play_with_airflow_connections_and_hooks.py for tasks to queue
[2025-02-01T09:08:11.941+0000] {logging_mixin.py:190} INFO - [2025-02-01T09:08:11.941+0000] {dagbag.py:588} INFO - Filling up the DagBag from /opt/airflow/dags/play_with_airflow_connections_and_hooks.py
[2025-02-01T09:08:11.950+0000] {processor.py:925} INFO - DAG(s) 'play_with_airflow_connections_and_hooks' retrieved from /opt/airflow/dags/play_with_airflow_connections_and_hooks.py
[2025-02-01T09:08:11.969+0000] {logging_mixin.py:190} INFO - [2025-02-01T09:08:11.969+0000] {dag.py:3239} INFO - Sync 1 DAGs
[2025-02-01T09:08:11.998+0000] {logging_mixin.py:190} INFO - [2025-02-01T09:08:11.997+0000] {dag.py:4180} INFO - Setting next_dagrun for play_with_airflow_connections_and_hooks to 2025-02-01 00:00:00+00:00, run_after=2025-02-02 00:00:00+00:00
[2025-02-01T09:08:12.014+0000] {processor.py:208} INFO - Processing /opt/airflow/dags/play_with_airflow_connections_and_hooks.py took 0.082 seconds
