[2025-02-01T08:23:29.526+0000] {local_task_job_runner.py:123} INFO - ::group::Pre task execution logs
[2025-02-01T08:23:29.657+0000] {taskinstance.py:2613} INFO - Dependencies all met for dep_context=non-requeueable deps ti=<TaskInstance: weather_api_dag.get_weather_data scheduled__2025-02-01T01:00:00+00:00 [queued]>
[2025-02-01T08:23:29.708+0000] {taskinstance.py:2613} INFO - Dependencies all met for dep_context=requeueable deps ti=<TaskInstance: weather_api_dag.get_weather_data scheduled__2025-02-01T01:00:00+00:00 [queued]>
[2025-02-01T08:23:29.711+0000] {taskinstance.py:2866} INFO - Starting attempt 1 of 1
[2025-02-01T08:23:29.832+0000] {taskinstance.py:2889} INFO - Executing <Task(PythonOperator): get_weather_data> on 2025-02-01 01:00:00+00:00
[2025-02-01T08:23:29.967+0000] {standard_task_runner.py:104} INFO - Running: ['***', 'tasks', 'run', 'weather_api_dag', 'get_weather_data', 'scheduled__2025-02-01T01:00:00+00:00', '--job-id', '2', '--raw', '--subdir', 'DAGS_FOLDER/weather_api_dag.py', '--cfg-path', '/tmp/tmp5r5vxuaw']
[2025-02-01T08:23:29.973+0000] {standard_task_runner.py:105} INFO - Job 2: Subtask get_weather_data
[2025-02-01T08:23:29.999+0000] {logging_mixin.py:190} WARNING - /home/***/.local/lib/python3.12/site-packages/***/task/task_runner/standard_task_runner.py:70 DeprecationWarning: This process (pid=64731) is multi-threaded, use of fork() may lead to deadlocks in the child.
[2025-02-01T08:23:30.007+0000] {standard_task_runner.py:72} INFO - Started process 64755 to run task
[2025-02-01T08:23:30.302+0000] {task_command.py:467} INFO - Running <TaskInstance: weather_api_dag.get_weather_data scheduled__2025-02-01T01:00:00+00:00 [running]> on host f627b4fa4044
[2025-02-01T08:23:31.064+0000] {taskinstance.py:3132} INFO - Exporting env vars: AIRFLOW_CTX_DAG_OWNER='***' AIRFLOW_CTX_DAG_ID='weather_api_dag' AIRFLOW_CTX_TASK_ID='get_weather_data' AIRFLOW_CTX_EXECUTION_DATE='2025-02-01T01:00:00+00:00' AIRFLOW_CTX_TRY_NUMBER='1' AIRFLOW_CTX_DAG_RUN_ID='scheduled__2025-02-01T01:00:00+00:00'
[2025-02-01T08:23:31.068+0000] {logging_mixin.py:190} INFO - Task instance is in running state
[2025-02-01T08:23:31.069+0000] {logging_mixin.py:190} INFO -  Previous state of the Task instance: queued
[2025-02-01T08:23:31.070+0000] {logging_mixin.py:190} INFO - Current task name:get_weather_data state:running start_date:2025-02-01 08:23:29.662324+00:00
[2025-02-01T08:23:31.070+0000] {logging_mixin.py:190} INFO - Dag name:weather_api_dag and current dag run status:running
[2025-02-01T08:23:31.071+0000] {taskinstance.py:731} INFO - ::endgroup::
[2025-02-01T08:23:31.166+0000] {logging_mixin.py:190} INFO - https://api.openweathermap.org/data/2.5/weather?q=bangkok&appid=12fae523c489871fcd8bb083f5fc0720&units=metric
[2025-02-01T08:23:31.169+0000] {logging_mixin.py:190} INFO - {'coord': {'lon': 100.5167, 'lat': 13.75}, 'weather': [{'id': 803, 'main': 'Clouds', 'description': 'broken clouds', 'icon': '04d'}], 'base': 'stations', 'main': {'temp': 34.91, 'feels_like': 36.76, 'temp_min': 32.94, 'temp_max': 35.53, 'pressure': 1006, 'humidity': 39, 'sea_level': 1006, 'grnd_level': 1005}, 'visibility': 10000, 'wind': {'speed': 3.31, 'deg': 183, 'gust': 2.3}, 'clouds': {'all': 61}, 'dt': 1738397916, 'sys': {'type': 2, 'id': 2073525, 'country': 'TH', 'sunrise': 1738367109, 'sunset': 1738408663}, 'timezone': 25200, 'id': 1609350, 'name': 'Bangkok', 'cod': 200}
[2025-02-01T08:23:31.169+0000] {python.py:240} INFO - Done. Returned value was: None
[2025-02-01T08:23:31.231+0000] {taskinstance.py:340} INFO - ::group::Post task execution logs
[2025-02-01T08:23:31.237+0000] {taskinstance.py:352} INFO - Marking task as SUCCESS. dag_id=weather_api_dag, task_id=get_weather_data, run_id=scheduled__2025-02-01T01:00:00+00:00, execution_date=20250201T010000, start_date=20250201T082329, end_date=20250201T082331
[2025-02-01T08:23:31.301+0000] {logging_mixin.py:190} INFO - Task instance in success state
[2025-02-01T08:23:31.310+0000] {logging_mixin.py:190} INFO -  Previous state of the Task instance: running
[2025-02-01T08:23:31.311+0000] {logging_mixin.py:190} INFO - Dag name:weather_api_dag queued_at:2025-02-01 08:23:23.837580+00:00
[2025-02-01T08:23:31.313+0000] {logging_mixin.py:190} INFO - Task hostname:f627b4fa4044 operator:PythonOperator
[2025-02-01T08:23:31.433+0000] {local_task_job_runner.py:266} INFO - Task exited with return code 0
[2025-02-01T08:23:31.482+0000] {taskinstance.py:3895} INFO - 0 downstream tasks scheduled from follow-on schedule check
[2025-02-01T08:23:31.519+0000] {local_task_job_runner.py:245} INFO - ::endgroup::
