[2025-02-01T08:53:42.987+0000] {local_task_job_runner.py:123} INFO - ::group::Pre task execution logs
[2025-02-01T08:53:43.008+0000] {taskinstance.py:2613} INFO - Dependencies all met for dep_context=non-requeueable deps ti=<TaskInstance: weather_api_dag.get_weather_data manual__2025-02-01T08:53:40.806809+00:00 [queued]>
[2025-02-01T08:53:43.016+0000] {taskinstance.py:2613} INFO - Dependencies all met for dep_context=requeueable deps ti=<TaskInstance: weather_api_dag.get_weather_data manual__2025-02-01T08:53:40.806809+00:00 [queued]>
[2025-02-01T08:53:43.016+0000] {taskinstance.py:2866} INFO - Starting attempt 1 of 1
[2025-02-01T08:53:43.037+0000] {taskinstance.py:2889} INFO - Executing <Task(PythonOperator): get_weather_data> on 2025-02-01 08:53:40.806809+00:00
[2025-02-01T08:53:43.059+0000] {logging_mixin.py:190} WARNING - /home/***/.local/lib/python3.12/site-packages/***/task/task_runner/standard_task_runner.py:70 DeprecationWarning: This process (pid=82421) is multi-threaded, use of fork() may lead to deadlocks in the child.
[2025-02-01T08:53:43.061+0000] {standard_task_runner.py:72} INFO - Started process 82422 to run task
[2025-02-01T08:53:43.058+0000] {standard_task_runner.py:104} INFO - Running: ['***', 'tasks', 'run', 'weather_api_dag', 'get_weather_data', 'manual__2025-02-01T08:53:40.806809+00:00', '--job-id', '11', '--raw', '--subdir', 'DAGS_FOLDER/weather_api_dag.py', '--cfg-path', '/tmp/tmprlymew_b']
[2025-02-01T08:53:43.062+0000] {standard_task_runner.py:105} INFO - Job 11: Subtask get_weather_data
[2025-02-01T08:53:43.112+0000] {task_command.py:467} INFO - Running <TaskInstance: weather_api_dag.get_weather_data manual__2025-02-01T08:53:40.806809+00:00 [running]> on host f627b4fa4044
[2025-02-01T08:53:43.176+0000] {taskinstance.py:3132} INFO - Exporting env vars: AIRFLOW_CTX_DAG_OWNER='***' AIRFLOW_CTX_DAG_ID='weather_api_dag' AIRFLOW_CTX_TASK_ID='get_weather_data' AIRFLOW_CTX_EXECUTION_DATE='2025-02-01T08:53:40.806809+00:00' AIRFLOW_CTX_TRY_NUMBER='1' AIRFLOW_CTX_DAG_RUN_ID='manual__2025-02-01T08:53:40.806809+00:00'
[2025-02-01T08:53:43.177+0000] {logging_mixin.py:190} INFO - Task instance is in running state
[2025-02-01T08:53:43.177+0000] {logging_mixin.py:190} INFO -  Previous state of the Task instance: queued
[2025-02-01T08:53:43.178+0000] {logging_mixin.py:190} INFO - Current task name:get_weather_data state:running start_date:2025-02-01 08:53:43.008492+00:00
[2025-02-01T08:53:43.178+0000] {logging_mixin.py:190} INFO - Dag name:weather_api_dag and current dag run status:running
[2025-02-01T08:53:43.178+0000] {taskinstance.py:731} INFO - ::endgroup::
[2025-02-01T08:53:43.199+0000] {logging_mixin.py:190} INFO - https://api.openweathermap.org/data/2.5/weather?q=bangkok&appid=12fae523c489871fcd8bb083f5fc0720&units=metric
[2025-02-01T08:53:43.199+0000] {logging_mixin.py:190} INFO - {'coord': {'lon': 100.5167, 'lat': 13.75}, 'weather': [{'id': 803, 'main': 'Clouds', 'description': 'broken clouds', 'icon': '04d'}], 'base': 'stations', 'main': {'temp': 35.27, 'feels_like': 37.12, 'temp_min': 33.94, 'temp_max': 35.53, 'pressure': 1005, 'humidity': 38, 'sea_level': 1005, 'grnd_level': 1005}, 'visibility': 10000, 'wind': {'speed': 4.31, 'deg': 186, 'gust': 3.01}, 'clouds': {'all': 74}, 'dt': 1738399578, 'sys': {'type': 2, 'id': 2073525, 'country': 'TH', 'sunrise': 1738367109, 'sunset': 1738408663}, 'timezone': 25200, 'id': 1609350, 'name': 'Bangkok', 'cod': 200}
[2025-02-01T08:53:43.199+0000] {python.py:240} INFO - Done. Returned value was: None
[2025-02-01T08:53:43.206+0000] {taskinstance.py:340} INFO - ::group::Post task execution logs
[2025-02-01T08:53:43.207+0000] {taskinstance.py:352} INFO - Marking task as SUCCESS. dag_id=weather_api_dag, task_id=get_weather_data, run_id=manual__2025-02-01T08:53:40.806809+00:00, execution_date=20250201T085340, start_date=20250201T085343, end_date=20250201T085343
[2025-02-01T08:53:43.213+0000] {logging_mixin.py:190} INFO - Task instance in success state
[2025-02-01T08:53:43.213+0000] {logging_mixin.py:190} INFO -  Previous state of the Task instance: running
[2025-02-01T08:53:43.213+0000] {logging_mixin.py:190} INFO - Dag name:weather_api_dag queued_at:2025-02-01 08:53:40.816989+00:00
[2025-02-01T08:53:43.213+0000] {logging_mixin.py:190} INFO - Task hostname:f627b4fa4044 operator:PythonOperator
[2025-02-01T08:53:43.248+0000] {local_task_job_runner.py:266} INFO - Task exited with return code 0
[2025-02-01T08:53:43.262+0000] {taskinstance.py:3895} INFO - 0 downstream tasks scheduled from follow-on schedule check
[2025-02-01T08:53:43.263+0000] {local_task_job_runner.py:245} INFO - ::endgroup::
