[2025-02-01T08:54:07.615+0000] {local_task_job_runner.py:123} INFO - ::group::Pre task execution logs
[2025-02-01T08:54:07.629+0000] {taskinstance.py:2613} INFO - Dependencies all met for dep_context=non-requeueable deps ti=<TaskInstance: play_with_airflow_connections_and_hooks.get_data scheduled__2025-01-31T00:00:00+00:00 [queued]>
[2025-02-01T08:54:07.635+0000] {taskinstance.py:2613} INFO - Dependencies all met for dep_context=requeueable deps ti=<TaskInstance: play_with_airflow_connections_and_hooks.get_data scheduled__2025-01-31T00:00:00+00:00 [queued]>
[2025-02-01T08:54:07.635+0000] {taskinstance.py:2866} INFO - Starting attempt 1 of 1
[2025-02-01T08:54:07.645+0000] {taskinstance.py:2889} INFO - Executing <Task(PythonOperator): get_data> on 2025-01-31 00:00:00+00:00
[2025-02-01T08:54:07.655+0000] {standard_task_runner.py:104} INFO - Running: ['***', 'tasks', 'run', 'play_with_***_connections_and_hooks', 'get_data', 'scheduled__2025-01-31T00:00:00+00:00', '--job-id', '12', '--raw', '--subdir', 'DAGS_FOLDER/play_with_***_connections_and_hooks.py', '--cfg-path', '/tmp/tmpiui1c1rx']
[2025-02-01T08:54:07.657+0000] {standard_task_runner.py:105} INFO - Job 12: Subtask get_data
[2025-02-01T08:54:07.662+0000] {logging_mixin.py:190} WARNING - /home/***/.local/lib/python3.12/site-packages/***/task/task_runner/standard_task_runner.py:70 DeprecationWarning: This process (pid=82684) is multi-threaded, use of fork() may lead to deadlocks in the child.
[2025-02-01T08:54:07.663+0000] {standard_task_runner.py:72} INFO - Started process 82685 to run task
[2025-02-01T08:54:07.696+0000] {task_command.py:467} INFO - Running <TaskInstance: play_with_airflow_connections_and_hooks.get_data scheduled__2025-01-31T00:00:00+00:00 [running]> on host f627b4fa4044
[2025-02-01T08:54:07.754+0000] {taskinstance.py:3132} INFO - Exporting env vars: AIRFLOW_CTX_DAG_OWNER='***' AIRFLOW_CTX_DAG_ID='play_with_***_connections_and_hooks' AIRFLOW_CTX_TASK_ID='get_data' AIRFLOW_CTX_EXECUTION_DATE='2025-01-31T00:00:00+00:00' AIRFLOW_CTX_TRY_NUMBER='1' AIRFLOW_CTX_DAG_RUN_ID='scheduled__2025-01-31T00:00:00+00:00'
[2025-02-01T08:54:07.755+0000] {logging_mixin.py:190} INFO - Task instance is in running state
[2025-02-01T08:54:07.756+0000] {logging_mixin.py:190} INFO -  Previous state of the Task instance: queued
[2025-02-01T08:54:07.756+0000] {logging_mixin.py:190} INFO - Current task name:get_data state:running start_date:2025-02-01 08:54:07.629994+00:00
[2025-02-01T08:54:07.756+0000] {logging_mixin.py:190} INFO - Dag name:play_with_***_connections_and_hooks and current dag run status:running
[2025-02-01T08:54:07.756+0000] {taskinstance.py:731} INFO - ::endgroup::
[2025-02-01T08:54:07.763+0000] {base.py:84} INFO - Retrieving connection 'my_postgres_conn'
[2025-02-01T08:54:07.918+0000] {logging_mixin.py:190} INFO - ('***', 'public', 'log', 'BASE TABLE', None, None, None, None, None, 'YES', 'NO', None)
[2025-02-01T08:54:07.918+0000] {logging_mixin.py:190} INFO - ('***', 'public', 'dag_priority_parsing_request', 'BASE TABLE', None, None, None, None, None, 'YES', 'NO', None)
[2025-02-01T08:54:07.919+0000] {logging_mixin.py:190} INFO - ('***', 'public', 'job', 'BASE TABLE', None, None, None, None, None, 'YES', 'NO', None)
[2025-02-01T08:54:07.919+0000] {logging_mixin.py:190} INFO - ('***', 'pg_catalog', 'pg_statistic', 'BASE TABLE', None, None, None, None, None, 'YES', 'NO', None)
[2025-02-01T08:54:07.919+0000] {logging_mixin.py:190} INFO - ('***', 'pg_catalog', 'pg_type', 'BASE TABLE', None, None, None, None, None, 'YES', 'NO', None)
[2025-02-01T08:54:07.919+0000] {logging_mixin.py:190} INFO - ('***', 'public', 'slot_pool', 'BASE TABLE', None, None, None, None, None, 'YES', 'NO', None)
[2025-02-01T08:54:07.920+0000] {logging_mixin.py:190} INFO - ('***', 'public', 'callback_request', 'BASE TABLE', None, None, None, None, None, 'YES', 'NO', None)
[2025-02-01T08:54:07.920+0000] {logging_mixin.py:190} INFO - ('***', 'pg_catalog', 'pg_foreign_table', 'BASE TABLE', None, None, None, None, None, 'YES', 'NO', None)
[2025-02-01T08:54:07.920+0000] {logging_mixin.py:190} INFO - ('***', 'pg_catalog', 'pg_authid', 'BASE TABLE', None, None, None, None, None, 'YES', 'NO', None)
[2025-02-01T08:54:07.920+0000] {logging_mixin.py:190} INFO - ('***', 'pg_catalog', 'pg_shadow', 'VIEW', None, None, None, None, None, 'NO', 'NO', None)
[2025-02-01T08:54:07.921+0000] {logging_mixin.py:190} INFO - ('***', 'public', 'dag_code', 'BASE TABLE', None, None, None, None, None, 'YES', 'NO', None)
[2025-02-01T08:54:07.921+0000] {logging_mixin.py:190} INFO - ('***', 'public', 'dag_pickle', 'BASE TABLE', None, None, None, None, None, 'YES', 'NO', None)
[2025-02-01T08:54:07.921+0000] {logging_mixin.py:190} INFO - ('***', 'pg_catalog', 'pg_statistic_ext_data', 'BASE TABLE', None, None, None, None, None, 'YES', 'NO', None)
[2025-02-01T08:54:07.921+0000] {logging_mixin.py:190} INFO - ('***', 'pg_catalog', 'pg_roles', 'VIEW', None, None, None, None, None, 'NO', 'NO', None)
[2025-02-01T08:54:07.922+0000] {logging_mixin.py:190} INFO - ('***', 'pg_catalog', 'pg_settings', 'VIEW', None, None, None, None, None, 'NO', 'NO', None)
[2025-02-01T08:54:07.922+0000] {logging_mixin.py:190} INFO - ('***', 'pg_catalog', 'pg_file_settings', 'VIEW', None, None, None, None, None, 'NO', 'NO', None)
[2025-02-01T08:54:07.922+0000] {logging_mixin.py:190} INFO - ('***', 'pg_catalog', 'pg_hba_file_rules', 'VIEW', None, None, None, None, None, 'NO', 'NO', None)
[2025-02-01T08:54:07.922+0000] {logging_mixin.py:190} INFO - ('***', 'pg_catalog', 'pg_config', 'VIEW', None, None, None, None, None, 'NO', 'NO', None)
[2025-02-01T08:54:07.923+0000] {logging_mixin.py:190} INFO - ('***', 'pg_catalog', 'pg_shmem_allocations', 'VIEW', None, None, None, None, None, 'NO', 'NO', None)
[2025-02-01T08:54:07.923+0000] {logging_mixin.py:190} INFO - ('***', 'public', 'ab_user', 'BASE TABLE', None, None, None, None, None, 'YES', 'NO', None)
[2025-02-01T08:54:07.923+0000] {logging_mixin.py:190} INFO - ('***', 'public', 'ab_register_user', 'BASE TABLE', None, None, None, None, None, 'YES', 'NO', None)
[2025-02-01T08:54:07.923+0000] {logging_mixin.py:190} INFO - ('***', 'pg_catalog', 'pg_prepared_statements', 'VIEW', None, None, None, None, None, 'NO', 'NO', None)
[2025-02-01T08:54:07.924+0000] {logging_mixin.py:190} INFO - ('***', 'pg_catalog', 'pg_largeobject', 'BASE TABLE', None, None, None, None, None, 'YES', 'NO', None)
[2025-02-01T08:54:07.924+0000] {logging_mixin.py:190} INFO - ('***', 'public', 'connection', 'BASE TABLE', None, None, None, None, None, 'YES', 'NO', None)
[2025-02-01T08:54:07.924+0000] {logging_mixin.py:190} INFO - ('***', 'pg_catalog', 'pg_user_mapping', 'BASE TABLE', None, None, None, None, None, 'YES', 'NO', None)
[2025-02-01T08:54:07.924+0000] {logging_mixin.py:190} INFO - ('***', 'pg_catalog', 'pg_stat_progress_vacuum', 'VIEW', None, None, None, None, None, 'NO', 'NO', None)
[2025-02-01T08:54:07.926+0000] {logging_mixin.py:190} INFO - ('***', 'pg_catalog', 'pg_replication_origin_status', 'VIEW', None, None, None, None, None, 'NO', 'NO', None)
[2025-02-01T08:54:07.926+0000] {logging_mixin.py:190} INFO - ('***', 'pg_catalog', 'pg_subscription', 'BASE TABLE', None, None, None, None, None, 'YES', 'NO', None)
[2025-02-01T08:54:07.926+0000] {logging_mixin.py:190} INFO - ('***', 'pg_catalog', 'pg_attribute', 'BASE TABLE', None, None, None, None, None, 'YES', 'NO', None)
[2025-02-01T08:54:07.926+0000] {logging_mixin.py:190} INFO - ('***', 'pg_catalog', 'pg_proc', 'BASE TABLE', None, None, None, None, None, 'YES', 'NO', None)
[2025-02-01T08:54:07.927+0000] {logging_mixin.py:190} INFO - ('***', 'pg_catalog', 'pg_class', 'BASE TABLE', None, None, None, None, None, 'YES', 'NO', None)
[2025-02-01T08:54:07.927+0000] {logging_mixin.py:190} INFO - ('***', 'pg_catalog', 'pg_attrdef', 'BASE TABLE', None, None, None, None, None, 'YES', 'NO', None)
[2025-02-01T08:54:07.927+0000] {logging_mixin.py:190} INFO - ('***', 'pg_catalog', 'pg_constraint', 'BASE TABLE', None, None, None, None, None, 'YES', 'NO', None)
[2025-02-01T08:54:07.927+0000] {logging_mixin.py:190} INFO - ('***', 'pg_catalog', 'pg_inherits', 'BASE TABLE', None, None, None, None, None, 'YES', 'NO', None)
[2025-02-01T08:54:07.927+0000] {logging_mixin.py:190} INFO - ('***', 'pg_catalog', 'pg_index', 'BASE TABLE', None, None, None, None, None, 'YES', 'NO', None)
[2025-02-01T08:54:07.927+0000] {logging_mixin.py:190} INFO - ('***', 'pg_catalog', 'pg_operator', 'BASE TABLE', None, None, None, None, None, 'YES', 'NO', None)
[2025-02-01T08:54:07.928+0000] {logging_mixin.py:190} INFO - ('***', 'pg_catalog', 'pg_opfamily', 'BASE TABLE', None, None, None, None, None, 'YES', 'NO', None)
[2025-02-01T08:54:07.928+0000] {logging_mixin.py:190} INFO - ('***', 'pg_catalog', 'pg_opclass', 'BASE TABLE', None, None, None, None, None, 'YES', 'NO', None)
[2025-02-01T08:54:07.928+0000] {logging_mixin.py:190} INFO - ('***', 'pg_catalog', 'pg_am', 'BASE TABLE', None, None, None, None, None, 'YES', 'NO', None)
[2025-02-01T08:54:07.929+0000] {logging_mixin.py:190} INFO - ('***', 'pg_catalog', 'pg_amop', 'BASE TABLE', None, None, None, None, None, 'YES', 'NO', None)
[2025-02-01T08:54:07.929+0000] {logging_mixin.py:190} INFO - ('***', 'pg_catalog', 'pg_amproc', 'BASE TABLE', None, None, None, None, None, 'YES', 'NO', None)
[2025-02-01T08:54:07.929+0000] {logging_mixin.py:190} INFO - ('***', 'pg_catalog', 'pg_language', 'BASE TABLE', None, None, None, None, None, 'YES', 'NO', None)
[2025-02-01T08:54:07.929+0000] {logging_mixin.py:190} INFO - ('***', 'pg_catalog', 'pg_largeobject_metadata', 'BASE TABLE', None, None, None, None, None, 'YES', 'NO', None)
[2025-02-01T08:54:07.930+0000] {logging_mixin.py:190} INFO - ('***', 'pg_catalog', 'pg_aggregate', 'BASE TABLE', None, None, None, None, None, 'YES', 'NO', None)
[2025-02-01T08:54:07.930+0000] {logging_mixin.py:190} INFO - ('***', 'pg_catalog', 'pg_statistic_ext', 'BASE TABLE', None, None, None, None, None, 'YES', 'NO', None)
[2025-02-01T08:54:07.930+0000] {logging_mixin.py:190} INFO - ('***', 'pg_catalog', 'pg_rewrite', 'BASE TABLE', None, None, None, None, None, 'YES', 'NO', None)
[2025-02-01T08:54:07.930+0000] {logging_mixin.py:190} INFO - ('***', 'pg_catalog', 'pg_trigger', 'BASE TABLE', None, None, None, None, None, 'YES', 'NO', None)
[2025-02-01T08:54:07.930+0000] {logging_mixin.py:190} INFO - ('***', 'pg_catalog', 'pg_event_trigger', 'BASE TABLE', None, None, None, None, None, 'YES', 'NO', None)
[2025-02-01T08:54:07.931+0000] {logging_mixin.py:190} INFO - ('***', 'pg_catalog', 'pg_description', 'BASE TABLE', None, None, None, None, None, 'YES', 'NO', None)
[2025-02-01T08:54:07.931+0000] {logging_mixin.py:190} INFO - ('***', 'pg_catalog', 'pg_cast', 'BASE TABLE', None, None, None, None, None, 'YES', 'NO', None)
[2025-02-01T08:54:07.931+0000] {logging_mixin.py:190} INFO - ('***', 'pg_catalog', 'pg_stat_progress_cluster', 'VIEW', None, None, None, None, None, 'NO', 'NO', None)
[2025-02-01T08:54:07.931+0000] {logging_mixin.py:190} INFO - ('***', 'pg_catalog', 'pg_stat_progress_create_index', 'VIEW', None, None, None, None, None, 'NO', 'NO', None)
[2025-02-01T08:54:07.932+0000] {logging_mixin.py:190} INFO - ('***', 'pg_catalog', 'pg_stat_progress_basebackup', 'VIEW', None, None, None, None, None, 'NO', 'NO', None)
[2025-02-01T08:54:07.932+0000] {logging_mixin.py:190} INFO - ('***', 'pg_catalog', 'pg_user_mappings', 'VIEW', None, None, None, None, None, 'NO', 'NO', None)
[2025-02-01T08:54:07.932+0000] {logging_mixin.py:190} INFO - ('***', 'pg_catalog', 'pg_enum', 'BASE TABLE', None, None, None, None, None, 'YES', 'NO', None)
[2025-02-01T08:54:07.933+0000] {logging_mixin.py:190} INFO - ('***', 'pg_catalog', 'pg_namespace', 'BASE TABLE', None, None, None, None, None, 'YES', 'NO', None)
[2025-02-01T08:54:07.933+0000] {logging_mixin.py:190} INFO - ('***', 'pg_catalog', 'pg_conversion', 'BASE TABLE', None, None, None, None, None, 'YES', 'NO', None)
[2025-02-01T08:54:07.934+0000] {logging_mixin.py:190} INFO - ('***', 'pg_catalog', 'pg_depend', 'BASE TABLE', None, None, None, None, None, 'YES', 'NO', None)
[2025-02-01T08:54:07.934+0000] {logging_mixin.py:190} INFO - ('***', 'pg_catalog', 'pg_database', 'BASE TABLE', None, None, None, None, None, 'YES', 'NO', None)
[2025-02-01T08:54:07.934+0000] {logging_mixin.py:190} INFO - ('***', 'pg_catalog', 'pg_db_role_setting', 'BASE TABLE', None, None, None, None, None, 'YES', 'NO', None)
[2025-02-01T08:54:07.934+0000] {logging_mixin.py:190} INFO - ('***', 'pg_catalog', 'pg_tablespace', 'BASE TABLE', None, None, None, None, None, 'YES', 'NO', None)
[2025-02-01T08:54:07.935+0000] {logging_mixin.py:190} INFO - ('***', 'pg_catalog', 'pg_auth_members', 'BASE TABLE', None, None, None, None, None, 'YES', 'NO', None)
[2025-02-01T08:54:07.935+0000] {logging_mixin.py:190} INFO - ('***', 'pg_catalog', 'pg_shdepend', 'BASE TABLE', None, None, None, None, None, 'YES', 'NO', None)
[2025-02-01T08:54:07.935+0000] {logging_mixin.py:190} INFO - ('***', 'pg_catalog', 'pg_shdescription', 'BASE TABLE', None, None, None, None, None, 'YES', 'NO', None)
[2025-02-01T08:54:07.935+0000] {logging_mixin.py:190} INFO - ('***', 'pg_catalog', 'pg_ts_config', 'BASE TABLE', None, None, None, None, None, 'YES', 'NO', None)
[2025-02-01T08:54:07.936+0000] {logging_mixin.py:190} INFO - ('***', 'pg_catalog', 'pg_ts_config_map', 'BASE TABLE', None, None, None, None, None, 'YES', 'NO', None)
[2025-02-01T08:54:07.936+0000] {logging_mixin.py:190} INFO - ('***', 'pg_catalog', 'pg_ts_dict', 'BASE TABLE', None, None, None, None, None, 'YES', 'NO', None)
[2025-02-01T08:54:07.936+0000] {logging_mixin.py:190} INFO - ('***', 'pg_catalog', 'pg_ts_parser', 'BASE TABLE', None, None, None, None, None, 'YES', 'NO', None)
[2025-02-01T08:54:07.936+0000] {logging_mixin.py:190} INFO - ('***', 'pg_catalog', 'pg_ts_template', 'BASE TABLE', None, None, None, None, None, 'YES', 'NO', None)
[2025-02-01T08:54:07.937+0000] {logging_mixin.py:190} INFO - ('***', 'pg_catalog', 'pg_extension', 'BASE TABLE', None, None, None, None, None, 'YES', 'NO', None)
[2025-02-01T08:54:07.937+0000] {logging_mixin.py:190} INFO - ('***', 'pg_catalog', 'pg_foreign_data_wrapper', 'BASE TABLE', None, None, None, None, None, 'YES', 'NO', None)
[2025-02-01T08:54:07.937+0000] {logging_mixin.py:190} INFO - ('***', 'pg_catalog', 'pg_foreign_server', 'BASE TABLE', None, None, None, None, None, 'YES', 'NO', None)
[2025-02-01T08:54:07.937+0000] {logging_mixin.py:190} INFO - ('***', 'pg_catalog', 'pg_policy', 'BASE TABLE', None, None, None, None, None, 'YES', 'NO', None)
[2025-02-01T08:54:07.938+0000] {logging_mixin.py:190} INFO - ('***', 'pg_catalog', 'pg_replication_origin', 'BASE TABLE', None, None, None, None, None, 'YES', 'NO', None)
[2025-02-01T08:54:07.938+0000] {logging_mixin.py:190} INFO - ('***', 'pg_catalog', 'pg_default_acl', 'BASE TABLE', None, None, None, None, None, 'YES', 'NO', None)
[2025-02-01T08:54:07.938+0000] {logging_mixin.py:190} INFO - ('***', 'pg_catalog', 'pg_init_privs', 'BASE TABLE', None, None, None, None, None, 'YES', 'NO', None)
[2025-02-01T08:54:07.938+0000] {logging_mixin.py:190} INFO - ('***', 'pg_catalog', 'pg_seclabel', 'BASE TABLE', None, None, None, None, None, 'YES', 'NO', None)
[2025-02-01T08:54:07.939+0000] {logging_mixin.py:190} INFO - ('***', 'pg_catalog', 'pg_shseclabel', 'BASE TABLE', None, None, None, None, None, 'YES', 'NO', None)
[2025-02-01T08:54:07.939+0000] {logging_mixin.py:190} INFO - ('***', 'pg_catalog', 'pg_collation', 'BASE TABLE', None, None, None, None, None, 'YES', 'NO', None)
[2025-02-01T08:54:07.939+0000] {logging_mixin.py:190} INFO - ('***', 'pg_catalog', 'pg_partitioned_table', 'BASE TABLE', None, None, None, None, None, 'YES', 'NO', None)
[2025-02-01T08:54:07.939+0000] {logging_mixin.py:190} INFO - ('***', 'pg_catalog', 'pg_range', 'BASE TABLE', None, None, None, None, None, 'YES', 'NO', None)
[2025-02-01T08:54:07.940+0000] {logging_mixin.py:190} INFO - ('***', 'pg_catalog', 'pg_transform', 'BASE TABLE', None, None, None, None, None, 'YES', 'NO', None)
[2025-02-01T08:54:07.940+0000] {logging_mixin.py:190} INFO - ('***', 'pg_catalog', 'pg_sequence', 'BASE TABLE', None, None, None, None, None, 'YES', 'NO', None)
[2025-02-01T08:54:07.940+0000] {logging_mixin.py:190} INFO - ('***', 'pg_catalog', 'pg_publication', 'BASE TABLE', None, None, None, None, None, 'YES', 'NO', None)
[2025-02-01T08:54:07.940+0000] {logging_mixin.py:190} INFO - ('***', 'pg_catalog', 'pg_publication_rel', 'BASE TABLE', None, None, None, None, None, 'YES', 'NO', None)
[2025-02-01T08:54:07.940+0000] {logging_mixin.py:190} INFO - ('***', 'pg_catalog', 'pg_subscription_rel', 'BASE TABLE', None, None, None, None, None, 'YES', 'NO', None)
[2025-02-01T08:54:07.941+0000] {logging_mixin.py:190} INFO - ('***', 'pg_catalog', 'pg_group', 'VIEW', None, None, None, None, None, 'YES', 'NO', None)
[2025-02-01T08:54:07.941+0000] {logging_mixin.py:190} INFO - ('***', 'pg_catalog', 'pg_user', 'VIEW', None, None, None, None, None, 'NO', 'NO', None)
[2025-02-01T08:54:07.941+0000] {logging_mixin.py:190} INFO - ('***', 'pg_catalog', 'pg_policies', 'VIEW', None, None, None, None, None, 'NO', 'NO', None)
[2025-02-01T08:54:07.942+0000] {logging_mixin.py:190} INFO - ('***', 'pg_catalog', 'pg_rules', 'VIEW', None, None, None, None, None, 'NO', 'NO', None)
[2025-02-01T08:54:07.942+0000] {logging_mixin.py:190} INFO - ('***', 'pg_catalog', 'pg_views', 'VIEW', None, None, None, None, None, 'NO', 'NO', None)
[2025-02-01T08:54:07.942+0000] {logging_mixin.py:190} INFO - ('***', 'pg_catalog', 'pg_tables', 'VIEW', None, None, None, None, None, 'NO', 'NO', None)
[2025-02-01T08:54:07.942+0000] {logging_mixin.py:190} INFO - ('***', 'pg_catalog', 'pg_matviews', 'VIEW', None, None, None, None, None, 'NO', 'NO', None)
[2025-02-01T08:54:07.943+0000] {logging_mixin.py:190} INFO - ('***', 'pg_catalog', 'pg_indexes', 'VIEW', None, None, None, None, None, 'NO', 'NO', None)
[2025-02-01T08:54:07.943+0000] {logging_mixin.py:190} INFO - ('***', 'pg_catalog', 'pg_sequences', 'VIEW', None, None, None, None, None, 'NO', 'NO', None)
[2025-02-01T08:54:07.943+0000] {logging_mixin.py:190} INFO - ('***', 'pg_catalog', 'pg_stats', 'VIEW', None, None, None, None, None, 'NO', 'NO', None)
[2025-02-01T08:54:07.943+0000] {logging_mixin.py:190} INFO - ('***', 'pg_catalog', 'pg_stats_ext', 'VIEW', None, None, None, None, None, 'NO', 'NO', None)
[2025-02-01T08:54:07.944+0000] {logging_mixin.py:190} INFO - ('***', 'pg_catalog', 'pg_publication_tables', 'VIEW', None, None, None, None, None, 'NO', 'NO', None)
[2025-02-01T08:54:07.944+0000] {logging_mixin.py:190} INFO - ('***', 'pg_catalog', 'pg_locks', 'VIEW', None, None, None, None, None, 'NO', 'NO', None)
[2025-02-01T08:54:07.944+0000] {logging_mixin.py:190} INFO - ('***', 'pg_catalog', 'pg_cursors', 'VIEW', None, None, None, None, None, 'NO', 'NO', None)
[2025-02-01T08:54:07.944+0000] {logging_mixin.py:190} INFO - ('***', 'pg_catalog', 'pg_available_extensions', 'VIEW', None, None, None, None, None, 'NO', 'NO', None)
[2025-02-01T08:54:07.944+0000] {logging_mixin.py:190} INFO - ('***', 'pg_catalog', 'pg_available_extension_versions', 'VIEW', None, None, None, None, None, 'NO', 'NO', None)
[2025-02-01T08:54:07.945+0000] {logging_mixin.py:190} INFO - ('***', 'pg_catalog', 'pg_prepared_xacts', 'VIEW', None, None, None, None, None, 'NO', 'NO', None)
[2025-02-01T08:54:07.945+0000] {logging_mixin.py:190} INFO - ('***', 'pg_catalog', 'pg_seclabels', 'VIEW', None, None, None, None, None, 'NO', 'NO', None)
[2025-02-01T08:54:07.945+0000] {logging_mixin.py:190} INFO - ('***', 'pg_catalog', 'pg_statio_user_tables', 'VIEW', None, None, None, None, None, 'NO', 'NO', None)
[2025-02-01T08:54:07.945+0000] {logging_mixin.py:190} INFO - ('***', 'pg_catalog', 'pg_stat_all_indexes', 'VIEW', None, None, None, None, None, 'NO', 'NO', None)
[2025-02-01T08:54:07.945+0000] {logging_mixin.py:190} INFO - ('***', 'pg_catalog', 'pg_timezone_abbrevs', 'VIEW', None, None, None, None, None, 'NO', 'NO', None)
[2025-02-01T08:54:07.945+0000] {logging_mixin.py:190} INFO - ('***', 'pg_catalog', 'pg_timezone_names', 'VIEW', None, None, None, None, None, 'NO', 'NO', None)
[2025-02-01T08:54:07.946+0000] {logging_mixin.py:190} INFO - ('***', 'pg_catalog', 'pg_stat_sys_indexes', 'VIEW', None, None, None, None, None, 'NO', 'NO', None)
[2025-02-01T08:54:07.946+0000] {logging_mixin.py:190} INFO - ('***', 'pg_catalog', 'pg_stat_all_tables', 'VIEW', None, None, None, None, None, 'NO', 'NO', None)
[2025-02-01T08:54:07.946+0000] {logging_mixin.py:190} INFO - ('***', 'pg_catalog', 'pg_stat_xact_all_tables', 'VIEW', None, None, None, None, None, 'NO', 'NO', None)
[2025-02-01T08:54:07.946+0000] {logging_mixin.py:190} INFO - ('***', 'pg_catalog', 'pg_stat_sys_tables', 'VIEW', None, None, None, None, None, 'NO', 'NO', None)
[2025-02-01T08:54:07.947+0000] {logging_mixin.py:190} INFO - ('***', 'pg_catalog', 'pg_stat_xact_sys_tables', 'VIEW', None, None, None, None, None, 'NO', 'NO', None)
[2025-02-01T08:54:07.947+0000] {logging_mixin.py:190} INFO - ('***', 'pg_catalog', 'pg_stat_user_tables', 'VIEW', None, None, None, None, None, 'NO', 'NO', None)
[2025-02-01T08:54:07.947+0000] {logging_mixin.py:190} INFO - ('***', 'pg_catalog', 'pg_stat_xact_user_tables', 'VIEW', None, None, None, None, None, 'NO', 'NO', None)
[2025-02-01T08:54:07.947+0000] {logging_mixin.py:190} INFO - ('***', 'pg_catalog', 'pg_statio_all_tables', 'VIEW', None, None, None, None, None, 'NO', 'NO', None)
[2025-02-01T08:54:07.948+0000] {logging_mixin.py:190} INFO - ('***', 'pg_catalog', 'pg_statio_sys_tables', 'VIEW', None, None, None, None, None, 'NO', 'NO', None)
[2025-02-01T08:54:07.948+0000] {logging_mixin.py:190} INFO - ('***', 'pg_catalog', 'pg_stat_user_indexes', 'VIEW', None, None, None, None, None, 'NO', 'NO', None)
[2025-02-01T08:54:07.948+0000] {logging_mixin.py:190} INFO - ('***', 'pg_catalog', 'pg_statio_all_indexes', 'VIEW', None, None, None, None, None, 'NO', 'NO', None)
[2025-02-01T08:54:07.948+0000] {logging_mixin.py:190} INFO - ('***', 'pg_catalog', 'pg_statio_sys_indexes', 'VIEW', None, None, None, None, None, 'NO', 'NO', None)
[2025-02-01T08:54:07.949+0000] {logging_mixin.py:190} INFO - ('***', 'pg_catalog', 'pg_statio_user_indexes', 'VIEW', None, None, None, None, None, 'NO', 'NO', None)
[2025-02-01T08:54:07.949+0000] {logging_mixin.py:190} INFO - ('***', 'pg_catalog', 'pg_statio_all_sequences', 'VIEW', None, None, None, None, None, 'NO', 'NO', None)
[2025-02-01T08:54:07.949+0000] {logging_mixin.py:190} INFO - ('***', 'pg_catalog', 'pg_statio_sys_sequences', 'VIEW', None, None, None, None, None, 'NO', 'NO', None)
[2025-02-01T08:54:07.949+0000] {logging_mixin.py:190} INFO - ('***', 'pg_catalog', 'pg_statio_user_sequences', 'VIEW', None, None, None, None, None, 'NO', 'NO', None)
[2025-02-01T08:54:07.949+0000] {logging_mixin.py:190} INFO - ('***', 'pg_catalog', 'pg_stat_activity', 'VIEW', None, None, None, None, None, 'NO', 'NO', None)
[2025-02-01T08:54:07.950+0000] {logging_mixin.py:190} INFO - ('***', 'pg_catalog', 'pg_stat_replication', 'VIEW', None, None, None, None, None, 'NO', 'NO', None)
[2025-02-01T08:54:07.950+0000] {logging_mixin.py:190} INFO - ('***', 'pg_catalog', 'pg_stat_slru', 'VIEW', None, None, None, None, None, 'NO', 'NO', None)
[2025-02-01T08:54:07.950+0000] {logging_mixin.py:190} INFO - ('***', 'pg_catalog', 'pg_stat_wal_receiver', 'VIEW', None, None, None, None, None, 'NO', 'NO', None)
[2025-02-01T08:54:07.950+0000] {logging_mixin.py:190} INFO - ('***', 'pg_catalog', 'pg_stat_subscription', 'VIEW', None, None, None, None, None, 'NO', 'NO', None)
[2025-02-01T08:54:07.950+0000] {logging_mixin.py:190} INFO - ('***', 'pg_catalog', 'pg_stat_ssl', 'VIEW', None, None, None, None, None, 'NO', 'NO', None)
[2025-02-01T08:54:07.951+0000] {logging_mixin.py:190} INFO - ('***', 'pg_catalog', 'pg_stat_gssapi', 'VIEW', None, None, None, None, None, 'NO', 'NO', None)
[2025-02-01T08:54:07.951+0000] {logging_mixin.py:190} INFO - ('***', 'pg_catalog', 'pg_replication_slots', 'VIEW', None, None, None, None, None, 'NO', 'NO', None)
[2025-02-01T08:54:07.951+0000] {logging_mixin.py:190} INFO - ('***', 'pg_catalog', 'pg_stat_database', 'VIEW', None, None, None, None, None, 'NO', 'NO', None)
[2025-02-01T08:54:07.951+0000] {logging_mixin.py:190} INFO - ('***', 'pg_catalog', 'pg_stat_database_conflicts', 'VIEW', None, None, None, None, None, 'YES', 'NO', None)
[2025-02-01T08:54:07.951+0000] {logging_mixin.py:190} INFO - ('***', 'pg_catalog', 'pg_stat_user_functions', 'VIEW', None, None, None, None, None, 'NO', 'NO', None)
[2025-02-01T08:54:07.951+0000] {logging_mixin.py:190} INFO - ('***', 'pg_catalog', 'pg_stat_xact_user_functions', 'VIEW', None, None, None, None, None, 'NO', 'NO', None)
[2025-02-01T08:54:07.952+0000] {logging_mixin.py:190} INFO - ('***', 'pg_catalog', 'pg_stat_archiver', 'VIEW', None, None, None, None, None, 'NO', 'NO', None)
[2025-02-01T08:54:07.952+0000] {logging_mixin.py:190} INFO - ('***', 'pg_catalog', 'pg_stat_bgwriter', 'VIEW', None, None, None, None, None, 'NO', 'NO', None)
[2025-02-01T08:54:07.952+0000] {logging_mixin.py:190} INFO - ('***', 'pg_catalog', 'pg_stat_progress_analyze', 'VIEW', None, None, None, None, None, 'NO', 'NO', None)
[2025-02-01T08:54:07.952+0000] {logging_mixin.py:190} INFO - ('***', 'information_schema', 'columns', 'VIEW', None, None, None, None, None, 'NO', 'NO', None)
[2025-02-01T08:54:07.952+0000] {logging_mixin.py:190} INFO - ('***', 'information_schema', 'information_schema_catalog_name', 'VIEW', None, None, None, None, None, 'NO', 'NO', None)
[2025-02-01T08:54:07.953+0000] {logging_mixin.py:190} INFO - ('***', 'information_schema', 'collations', 'VIEW', None, None, None, None, None, 'NO', 'NO', None)
[2025-02-01T08:54:07.953+0000] {logging_mixin.py:190} INFO - ('***', 'information_schema', 'applicable_roles', 'VIEW', None, None, None, None, None, 'NO', 'NO', None)
[2025-02-01T08:54:07.953+0000] {logging_mixin.py:190} INFO - ('***', 'information_schema', 'administrable_role_authorizations', 'VIEW', None, None, None, None, None, 'NO', 'NO', None)
[2025-02-01T08:54:07.953+0000] {logging_mixin.py:190} INFO - ('***', 'information_schema', 'column_privileges', 'VIEW', None, None, None, None, None, 'NO', 'NO', None)
[2025-02-01T08:54:07.953+0000] {logging_mixin.py:190} INFO - ('***', 'information_schema', 'attributes', 'VIEW', None, None, None, None, None, 'NO', 'NO', None)
[2025-02-01T08:54:07.953+0000] {logging_mixin.py:190} INFO - ('***', 'information_schema', 'collation_character_set_applicability', 'VIEW', None, None, None, None, None, 'NO', 'NO', None)
[2025-02-01T08:54:07.954+0000] {logging_mixin.py:190} INFO - ('***', 'information_schema', 'character_sets', 'VIEW', None, None, None, None, None, 'NO', 'NO', None)
[2025-02-01T08:54:07.954+0000] {logging_mixin.py:190} INFO - ('***', 'information_schema', 'check_constraint_routine_usage', 'VIEW', None, None, None, None, None, 'NO', 'NO', None)
[2025-02-01T08:54:07.954+0000] {logging_mixin.py:190} INFO - ('***', 'information_schema', 'check_constraints', 'VIEW', None, None, None, None, None, 'NO', 'NO', None)
[2025-02-01T08:54:07.954+0000] {logging_mixin.py:190} INFO - ('***', 'information_schema', 'column_column_usage', 'VIEW', None, None, None, None, None, 'NO', 'NO', None)
[2025-02-01T08:54:07.955+0000] {logging_mixin.py:190} INFO - ('***', 'information_schema', 'column_domain_usage', 'VIEW', None, None, None, None, None, 'NO', 'NO', None)
[2025-02-01T08:54:07.955+0000] {logging_mixin.py:190} INFO - ('***', 'information_schema', 'column_udt_usage', 'VIEW', None, None, None, None, None, 'NO', 'NO', None)
[2025-02-01T08:54:07.956+0000] {logging_mixin.py:190} INFO - ('***', 'information_schema', 'constraint_column_usage', 'VIEW', None, None, None, None, None, 'NO', 'NO', None)
[2025-02-01T08:54:07.956+0000] {logging_mixin.py:190} INFO - ('***', 'information_schema', 'constraint_table_usage', 'VIEW', None, None, None, None, None, 'NO', 'NO', None)
[2025-02-01T08:54:07.956+0000] {logging_mixin.py:190} INFO - ('***', 'information_schema', 'domain_constraints', 'VIEW', None, None, None, None, None, 'NO', 'NO', None)
[2025-02-01T08:54:07.956+0000] {logging_mixin.py:190} INFO - ('***', 'information_schema', 'domain_udt_usage', 'VIEW', None, None, None, None, None, 'NO', 'NO', None)
[2025-02-01T08:54:07.957+0000] {logging_mixin.py:190} INFO - ('***', 'information_schema', 'domains', 'VIEW', None, None, None, None, None, 'NO', 'NO', None)
[2025-02-01T08:54:07.957+0000] {logging_mixin.py:190} INFO - ('***', 'information_schema', 'enabled_roles', 'VIEW', None, None, None, None, None, 'NO', 'NO', None)
[2025-02-01T08:54:07.957+0000] {logging_mixin.py:190} INFO - ('***', 'information_schema', 'sql_implementation_info', 'BASE TABLE', None, None, None, None, None, 'YES', 'NO', None)
[2025-02-01T08:54:07.957+0000] {logging_mixin.py:190} INFO - ('***', 'information_schema', 'key_column_usage', 'VIEW', None, None, None, None, None, 'NO', 'NO', None)
[2025-02-01T08:54:07.958+0000] {logging_mixin.py:190} INFO - ('***', 'information_schema', 'parameters', 'VIEW', None, None, None, None, None, 'NO', 'NO', None)
[2025-02-01T08:54:07.958+0000] {logging_mixin.py:190} INFO - ('***', 'information_schema', 'referential_constraints', 'VIEW', None, None, None, None, None, 'NO', 'NO', None)
[2025-02-01T08:54:07.958+0000] {logging_mixin.py:190} INFO - ('***', 'information_schema', 'role_column_grants', 'VIEW', None, None, None, None, None, 'NO', 'NO', None)
[2025-02-01T08:54:07.958+0000] {logging_mixin.py:190} INFO - ('***', 'information_schema', 'sql_parts', 'BASE TABLE', None, None, None, None, None, 'YES', 'NO', None)
[2025-02-01T08:54:07.958+0000] {logging_mixin.py:190} INFO - ('***', 'information_schema', 'routine_privileges', 'VIEW', None, None, None, None, None, 'NO', 'NO', None)
[2025-02-01T08:54:07.959+0000] {logging_mixin.py:190} INFO - ('***', 'information_schema', 'role_routine_grants', 'VIEW', None, None, None, None, None, 'NO', 'NO', None)
[2025-02-01T08:54:07.959+0000] {logging_mixin.py:190} INFO - ('***', 'information_schema', 'routines', 'VIEW', None, None, None, None, None, 'NO', 'NO', None)
[2025-02-01T08:54:07.959+0000] {logging_mixin.py:190} INFO - ('***', 'information_schema', 'schemata', 'VIEW', None, None, None, None, None, 'NO', 'NO', None)
[2025-02-01T08:54:07.959+0000] {logging_mixin.py:190} INFO - ('***', 'information_schema', 'tables', 'VIEW', None, None, None, None, None, 'NO', 'NO', None)
[2025-02-01T08:54:07.960+0000] {logging_mixin.py:190} INFO - ('***', 'information_schema', 'sequences', 'VIEW', None, None, None, None, None, 'NO', 'NO', None)
[2025-02-01T08:54:07.960+0000] {logging_mixin.py:190} INFO - ('***', 'information_schema', 'sql_sizing', 'BASE TABLE', None, None, None, None, None, 'YES', 'NO', None)
[2025-02-01T08:54:07.960+0000] {logging_mixin.py:190} INFO - ('***', 'information_schema', 'sql_features', 'BASE TABLE', None, None, None, None, None, 'YES', 'NO', None)
[2025-02-01T08:54:07.960+0000] {logging_mixin.py:190} INFO - ('***', 'information_schema', 'table_constraints', 'VIEW', None, None, None, None, None, 'NO', 'NO', None)
[2025-02-01T08:54:07.961+0000] {logging_mixin.py:190} INFO - ('***', 'information_schema', 'transforms', 'VIEW', None, None, None, None, None, 'NO', 'NO', None)
[2025-02-01T08:54:07.961+0000] {logging_mixin.py:190} INFO - ('***', 'information_schema', 'table_privileges', 'VIEW', None, None, None, None, None, 'NO', 'NO', None)
[2025-02-01T08:54:07.961+0000] {logging_mixin.py:190} INFO - ('***', 'information_schema', 'role_table_grants', 'VIEW', None, None, None, None, None, 'NO', 'NO', None)
[2025-02-01T08:54:07.962+0000] {logging_mixin.py:190} INFO - ('***', 'information_schema', 'udt_privileges', 'VIEW', None, None, None, None, None, 'NO', 'NO', None)
[2025-02-01T08:54:07.962+0000] {logging_mixin.py:190} INFO - ('***', 'information_schema', 'triggered_update_columns', 'VIEW', None, None, None, None, None, 'NO', 'NO', None)
[2025-02-01T08:54:07.962+0000] {logging_mixin.py:190} INFO - ('***', 'information_schema', 'triggers', 'VIEW', None, None, None, None, None, 'NO', 'NO', None)
[2025-02-01T08:54:07.963+0000] {logging_mixin.py:190} INFO - ('***', 'information_schema', 'usage_privileges', 'VIEW', None, None, None, None, None, 'NO', 'NO', None)
[2025-02-01T08:54:07.963+0000] {logging_mixin.py:190} INFO - ('***', 'information_schema', 'role_udt_grants', 'VIEW', None, None, None, None, None, 'NO', 'NO', None)
[2025-02-01T08:54:07.963+0000] {logging_mixin.py:190} INFO - ('***', 'information_schema', 'role_usage_grants', 'VIEW', None, None, None, None, None, 'NO', 'NO', None)
[2025-02-01T08:54:07.963+0000] {logging_mixin.py:190} INFO - ('***', 'information_schema', 'user_defined_types', 'VIEW', None, None, None, None, None, 'NO', 'NO', None)
[2025-02-01T08:54:07.964+0000] {logging_mixin.py:190} INFO - ('***', 'information_schema', 'view_column_usage', 'VIEW', None, None, None, None, None, 'NO', 'NO', None)
[2025-02-01T08:54:07.964+0000] {logging_mixin.py:190} INFO - ('***', 'information_schema', 'view_routine_usage', 'VIEW', None, None, None, None, None, 'NO', 'NO', None)
[2025-02-01T08:54:07.964+0000] {logging_mixin.py:190} INFO - ('***', 'public', 'sla_miss', 'BASE TABLE', None, None, None, None, None, 'YES', 'NO', None)
[2025-02-01T08:54:07.965+0000] {logging_mixin.py:190} INFO - ('***', 'information_schema', 'view_table_usage', 'VIEW', None, None, None, None, None, 'NO', 'NO', None)
[2025-02-01T08:54:07.965+0000] {logging_mixin.py:190} INFO - ('***', 'information_schema', 'foreign_tables', 'VIEW', None, None, None, None, None, 'NO', 'NO', None)
[2025-02-01T08:54:07.965+0000] {logging_mixin.py:190} INFO - ('***', 'information_schema', 'views', 'VIEW', None, None, None, None, None, 'NO', 'NO', None)
[2025-02-01T08:54:07.965+0000] {logging_mixin.py:190} INFO - ('***', 'information_schema', 'data_type_privileges', 'VIEW', None, None, None, None, None, 'NO', 'NO', None)
[2025-02-01T08:54:07.966+0000] {logging_mixin.py:190} INFO - ('***', 'information_schema', '_pg_user_mappings', 'VIEW', None, None, None, None, None, 'NO', 'NO', None)
[2025-02-01T08:54:07.966+0000] {logging_mixin.py:190} INFO - ('***', 'information_schema', 'element_types', 'VIEW', None, None, None, None, None, 'NO', 'NO', None)
[2025-02-01T08:54:07.966+0000] {logging_mixin.py:190} INFO - ('***', 'information_schema', '_pg_foreign_table_columns', 'VIEW', None, None, None, None, None, 'NO', 'NO', None)
[2025-02-01T08:54:07.966+0000] {logging_mixin.py:190} INFO - ('***', 'information_schema', 'column_options', 'VIEW', None, None, None, None, None, 'NO', 'NO', None)
[2025-02-01T08:54:07.967+0000] {logging_mixin.py:190} INFO - ('***', 'information_schema', '_pg_foreign_data_wrappers', 'VIEW', None, None, None, None, None, 'NO', 'NO', None)
[2025-02-01T08:54:07.967+0000] {logging_mixin.py:190} INFO - ('***', 'information_schema', 'foreign_data_wrapper_options', 'VIEW', None, None, None, None, None, 'NO', 'NO', None)
[2025-02-01T08:54:07.967+0000] {logging_mixin.py:190} INFO - ('***', 'information_schema', 'user_mapping_options', 'VIEW', None, None, None, None, None, 'NO', 'NO', None)
[2025-02-01T08:54:07.967+0000] {logging_mixin.py:190} INFO - ('***', 'information_schema', 'foreign_data_wrappers', 'VIEW', None, None, None, None, None, 'NO', 'NO', None)
[2025-02-01T08:54:07.968+0000] {logging_mixin.py:190} INFO - ('***', 'information_schema', '_pg_foreign_servers', 'VIEW', None, None, None, None, None, 'NO', 'NO', None)
[2025-02-01T08:54:07.968+0000] {logging_mixin.py:190} INFO - ('***', 'information_schema', 'foreign_server_options', 'VIEW', None, None, None, None, None, 'NO', 'NO', None)
[2025-02-01T08:54:07.968+0000] {logging_mixin.py:190} INFO - ('***', 'information_schema', 'foreign_servers', 'VIEW', None, None, None, None, None, 'NO', 'NO', None)
[2025-02-01T08:54:07.968+0000] {logging_mixin.py:190} INFO - ('***', 'information_schema', '_pg_foreign_tables', 'VIEW', None, None, None, None, None, 'NO', 'NO', None)
[2025-02-01T08:54:07.969+0000] {logging_mixin.py:190} INFO - ('***', 'information_schema', 'user_mappings', 'VIEW', None, None, None, None, None, 'NO', 'NO', None)
[2025-02-01T08:54:07.969+0000] {logging_mixin.py:190} INFO - ('***', 'information_schema', 'foreign_table_options', 'VIEW', None, None, None, None, None, 'NO', 'NO', None)
[2025-02-01T08:54:07.969+0000] {logging_mixin.py:190} INFO - ('***', 'public', 'variable', 'BASE TABLE', None, None, None, None, None, 'YES', 'NO', None)
[2025-02-01T08:54:07.969+0000] {logging_mixin.py:190} INFO - ('***', 'public', 'import_error', 'BASE TABLE', None, None, None, None, None, 'YES', 'NO', None)
[2025-02-01T08:54:07.970+0000] {logging_mixin.py:190} INFO - ('***', 'public', 'serialized_dag', 'BASE TABLE', None, None, None, None, None, 'YES', 'NO', None)
[2025-02-01T08:54:07.970+0000] {logging_mixin.py:190} INFO - ('***', 'public', 'dataset_alias', 'BASE TABLE', None, None, None, None, None, 'YES', 'NO', None)
[2025-02-01T08:54:07.970+0000] {logging_mixin.py:190} INFO - ('***', 'public', 'dataset_alias_dataset', 'BASE TABLE', None, None, None, None, None, 'YES', 'NO', None)
[2025-02-01T08:54:07.970+0000] {logging_mixin.py:190} INFO - ('***', 'public', 'dataset', 'BASE TABLE', None, None, None, None, None, 'YES', 'NO', None)
[2025-02-01T08:54:07.970+0000] {logging_mixin.py:190} INFO - ('***', 'public', 'dataset_alias_dataset_event', 'BASE TABLE', None, None, None, None, None, 'YES', 'NO', None)
[2025-02-01T08:54:07.970+0000] {logging_mixin.py:190} INFO - ('***', 'public', 'dataset_event', 'BASE TABLE', None, None, None, None, None, 'YES', 'NO', None)
[2025-02-01T08:54:07.971+0000] {logging_mixin.py:190} INFO - ('***', 'public', 'dag_schedule_dataset_alias_reference', 'BASE TABLE', None, None, None, None, None, 'YES', 'NO', None)
[2025-02-01T08:54:07.971+0000] {logging_mixin.py:190} INFO - ('***', 'public', 'dag', 'BASE TABLE', None, None, None, None, None, 'YES', 'NO', None)
[2025-02-01T08:54:07.971+0000] {logging_mixin.py:190} INFO - ('***', 'public', 'dag_schedule_dataset_reference', 'BASE TABLE', None, None, None, None, None, 'YES', 'NO', None)
[2025-02-01T08:54:07.971+0000] {logging_mixin.py:190} INFO - ('***', 'public', 'task_outlet_dataset_reference', 'BASE TABLE', None, None, None, None, None, 'YES', 'NO', None)
[2025-02-01T08:54:07.971+0000] {logging_mixin.py:190} INFO - ('***', 'public', 'dataset_dag_run_queue', 'BASE TABLE', None, None, None, None, None, 'YES', 'NO', None)
[2025-02-01T08:54:07.972+0000] {logging_mixin.py:190} INFO - ('***', 'public', 'log_template', 'BASE TABLE', None, None, None, None, None, 'YES', 'NO', None)
[2025-02-01T08:54:07.972+0000] {logging_mixin.py:190} INFO - ('***', 'public', 'dag_run', 'BASE TABLE', None, None, None, None, None, 'YES', 'NO', None)
[2025-02-01T08:54:07.972+0000] {logging_mixin.py:190} INFO - ('***', 'public', 'dag_tag', 'BASE TABLE', None, None, None, None, None, 'YES', 'NO', None)
[2025-02-01T08:54:07.972+0000] {logging_mixin.py:190} INFO - ('***', 'public', 'dag_owner_attributes', 'BASE TABLE', None, None, None, None, None, 'YES', 'NO', None)
[2025-02-01T08:54:07.972+0000] {logging_mixin.py:190} INFO - ('***', 'public', 'ab_permission', 'BASE TABLE', None, None, None, None, None, 'YES', 'NO', None)
[2025-02-01T08:54:07.972+0000] {logging_mixin.py:190} INFO - ('***', 'public', 'ab_permission_view', 'BASE TABLE', None, None, None, None, None, 'YES', 'NO', None)
[2025-02-01T08:54:07.973+0000] {logging_mixin.py:190} INFO - ('***', 'public', 'ab_view_menu', 'BASE TABLE', None, None, None, None, None, 'YES', 'NO', None)
[2025-02-01T08:54:07.973+0000] {logging_mixin.py:190} INFO - ('***', 'public', 'ab_user_role', 'BASE TABLE', None, None, None, None, None, 'YES', 'NO', None)
[2025-02-01T08:54:07.973+0000] {logging_mixin.py:190} INFO - ('***', 'public', 'ab_role', 'BASE TABLE', None, None, None, None, None, 'YES', 'NO', None)
[2025-02-01T08:54:07.973+0000] {logging_mixin.py:190} INFO - ('***', 'public', 'dag_warning', 'BASE TABLE', None, None, None, None, None, 'YES', 'NO', None)
[2025-02-01T08:54:07.973+0000] {logging_mixin.py:190} INFO - ('***', 'public', 'dagrun_dataset_event', 'BASE TABLE', None, None, None, None, None, 'YES', 'NO', None)
[2025-02-01T08:54:07.974+0000] {logging_mixin.py:190} INFO - ('***', 'public', 'trigger', 'BASE TABLE', None, None, None, None, None, 'YES', 'NO', None)
[2025-02-01T08:54:07.974+0000] {logging_mixin.py:190} INFO - ('***', 'public', 'task_instance', 'BASE TABLE', None, None, None, None, None, 'YES', 'NO', None)
[2025-02-01T08:54:07.974+0000] {logging_mixin.py:190} INFO - ('***', 'public', 'dag_run_note', 'BASE TABLE', None, None, None, None, None, 'YES', 'NO', None)
[2025-02-01T08:54:07.974+0000] {logging_mixin.py:190} INFO - ('***', 'public', 'ab_permission_view_role', 'BASE TABLE', None, None, None, None, None, 'YES', 'NO', None)
[2025-02-01T08:54:07.974+0000] {logging_mixin.py:190} INFO - ('***', 'public', 'rendered_task_instance_fields', 'BASE TABLE', None, None, None, None, None, 'YES', 'NO', None)
[2025-02-01T08:54:07.975+0000] {logging_mixin.py:190} INFO - ('***', 'public', 'task_fail', 'BASE TABLE', None, None, None, None, None, 'YES', 'NO', None)
[2025-02-01T08:54:07.975+0000] {logging_mixin.py:190} INFO - ('***', 'public', 'task_map', 'BASE TABLE', None, None, None, None, None, 'YES', 'NO', None)
[2025-02-01T08:54:07.975+0000] {logging_mixin.py:190} INFO - ('***', 'public', 'task_reschedule', 'BASE TABLE', None, None, None, None, None, 'YES', 'NO', None)
[2025-02-01T08:54:07.975+0000] {logging_mixin.py:190} INFO - ('***', 'public', 'xcom', 'BASE TABLE', None, None, None, None, None, 'YES', 'NO', None)
[2025-02-01T08:54:07.975+0000] {logging_mixin.py:190} INFO - ('***', 'public', 'task_instance_note', 'BASE TABLE', None, None, None, None, None, 'YES', 'NO', None)
[2025-02-01T08:54:07.976+0000] {logging_mixin.py:190} INFO - ('***', 'public', 'task_instance_history', 'BASE TABLE', None, None, None, None, None, 'YES', 'NO', None)
[2025-02-01T08:54:07.976+0000] {logging_mixin.py:190} INFO - ('***', 'public', 'session', 'BASE TABLE', None, None, None, None, None, 'YES', 'NO', None)
[2025-02-01T08:54:07.976+0000] {logging_mixin.py:190} INFO - ('***', 'public', 'alembic_version', 'BASE TABLE', None, None, None, None, None, 'YES', 'NO', None)
[2025-02-01T08:54:07.976+0000] {python.py:240} INFO - Done. Returned value was: None
[2025-02-01T08:54:07.989+0000] {taskinstance.py:340} INFO - ::group::Post task execution logs
[2025-02-01T08:54:07.989+0000] {taskinstance.py:352} INFO - Marking task as SUCCESS. dag_id=play_with_***_connections_and_hooks, task_id=get_data, run_id=scheduled__2025-01-31T00:00:00+00:00, execution_date=20250131T000000, start_date=20250201T085407, end_date=20250201T085407
[2025-02-01T08:54:08.001+0000] {logging_mixin.py:190} INFO - Task instance in success state
[2025-02-01T08:54:08.001+0000] {logging_mixin.py:190} INFO -  Previous state of the Task instance: running
[2025-02-01T08:54:08.002+0000] {logging_mixin.py:190} INFO - Dag name:play_with_***_connections_and_hooks queued_at:2025-02-01 08:54:06.784127+00:00
[2025-02-01T08:54:08.002+0000] {logging_mixin.py:190} INFO - Task hostname:f627b4fa4044 operator:PythonOperator
[2025-02-01T08:54:08.037+0000] {local_task_job_runner.py:266} INFO - Task exited with return code 0
[2025-02-01T08:54:08.062+0000] {taskinstance.py:3895} INFO - 0 downstream tasks scheduled from follow-on schedule check
[2025-02-01T08:54:08.069+0000] {local_task_job_runner.py:245} INFO - ::endgroup::
