[2025-02-15T08:15:02.856+0000] {local_task_job_runner.py:123} INFO - ::group::Pre task execution logs
[2025-02-15T08:15:02.883+0000] {taskinstance.py:2613} INFO - Dependencies all met for dep_context=non-requeueable deps ti=<TaskInstance: weather_api_dag.get_weather_data scheduled__2025-02-12T12:00:00+00:00 [queued]>
[2025-02-15T08:15:02.907+0000] {taskinstance.py:2613} INFO - Dependencies all met for dep_context=requeueable deps ti=<TaskInstance: weather_api_dag.get_weather_data scheduled__2025-02-12T12:00:00+00:00 [queued]>
[2025-02-15T08:15:02.908+0000] {taskinstance.py:2866} INFO - Starting attempt 1 of 1
[2025-02-15T08:15:02.969+0000] {taskinstance.py:2889} INFO - Executing <Task(PythonOperator): get_weather_data> on 2025-02-12 12:00:00+00:00
[2025-02-15T08:15:03.001+0000] {standard_task_runner.py:104} INFO - Running: ['***', 'tasks', 'run', 'weather_api_dag', 'get_weather_data', 'scheduled__2025-02-12T12:00:00+00:00', '--job-id', '105', '--raw', '--subdir', 'DAGS_FOLDER/weather_api_dag.py', '--cfg-path', '/tmp/tmpc3ol0ztu']
[2025-02-15T08:15:03.006+0000] {standard_task_runner.py:105} INFO - Job 105: Subtask get_weather_data
[2025-02-15T08:15:03.016+0000] {logging_mixin.py:190} WARNING - /home/***/.local/lib/python3.12/site-packages/***/task/task_runner/standard_task_runner.py:70 DeprecationWarning: This process (pid=1466) is multi-threaded, use of fork() may lead to deadlocks in the child.
[2025-02-15T08:15:03.018+0000] {standard_task_runner.py:72} INFO - Started process 1531 to run task
[2025-02-15T08:15:03.089+0000] {task_command.py:467} INFO - Running <TaskInstance: weather_api_dag.get_weather_data scheduled__2025-02-12T12:00:00+00:00 [running]> on host 873c6cedbc19
[2025-02-15T08:15:03.250+0000] {taskinstance.py:3132} INFO - Exporting env vars: AIRFLOW_CTX_DAG_OWNER='***' AIRFLOW_CTX_DAG_ID='weather_api_dag' AIRFLOW_CTX_TASK_ID='get_weather_data' AIRFLOW_CTX_EXECUTION_DATE='2025-02-12T12:00:00+00:00' AIRFLOW_CTX_TRY_NUMBER='1' AIRFLOW_CTX_DAG_RUN_ID='scheduled__2025-02-12T12:00:00+00:00'
[2025-02-15T08:15:03.256+0000] {logging_mixin.py:190} INFO - Task instance is in running state
[2025-02-15T08:15:03.257+0000] {logging_mixin.py:190} INFO -  Previous state of the Task instance: queued
[2025-02-15T08:15:03.257+0000] {logging_mixin.py:190} INFO - Current task name:get_weather_data state:running start_date:2025-02-15 08:15:02.883985+00:00
[2025-02-15T08:15:03.257+0000] {logging_mixin.py:190} INFO - Dag name:weather_api_dag and current dag run status:running
[2025-02-15T08:15:03.257+0000] {taskinstance.py:731} INFO - ::endgroup::
[2025-02-15T08:15:03.292+0000] {logging_mixin.py:190} INFO - https://api.openweathermap.org/data/2.5/weather?q=bangkok&appid=12fae523c489871fcd8bb083f5fc0720&units=metric
[2025-02-15T08:15:03.292+0000] {logging_mixin.py:190} INFO - {'coord': {'lon': 100.5167, 'lat': 13.75}, 'weather': [{'id': 800, 'main': 'Clear', 'description': 'clear sky', 'icon': '01d'}], 'base': 'stations', 'main': {'temp': 36.88, 'feels_like': 40.57, 'temp_min': 33.94, 'temp_max': 37.75, 'pressure': 1006, 'humidity': 39, 'sea_level': 1006, 'grnd_level': 1005}, 'visibility': 10000, 'wind': {'speed': 4.3, 'deg': 186, 'gust': 2.6}, 'clouds': {'all': 6}, 'dt': 1739606634, 'sys': {'type': 2, 'id': 2093772, 'country': 'TH', 'sunrise': 1739576481, 'sunset': 1739618583}, 'timezone': 25200, 'id': 1609350, 'name': 'Bangkok', 'cod': 200}
[2025-02-15T08:15:03.293+0000] {python.py:240} INFO - Done. Returned value was: None
[2025-02-15T08:15:03.310+0000] {taskinstance.py:340} INFO - ::group::Post task execution logs
[2025-02-15T08:15:03.314+0000] {taskinstance.py:352} INFO - Marking task as SUCCESS. dag_id=weather_api_dag, task_id=get_weather_data, run_id=scheduled__2025-02-12T12:00:00+00:00, execution_date=20250212T120000, start_date=20250215T081502, end_date=20250215T081503
[2025-02-15T08:15:03.331+0000] {logging_mixin.py:190} INFO - Task instance in success state
[2025-02-15T08:15:03.333+0000] {logging_mixin.py:190} INFO -  Previous state of the Task instance: running
[2025-02-15T08:15:03.334+0000] {logging_mixin.py:190} INFO - Dag name:weather_api_dag queued_at:2025-02-15 08:14:51.372654+00:00
[2025-02-15T08:15:03.335+0000] {logging_mixin.py:190} INFO - Task hostname:873c6cedbc19 operator:PythonOperator
[2025-02-15T08:15:03.410+0000] {local_task_job_runner.py:266} INFO - Task exited with return code 0
[2025-02-15T08:15:03.424+0000] {local_task_job_runner.py:245} INFO - ::endgroup::
